2025-11-09 11:58:56.083 | INFO     | __main__:scrape_player_season_stats:543 - ================================================================================
2025-11-09 11:58:56.086 | INFO     | __main__:scrape_player_season_stats:544 - SCRAPING DE ESTADISTICAS DE JUGADORES
2025-11-09 11:58:56.087 | INFO     | __main__:scrape_player_season_stats:545 -    Temporada: 2023-24
2025-11-09 11:58:56.087 | INFO     | __main__:scrape_player_season_stats:546 -    Tipo: PLAYOFFS
2025-11-09 11:58:56.088 | INFO     | __main__:scrape_player_season_stats:547 - ================================================================================

2025-11-09 11:58:56.089 | INFO     | __main__:scrape_player_season_stats:557 - [WEB] Scrapeando estadisticas de jugadores
2025-11-09 11:58:56.089 | INFO     | __main__:scrape_player_season_stats:558 -    URL: https://www.espn.com/nba/stats/player/_/season/2024/seasontype/3
2025-11-09 11:58:56.090 | INFO     | __main__:scrape_player_season_stats:574 - [BROWSER] Iniciando navegador...
2025-11-09 11:59:02.232 | INFO     | __main__:scrape_player_season_stats:579 - [BROWSER] Navegando a la pagina...
2025-11-09 11:59:07.212 | INFO     | __main__:scrape_player_season_stats:585 - [BROWSER] Tabla encontrada
2025-11-09 11:59:08.302 | INFO     | __main__:scrape_player_season_stats:601 - [BROWSER] Haciendo clic en 'Show More' (1)...
2025-11-09 11:59:12.165 | INFO     | __main__:scrape_player_season_stats:601 - [BROWSER] Haciendo clic en 'Show More' (2)...
2025-11-09 11:59:15.836 | INFO     | __main__:scrape_player_season_stats:601 - [BROWSER] Haciendo clic en 'Show More' (3)...
2025-11-09 11:59:19.498 | INFO     | __main__:scrape_player_season_stats:601 - [BROWSER] Haciendo clic en 'Show More' (4)...
2025-11-09 11:59:23.182 | INFO     | __main__:scrape_player_season_stats:615 - [BROWSER] No hay mas boton 'Show More'
2025-11-09 11:59:23.187 | INFO     | __main__:scrape_player_season_stats:618 - [BROWSER] Clicks en 'Show More': 4
2025-11-09 11:59:25.803 | INFO     | __main__:parse_all_player_stats:229 -    [DATA] Columnas detectadas: 22
2025-11-09 11:59:25.848 | INFO     | __main__:parse_all_player_stats:294 -    [DATA] 214 jugadores parseados con 22 estadisticas
2025-11-09 11:59:25.853 | INFO     | __main__:scrape_player_season_stats:636 - [OK] 214 jugadores extraidos con todas sus estadisticas
2025-11-09 11:59:25.854 | INFO     | __main__:save_season_data_unified:491 - 
[SAVE] Guardando datos en data\raw\player_stats\2023-24_playoffs/
2025-11-09 11:59:25.865 | INFO     | __main__:save_season_data_unified:496 -    [OK] all_stats.csv - 214 jugadores, 28 columnas
2025-11-09 11:59:25.865 | INFO     | __main__:save_season_data_unified:500 - [OK] Datos guardados exitosamente

2025-11-09 11:59:25.866 | INFO     | __main__:scrape_player_season_stats:642 - ================================================================================
2025-11-09 11:59:25.866 | INFO     | __main__:scrape_player_season_stats:643 - RESUMEN DE SCRAPING
2025-11-09 11:59:25.869 | INFO     | __main__:scrape_player_season_stats:644 - ================================================================================
2025-11-09 11:59:25.870 | INFO     | __main__:scrape_player_season_stats:645 - 
[RESULT] Jugadores extraidos: 214
2025-11-09 11:59:25.870 | INFO     | __main__:scrape_player_season_stats:646 - [RESULT] Columnas de datos: 28
2025-11-09 11:59:25.870 | INFO     | __main__:scrape_player_season_stats:647 - [SAVE] Datos guardados en: data/raw/player_stats/2023-24_playoffs/all_stats.csv

2025-11-09 11:59:28.150 | INFO     | __main__:scrape_player_season_stats:661 - [BROWSER] Navegador cerrado
