2025-11-09 15:59:18.779 | INFO     | __main__:main:47 - ================================================================================
2025-11-09 15:59:18.780 | INFO     | __main__:main:48 - SCRAPING DE ESTADISTICAS DE EQUIPOS NBA
2025-11-09 15:59:18.780 | INFO     | __main__:main:49 -    Temporada: 2024-25
2025-11-09 15:59:18.780 | INFO     | __main__:main:50 -    Tipo: PLAYOFFS
2025-11-09 15:59:18.780 | INFO     | __main__:main:51 - ================================================================================

2025-11-09 15:59:18.783 | INFO     | espn.team_scraper:scrape_all_teams_stats:469 - ================================================================================
2025-11-09 15:59:18.783 | INFO     | espn.team_scraper:scrape_all_teams_stats:470 - SCRAPING DE ESTADISTICAS DE EQUIPOS
2025-11-09 15:59:18.784 | INFO     | espn.team_scraper:scrape_all_teams_stats:471 -    Temporada: 2024-25
2025-11-09 15:59:18.784 | INFO     | espn.team_scraper:scrape_all_teams_stats:472 -    Tipo: PLAYOFFS
2025-11-09 15:59:18.784 | INFO     | espn.team_scraper:scrape_all_teams_stats:473 - ================================================================================

2025-11-09 15:59:18.785 | INFO     | espn.team_scraper:scrape_team_stats_offensive:307 - [WEB] Scrapeando estadisticas ofensivas
2025-11-09 15:59:18.785 | INFO     | espn.team_scraper:scrape_team_stats_offensive:308 -    URL: https://www.espn.com/nba/stats/team/_/season/2025/seasontype/3
2025-11-09 15:59:18.785 | INFO     | espn.team_scraper:scrape_team_stats_offensive:324 - [BROWSER] Iniciando navegador...
2025-11-09 15:59:23.371 | INFO     | espn.team_scraper:scrape_team_stats_offensive:329 - [BROWSER] Navegando a la pagina...
2025-11-09 15:59:25.466 | INFO     | espn.team_scraper:scrape_team_stats_offensive:335 - [BROWSER] Tabla encontrada
2025-11-09 15:59:27.641 | INFO     | espn.team_scraper:parse_espn_team_table:276 -    [DATA] 16 equipos parseados
2025-11-09 15:59:27.643 | INFO     | espn.team_scraper:scrape_team_stats_offensive:357 -    [OK] 16 equipos extraidos (ofensivos)
2025-11-09 15:59:29.895 | INFO     | espn.team_scraper:scrape_team_stats_offensive:370 - [BROWSER] Navegador cerrado
2025-11-09 15:59:29.895 | INFO     | espn.team_scraper:scrape_team_stats_defensive:394 - [WEB] Scrapeando estadisticas defensivas
2025-11-09 15:59:29.895 | INFO     | espn.team_scraper:scrape_team_stats_defensive:395 -    URL: https://www.espn.com/nba/stats/team/_/view/opponent/season/2025/seasontype/3
2025-11-09 15:59:29.896 | INFO     | espn.team_scraper:scrape_team_stats_defensive:411 - [BROWSER] Iniciando navegador...
2025-11-09 15:59:34.361 | INFO     | espn.team_scraper:scrape_team_stats_defensive:416 - [BROWSER] Navegando a la pagina...
2025-11-09 15:59:38.628 | INFO     | espn.team_scraper:scrape_team_stats_defensive:422 - [BROWSER] Tabla encontrada
2025-11-09 15:59:40.794 | INFO     | espn.team_scraper:parse_espn_team_table:276 -    [DATA] 16 equipos parseados
2025-11-09 15:59:40.796 | INFO     | espn.team_scraper:scrape_team_stats_defensive:444 -    [OK] 16 equipos extraidos (defensivos)
2025-11-09 15:59:43.093 | INFO     | espn.team_scraper:scrape_team_stats_defensive:457 - [BROWSER] Navegador cerrado
2025-11-09 15:59:43.103 | INFO     | espn.team_scraper:save_team_stats_by_team:547 - 
[SAVE] Guardando datos en data\raw\team_stats\2024-25_playoffs/
2025-11-09 15:59:43.111 | INFO     | espn.team_scraper:save_team_stats_by_team:580 -    [OK] cle.csv
2025-11-09 15:59:43.117 | INFO     | espn.team_scraper:save_team_stats_by_team:580 -    [OK] okc.csv
2025-11-09 15:59:43.123 | INFO     | espn.team_scraper:save_team_stats_by_team:580 -    [OK] ind.csv
2025-11-09 15:59:43.130 | INFO     | espn.team_scraper:save_team_stats_by_team:580 -    [OK] mil.csv
2025-11-09 15:59:43.135 | INFO     | espn.team_scraper:save_team_stats_by_team:580 -    [OK] ny.csv
2025-11-09 15:59:43.142 | INFO     | espn.team_scraper:save_team_stats_by_team:580 -    [OK] min.csv
2025-11-09 15:59:43.147 | INFO     | espn.team_scraper:save_team_stats_by_team:580 -    [OK] lac.csv
2025-11-09 15:59:43.152 | INFO     | espn.team_scraper:save_team_stats_by_team:580 -    [OK] den.csv
2025-11-09 15:59:43.157 | INFO     | espn.team_scraper:save_team_stats_by_team:580 -    [OK] det.csv
2025-11-09 15:59:43.164 | INFO     | espn.team_scraper:save_team_stats_by_team:580 -    [OK] bos.csv
2025-11-09 15:59:43.171 | INFO     | espn.team_scraper:save_team_stats_by_team:580 -    [OK] hou.csv
2025-11-09 15:59:43.176 | INFO     | espn.team_scraper:save_team_stats_by_team:580 -    [OK] gs.csv
2025-11-09 15:59:43.182 | INFO     | espn.team_scraper:save_team_stats_by_team:580 -    [OK] mem.csv
2025-11-09 15:59:43.188 | INFO     | espn.team_scraper:save_team_stats_by_team:580 -    [OK] lal.csv
2025-11-09 15:59:43.193 | INFO     | espn.team_scraper:save_team_stats_by_team:580 -    [OK] mia.csv
2025-11-09 15:59:43.199 | INFO     | espn.team_scraper:save_team_stats_by_team:580 -    [OK] orl.csv
2025-11-09 15:59:43.200 | INFO     | espn.team_scraper:save_team_stats_by_team:582 - [OK] Datos guardados exitosamente

2025-11-09 15:59:43.201 | INFO     | espn.team_scraper:scrape_all_teams_stats:525 - ================================================================================
2025-11-09 15:59:43.202 | INFO     | espn.team_scraper:scrape_all_teams_stats:526 - RESUMEN DE SCRAPING
2025-11-09 15:59:43.203 | INFO     | espn.team_scraper:scrape_all_teams_stats:527 - ================================================================================
2025-11-09 15:59:43.204 | INFO     | espn.team_scraper:scrape_all_teams_stats:528 - 
[RESULT] Equipos extraidos: 16
2025-11-09 15:59:43.205 | INFO     | espn.team_scraper:scrape_all_teams_stats:529 - [RESULT] Columnas de datos: 47
2025-11-09 15:59:43.206 | INFO     | espn.team_scraper:scrape_all_teams_stats:530 - [SAVE] Datos guardados en: data/raw/team_stats/2024-25_playoffs/

2025-11-09 15:59:43.207 | INFO     | __main__:main:56 - 
================================================================================
2025-11-09 15:59:43.208 | INFO     | __main__:main:57 - SCRAPING COMPLETADO
2025-11-09 15:59:43.208 | INFO     | __main__:main:58 - ================================================================================
