2025-11-09 12:49:14.539 | INFO     | __main__:main:47 - ================================================================================
2025-11-09 12:49:14.540 | INFO     | __main__:main:48 - SCRAPING DE ESTADISTICAS DE EQUIPOS NBA
2025-11-09 12:49:14.541 | INFO     | __main__:main:49 -    Temporada: 2024-25
2025-11-09 12:49:14.541 | INFO     | __main__:main:50 -    Tipo: PLAYOFFS
2025-11-09 12:49:14.541 | INFO     | __main__:main:51 - ================================================================================

2025-11-09 12:49:14.544 | INFO     | espn.team_scraper:scrape_all_teams_stats:335 - Iniciando scraping de estadísticas para 30 equipos - Temporada: 2024-25 playoffs
2025-11-09 12:49:14.545 | INFO     | espn.team_scraper:scrape_all_teams_stats:339 - Procesando atlanta-hawks...
2025-11-09 12:49:15.656 | WARNING  | espn.team_scraper:extract_team_averages:87 - No se encontró el contenedor principal de estadísticas
2025-11-09 12:49:15.657 | INFO     | espn.team_scraper:extract_team_averages:90 - Encontradas 4 tablas
2025-11-09 12:49:15.658 | INFO     | espn.team_scraper:extract_team_averages:98 - ✅ Tabla con estadísticas de porcentajes encontrada
2025-11-09 12:49:15.660 | INFO     | espn.team_scraper:extract_team_averages:120 - Usando última fila como promedios: 14 celdas
2025-11-09 12:49:15.660 | INFO     | espn.team_scraper:parse_team_stats_row:172 - Parseando fila con 14 celdas
2025-11-09 12:49:15.661 | INFO     | espn.team_scraper:parse_team_stats_row:181 -   Celda 0: '41.8'
2025-11-09 12:49:15.661 | INFO     | espn.team_scraper:parse_team_stats_row:181 -   Celda 1: '88.3'
2025-11-09 12:49:15.661 | INFO     | espn.team_scraper:parse_team_stats_row:181 -   Celda 2: '47.3'
2025-11-09 12:49:15.662 | INFO     | espn.team_scraper:parse_team_stats_row:181 -   Celda 3: '11.2'
2025-11-09 12:49:15.662 | INFO     | espn.team_scraper:parse_team_stats_row:181 -   Celda 4: '32.8'
2025-11-09 12:49:15.663 | INFO     | espn.team_scraper:parse_team_stats_row:181 -   Celda 5: '34.1'
2025-11-09 12:49:15.663 | INFO     | espn.team_scraper:parse_team_stats_row:181 -   Celda 6: '20.4'
2025-11-09 12:49:15.664 | INFO     | espn.team_scraper:parse_team_stats_row:181 -   Celda 7: '25.9'
2025-11-09 12:49:15.664 | INFO     | espn.team_scraper:parse_team_stats_row:181 -   Celda 8: '78.8'
2025-11-09 12:49:15.664 | INFO     | espn.team_scraper:parse_team_stats_row:181 -   Celda 9: '30.6'
2025-11-09 12:49:15.665 | INFO     | espn.team_scraper:parse_team_stats_row:213 - Estadísticas parseadas: {'team_name': 'Unknown', 'season': None, 'fg_pct': 47.3, 'threep_pct': 34.1, 'ft_pct': 78.8, 'rpg': 55.1, 'apg': 1.305, 'spg': 0.54, 'bpg': 0.0, 'tpg': 0.0, 'ppg': 0.0, 'oppg': 0.0, 'net_rating': 0.0, 'FG%': 47.3, '3P%': 34.1, 'FT%': 78.8, 'REB': 55.1, 'AST': 1.305, 'STL': 0.54, 'BLK': 0.0, 'TO': 0.0, 'PF': 0.0, 'PTS': 0.0}
2025-11-09 12:49:15.665 | INFO     | espn.team_scraper:scrape_team_stats:60 - Estadísticas extraídas exitosamente para atlanta-hawks
2025-11-09 12:49:15.674 | INFO     | espn.team_scraper:save_team_stats_to_csv:287 - Estadísticas de equipo guardadas en data/raw/team_stats/2024-25_playoffs/atl.csv
2025-11-09 12:49:15.674 | INFO     | espn.team_scraper:scrape_all_teams_stats:339 - Procesando boston-celtics...
2025-11-09 12:49:16.651 | WARNING  | espn.team_scraper:extract_team_averages:87 - No se encontró el contenedor principal de estadísticas
2025-11-09 12:49:16.652 | INFO     | espn.team_scraper:extract_team_averages:90 - Encontradas 4 tablas
2025-11-09 12:49:16.653 | INFO     | espn.team_scraper:extract_team_averages:98 - ✅ Tabla con estadísticas de porcentajes encontrada
2025-11-09 12:49:16.653 | INFO     | espn.team_scraper:extract_team_averages:120 - Usando última fila como promedios: 14 celdas
2025-11-09 12:49:16.654 | INFO     | espn.team_scraper:parse_team_stats_row:172 - Parseando fila con 14 celdas
2025-11-09 12:49:16.654 | INFO     | espn.team_scraper:parse_team_stats_row:181 -   Celda 0: '42.0'
2025-11-09 12:49:16.654 | INFO     | espn.team_scraper:parse_team_stats_row:181 -   Celda 1: '94.0'
2025-11-09 12:49:16.655 | INFO     | espn.team_scraper:parse_team_stats_row:181 -   Celda 2: '44.7'
2025-11-09 12:49:16.655 | INFO     | espn.team_scraper:parse_team_stats_row:181 -   Celda 3: '14.8'
2025-11-09 12:49:16.655 | INFO     | espn.team_scraper:parse_team_stats_row:181 -   Celda 4: '46.0'
2025-11-09 12:49:16.655 | INFO     | espn.team_scraper:parse_team_stats_row:181 -   Celda 5: '32.2'
2025-11-09 12:49:16.656 | INFO     | espn.team_scraper:parse_team_stats_row:181 -   Celda 6: '14.2'
2025-11-09 12:49:16.656 | INFO     | espn.team_scraper:parse_team_stats_row:181 -   Celda 7: '18.2'
2025-11-09 12:49:16.656 | INFO     | espn.team_scraper:parse_team_stats_row:181 -   Celda 8: '78.0'
2025-11-09 12:49:16.657 | INFO     | espn.team_scraper:parse_team_stats_row:181 -   Celda 9: '27.2'
2025-11-09 12:49:16.657 | INFO     | espn.team_scraper:parse_team_stats_row:213 - Estadísticas parseadas: {'team_name': 'Unknown', 'season': None, 'fg_pct': 44.7, 'threep_pct': 32.2, 'ft_pct': 78.0, 'rpg': 56.7, 'apg': 1.202, 'spg': 0.53, 'bpg': 0.0, 'tpg': 0.0, 'ppg': 0.0, 'oppg': 0.0, 'net_rating': 0.0, 'FG%': 44.7, '3P%': 32.2, 'FT%': 78.0, 'REB': 56.7, 'AST': 1.202, 'STL': 0.53, 'BLK': 0.0, 'TO': 0.0, 'PF': 0.0, 'PTS': 0.0}
2025-11-09 12:49:16.657 | INFO     | espn.team_scraper:scrape_team_stats:60 - Estadísticas extraídas exitosamente para boston-celtics
2025-11-09 12:49:16.663 | INFO     | espn.team_scraper:save_team_stats_to_csv:287 - Estadísticas de equipo guardadas en data/raw/team_stats/2024-25_playoffs/bos.csv
2025-11-09 12:49:16.664 | INFO     | espn.team_scraper:scrape_all_teams_stats:339 - Procesando brooklyn-nets...
2025-11-09 12:49:17.722 | WARNING  | espn.team_scraper:extract_team_averages:87 - No se encontró el contenedor principal de estadísticas
2025-11-09 12:49:17.723 | INFO     | espn.team_scraper:extract_team_averages:90 - Encontradas 4 tablas
2025-11-09 12:49:17.724 | INFO     | espn.team_scraper:extract_team_averages:98 - ✅ Tabla con estadísticas de porcentajes encontrada
2025-11-09 12:49:17.724 | INFO     | espn.team_scraper:extract_team_averages:120 - Usando última fila como promedios: 14 celdas
2025-11-09 12:49:17.725 | INFO     | espn.team_scraper:parse_team_stats_row:172 - Parseando fila con 14 celdas
2025-11-09 12:49:17.725 | INFO     | espn.team_scraper:parse_team_stats_row:181 -   Celda 0: '38.7'
2025-11-09 12:49:17.726 | INFO     | espn.team_scraper:parse_team_stats_row:181 -   Celda 1: '87.8'
2025-11-09 12:49:17.726 | INFO     | espn.team_scraper:parse_team_stats_row:181 -   Celda 2: '44.1'
2025-11-09 12:49:17.727 | INFO     | espn.team_scraper:parse_team_stats_row:181 -   Celda 3: '13.9'
2025-11-09 12:49:17.727 | INFO     | espn.team_scraper:parse_team_stats_row:181 -   Celda 4: '41.8'
2025-11-09 12:49:17.728 | INFO     | espn.team_scraper:parse_team_stats_row:181 -   Celda 5: '33.2'
2025-11-09 12:49:17.728 | INFO     | espn.team_scraper:parse_team_stats_row:181 -   Celda 6: '20.1'
2025-11-09 12:49:17.728 | INFO     | espn.team_scraper:parse_team_stats_row:181 -   Celda 7: '26.1'
2025-11-09 12:49:17.729 | INFO     | espn.team_scraper:parse_team_stats_row:181 -   Celda 8: '77.0'
2025-11-09 12:49:17.729 | INFO     | espn.team_scraper:parse_team_stats_row:181 -   Celda 9: '24.8'
2025-11-09 12:49:17.729 | INFO     | espn.team_scraper:parse_team_stats_row:213 - Estadísticas parseadas: {'team_name': 'Unknown', 'season': None, 'fg_pct': 44.1, 'threep_pct': 33.2, 'ft_pct': 77.0, 'rpg': 53.9, 'apg': 1.268, 'spg': 0.52, 'bpg': 0.0, 'tpg': 0.0, 'ppg': 0.0, 'oppg': 0.0, 'net_rating': 0.0, 'FG%': 44.1, '3P%': 33.2, 'FT%': 77.0, 'REB': 53.9, 'AST': 1.268, 'STL': 0.52, 'BLK': 0.0, 'TO': 0.0, 'PF': 0.0, 'PTS': 0.0}
2025-11-09 12:49:17.730 | INFO     | espn.team_scraper:scrape_team_stats:60 - Estadísticas extraídas exitosamente para brooklyn-nets
2025-11-09 12:49:17.735 | INFO     | espn.team_scraper:save_team_stats_to_csv:287 - Estadísticas de equipo guardadas en data/raw/team_stats/2024-25_playoffs/bkn.csv
2025-11-09 12:49:17.735 | INFO     | espn.team_scraper:scrape_all_teams_stats:339 - Procesando charlotte-hornets...
2025-11-09 12:49:18.680 | WARNING  | espn.team_scraper:extract_team_averages:87 - No se encontró el contenedor principal de estadísticas
2025-11-09 12:49:18.681 | INFO     | espn.team_scraper:extract_team_averages:90 - Encontradas 4 tablas
2025-11-09 12:49:18.681 | INFO     | espn.team_scraper:extract_team_averages:98 - ✅ Tabla con estadísticas de porcentajes encontrada
2025-11-09 12:49:18.682 | INFO     | espn.team_scraper:extract_team_averages:120 - Usando última fila como promedios: 14 celdas
2025-11-09 12:49:18.683 | INFO     | espn.team_scraper:parse_team_stats_row:172 - Parseando fila con 14 celdas
2025-11-09 12:49:18.683 | INFO     | espn.team_scraper:parse_team_stats_row:181 -   Celda 0: '41.4'
2025-11-09 12:49:18.683 | INFO     | espn.team_scraper:parse_team_stats_row:181 -   Celda 1: '88.6'
2025-11-09 12:49:18.684 | INFO     | espn.team_scraper:parse_team_stats_row:181 -   Celda 2: '46.8'
2025-11-09 12:49:18.684 | INFO     | espn.team_scraper:parse_team_stats_row:181 -   Celda 3: '14.6'
2025-11-09 12:49:18.684 | INFO     | espn.team_scraper:parse_team_stats_row:181 -   Celda 4: '39.6'
2025-11-09 12:49:18.685 | INFO     | espn.team_scraper:parse_team_stats_row:181 -   Celda 5: '36.8'
2025-11-09 12:49:18.685 | INFO     | espn.team_scraper:parse_team_stats_row:181 -   Celda 6: '21.6'
2025-11-09 12:49:18.686 | INFO     | espn.team_scraper:parse_team_stats_row:181 -   Celda 7: '26.6'
2025-11-09 12:49:18.686 | INFO     | espn.team_scraper:parse_team_stats_row:181 -   Celda 8: '81.2'
2025-11-09 12:49:18.686 | INFO     | espn.team_scraper:parse_team_stats_row:181 -   Celda 9: '26.9'
2025-11-09 12:49:18.687 | INFO     | espn.team_scraper:parse_team_stats_row:213 - Estadísticas parseadas: {'team_name': 'Unknown', 'season': None, 'fg_pct': 46.8, 'threep_pct': 36.8, 'ft_pct': 81.2, 'rpg': 54.9, 'apg': 1.344, 'spg': 0.55, 'bpg': 0.0, 'tpg': 0.0, 'ppg': 0.0, 'oppg': 0.0, 'net_rating': 0.0, 'FG%': 46.8, '3P%': 36.8, 'FT%': 81.2, 'REB': 54.9, 'AST': 1.344, 'STL': 0.55, 'BLK': 0.0, 'TO': 0.0, 'PF': 0.0, 'PTS': 0.0}
2025-11-09 12:49:18.687 | INFO     | espn.team_scraper:scrape_team_stats:60 - Estadísticas extraídas exitosamente para charlotte-hornets
2025-11-09 12:49:18.694 | INFO     | espn.team_scraper:save_team_stats_to_csv:287 - Estadísticas de equipo guardadas en data/raw/team_stats/2024-25_playoffs/cha.csv
2025-11-09 12:49:18.695 | INFO     | espn.team_scraper:scrape_all_teams_stats:339 - Procesando chicago-bulls...
2025-11-09 12:49:19.806 | WARNING  | espn.team_scraper:extract_team_averages:87 - No se encontró el contenedor principal de estadísticas
2025-11-09 12:49:19.807 | INFO     | espn.team_scraper:extract_team_averages:90 - Encontradas 4 tablas
2025-11-09 12:49:19.807 | INFO     | espn.team_scraper:extract_team_averages:98 - ✅ Tabla con estadísticas de porcentajes encontrada
2025-11-09 12:49:19.808 | INFO     | espn.team_scraper:extract_team_averages:120 - Usando última fila como promedios: 14 celdas
2025-11-09 12:49:19.808 | INFO     | espn.team_scraper:parse_team_stats_row:172 - Parseando fila con 14 celdas
2025-11-09 12:49:19.809 | INFO     | espn.team_scraper:parse_team_stats_row:181 -   Celda 0: '43.2'
2025-11-09 12:49:19.809 | INFO     | espn.team_scraper:parse_team_stats_row:181 -   Celda 1: '88.1'
2025-11-09 12:49:19.810 | INFO     | espn.team_scraper:parse_team_stats_row:181 -   Celda 2: '49.1'
2025-11-09 12:49:19.810 | INFO     | espn.team_scraper:parse_team_stats_row:181 -   Celda 3: '13.4'
2025-11-09 12:49:19.810 | INFO     | espn.team_scraper:parse_team_stats_row:181 -   Celda 4: '33.9'
2025-11-09 12:49:19.811 | INFO     | espn.team_scraper:parse_team_stats_row:181 -   Celda 5: '39.7'
2025-11-09 12:49:19.811 | INFO     | espn.team_scraper:parse_team_stats_row:181 -   Celda 6: '19.6'
2025-11-09 12:49:19.811 | INFO     | espn.team_scraper:parse_team_stats_row:181 -   Celda 7: '24.2'
2025-11-09 12:49:19.812 | INFO     | espn.team_scraper:parse_team_stats_row:181 -   Celda 8: '80.7'
2025-11-09 12:49:19.812 | INFO     | espn.team_scraper:parse_team_stats_row:181 -   Celda 9: '29.8'
2025-11-09 12:49:19.812 | INFO     | espn.team_scraper:parse_team_stats_row:213 - Estadísticas parseadas: {'team_name': 'Unknown', 'season': None, 'fg_pct': 49.1, 'threep_pct': 39.7, 'ft_pct': 80.7, 'rpg': 54.9, 'apg': 1.356, 'spg': 0.57, 'bpg': 0.0, 'tpg': 0.0, 'ppg': 0.0, 'oppg': 0.0, 'net_rating': 0.0, 'FG%': 49.1, '3P%': 39.7, 'FT%': 80.7, 'REB': 54.9, 'AST': 1.356, 'STL': 0.57, 'BLK': 0.0, 'TO': 0.0, 'PF': 0.0, 'PTS': 0.0}
2025-11-09 12:49:19.813 | INFO     | espn.team_scraper:scrape_team_stats:60 - Estadísticas extraídas exitosamente para chicago-bulls
2025-11-09 12:49:19.817 | INFO     | espn.team_scraper:save_team_stats_to_csv:287 - Estadísticas de equipo guardadas en data/raw/team_stats/2024-25_playoffs/chi.csv
2025-11-09 12:49:19.818 | INFO     | espn.team_scraper:scrape_all_teams_stats:339 - Procesando cleveland-cavaliers...
2025-11-09 12:49:20.874 | WARNING  | espn.team_scraper:extract_team_averages:87 - No se encontró el contenedor principal de estadísticas
2025-11-09 12:49:20.876 | INFO     | espn.team_scraper:extract_team_averages:90 - Encontradas 4 tablas
2025-11-09 12:49:20.877 | INFO     | espn.team_scraper:extract_team_averages:98 - ✅ Tabla con estadísticas de porcentajes encontrada
2025-11-09 12:49:20.877 | INFO     | espn.team_scraper:extract_team_averages:120 - Usando última fila como promedios: 14 celdas
2025-11-09 12:49:20.878 | INFO     | espn.team_scraper:parse_team_stats_row:172 - Parseando fila con 14 celdas
2025-11-09 12:49:20.878 | INFO     | espn.team_scraper:parse_team_stats_row:181 -   Celda 0: '42.0'
2025-11-09 12:49:20.879 | INFO     | espn.team_scraper:parse_team_stats_row:181 -   Celda 1: '91.0'
2025-11-09 12:49:20.879 | INFO     | espn.team_scraper:parse_team_stats_row:181 -   Celda 2: '46.2'
2025-11-09 12:49:20.879 | INFO     | espn.team_scraper:parse_team_stats_row:181 -   Celda 3: '16.6'
2025-11-09 12:49:20.879 | INFO     | espn.team_scraper:parse_team_stats_row:181 -   Celda 4: '45.3'
2025-11-09 12:49:20.880 | INFO     | espn.team_scraper:parse_team_stats_row:181 -   Celda 5: '36.6'
2025-11-09 12:49:20.880 | INFO     | espn.team_scraper:parse_team_stats_row:181 -   Celda 6: '20.1'
2025-11-09 12:49:20.880 | INFO     | espn.team_scraper:parse_team_stats_row:181 -   Celda 7: '26.2'
2025-11-09 12:49:20.881 | INFO     | espn.team_scraper:parse_team_stats_row:181 -   Celda 8: '76.7'
2025-11-09 12:49:20.881 | INFO     | espn.team_scraper:parse_team_stats_row:181 -   Celda 9: '25.4'
2025-11-09 12:49:20.881 | INFO     | espn.team_scraper:parse_team_stats_row:213 - Estadísticas parseadas: {'team_name': 'Unknown', 'season': None, 'fg_pct': 46.2, 'threep_pct': 36.6, 'ft_pct': 76.7, 'rpg': 55.6, 'apg': 1.326, 'spg': 0.55, 'bpg': 0.0, 'tpg': 0.0, 'ppg': 0.0, 'oppg': 0.0, 'net_rating': 0.0, 'FG%': 46.2, '3P%': 36.6, 'FT%': 76.7, 'REB': 55.6, 'AST': 1.326, 'STL': 0.55, 'BLK': 0.0, 'TO': 0.0, 'PF': 0.0, 'PTS': 0.0}
2025-11-09 12:49:20.881 | INFO     | espn.team_scraper:scrape_team_stats:60 - Estadísticas extraídas exitosamente para cleveland-cavaliers
2025-11-09 12:49:20.888 | INFO     | espn.team_scraper:save_team_stats_to_csv:287 - Estadísticas de equipo guardadas en data/raw/team_stats/2024-25_playoffs/cle.csv
2025-11-09 12:49:20.889 | INFO     | espn.team_scraper:scrape_all_teams_stats:339 - Procesando dallas-mavericks...
2025-11-09 12:49:22.016 | WARNING  | espn.team_scraper:extract_team_averages:87 - No se encontró el contenedor principal de estadísticas
2025-11-09 12:49:22.017 | INFO     | espn.team_scraper:extract_team_averages:90 - Encontradas 4 tablas
2025-11-09 12:49:22.017 | INFO     | espn.team_scraper:extract_team_averages:98 - ✅ Tabla con estadísticas de porcentajes encontrada
2025-11-09 12:49:22.018 | INFO     | espn.team_scraper:extract_team_averages:120 - Usando última fila como promedios: 14 celdas
2025-11-09 12:49:22.018 | INFO     | espn.team_scraper:parse_team_stats_row:172 - Parseando fila con 14 celdas
2025-11-09 12:49:22.019 | INFO     | espn.team_scraper:parse_team_stats_row:181 -   Celda 0: '38.3'
2025-11-09 12:49:22.019 | INFO     | espn.team_scraper:parse_team_stats_row:181 -   Celda 1: '85.9'
2025-11-09 12:49:22.020 | INFO     | espn.team_scraper:parse_team_stats_row:181 -   Celda 2: '44.6'
2025-11-09 12:49:22.020 | INFO     | espn.team_scraper:parse_team_stats_row:181 -   Celda 3: '9.7'
2025-11-09 12:49:22.020 | INFO     | espn.team_scraper:parse_team_stats_row:181 -   Celda 4: '32.0'
2025-11-09 12:49:22.020 | INFO     | espn.team_scraper:parse_team_stats_row:181 -   Celda 5: '30.3'
2025-11-09 12:49:22.021 | INFO     | espn.team_scraper:parse_team_stats_row:181 -   Celda 6: '20.2'
2025-11-09 12:49:22.021 | INFO     | espn.team_scraper:parse_team_stats_row:181 -   Celda 7: '26.8'
2025-11-09 12:49:22.022 | INFO     | espn.team_scraper:parse_team_stats_row:181 -   Celda 8: '75.4'
2025-11-09 12:49:22.022 | INFO     | espn.team_scraper:parse_team_stats_row:181 -   Celda 9: '28.6'
2025-11-09 12:49:22.023 | INFO     | espn.team_scraper:parse_team_stats_row:213 - Estadísticas parseadas: {'team_name': 'Unknown', 'season': None, 'fg_pct': 44.6, 'threep_pct': 30.3, 'ft_pct': 75.4, 'rpg': 53.1, 'apg': 1.24, 'spg': 0.5, 'bpg': 0.0, 'tpg': 0.0, 'ppg': 0.0, 'oppg': 0.0, 'net_rating': 0.0, 'FG%': 44.6, '3P%': 30.3, 'FT%': 75.4, 'REB': 53.1, 'AST': 1.24, 'STL': 0.5, 'BLK': 0.0, 'TO': 0.0, 'PF': 0.0, 'PTS': 0.0}
2025-11-09 12:49:22.023 | INFO     | espn.team_scraper:scrape_team_stats:60 - Estadísticas extraídas exitosamente para dallas-mavericks
2025-11-09 12:49:22.029 | INFO     | espn.team_scraper:save_team_stats_to_csv:287 - Estadísticas de equipo guardadas en data/raw/team_stats/2024-25_playoffs/dal.csv
2025-11-09 12:49:22.029 | INFO     | espn.team_scraper:scrape_all_teams_stats:339 - Procesando denver-nuggets...
2025-11-09 12:49:23.106 | WARNING  | espn.team_scraper:extract_team_averages:87 - No se encontró el contenedor principal de estadísticas
2025-11-09 12:49:23.107 | INFO     | espn.team_scraper:extract_team_averages:90 - Encontradas 4 tablas
2025-11-09 12:49:23.108 | INFO     | espn.team_scraper:extract_team_averages:98 - ✅ Tabla con estadísticas de porcentajes encontrada
2025-11-09 12:49:23.110 | INFO     | espn.team_scraper:extract_team_averages:120 - Usando última fila como promedios: 14 celdas
2025-11-09 12:49:23.111 | INFO     | espn.team_scraper:parse_team_stats_row:172 - Parseando fila con 14 celdas
2025-11-09 12:49:23.111 | INFO     | espn.team_scraper:parse_team_stats_row:181 -   Celda 0: '45.6'
2025-11-09 12:49:23.112 | INFO     | espn.team_scraper:parse_team_stats_row:181 -   Celda 1: '89.9'
2025-11-09 12:49:23.112 | INFO     | espn.team_scraper:parse_team_stats_row:181 -   Celda 2: '50.7'
2025-11-09 12:49:23.112 | INFO     | espn.team_scraper:parse_team_stats_row:181 -   Celda 3: '11.7'
2025-11-09 12:49:23.112 | INFO     | espn.team_scraper:parse_team_stats_row:181 -   Celda 4: '33.6'
2025-11-09 12:49:23.113 | INFO     | espn.team_scraper:parse_team_stats_row:181 -   Celda 5: '34.8'
2025-11-09 12:49:23.114 | INFO     | espn.team_scraper:parse_team_stats_row:181 -   Celda 6: '21.4'
2025-11-09 12:49:23.115 | INFO     | espn.team_scraper:parse_team_stats_row:181 -   Celda 7: '25.1'
2025-11-09 12:49:23.115 | INFO     | espn.team_scraper:parse_team_stats_row:181 -   Celda 8: '85.4'
2025-11-09 12:49:23.115 | INFO     | espn.team_scraper:parse_team_stats_row:181 -   Celda 9: '33.9'
2025-11-09 12:49:23.116 | INFO     | espn.team_scraper:parse_team_stats_row:213 - Estadísticas parseadas: {'team_name': 'Unknown', 'season': None, 'fg_pct': 50.7, 'threep_pct': 34.8, 'ft_pct': 85.4, 'rpg': 60.2, 'apg': 1.382, 'spg': 0.57, 'bpg': 0.0, 'tpg': 0.0, 'ppg': 0.0, 'oppg': 0.0, 'net_rating': 0.0, 'FG%': 50.7, '3P%': 34.8, 'FT%': 85.4, 'REB': 60.2, 'AST': 1.382, 'STL': 0.57, 'BLK': 0.0, 'TO': 0.0, 'PF': 0.0, 'PTS': 0.0}
2025-11-09 12:49:23.116 | INFO     | espn.team_scraper:scrape_team_stats:60 - Estadísticas extraídas exitosamente para denver-nuggets
2025-11-09 12:49:23.120 | INFO     | espn.team_scraper:save_team_stats_to_csv:287 - Estadísticas de equipo guardadas en data/raw/team_stats/2024-25_playoffs/den.csv
2025-11-09 12:49:23.120 | INFO     | espn.team_scraper:scrape_all_teams_stats:339 - Procesando detroit-pistons...
2025-11-09 12:49:24.119 | WARNING  | espn.team_scraper:extract_team_averages:87 - No se encontró el contenedor principal de estadísticas
2025-11-09 12:49:24.120 | INFO     | espn.team_scraper:extract_team_averages:90 - Encontradas 4 tablas
2025-11-09 12:49:24.121 | INFO     | espn.team_scraper:extract_team_averages:98 - ✅ Tabla con estadísticas de porcentajes encontrada
2025-11-09 12:49:24.122 | INFO     | espn.team_scraper:extract_team_averages:120 - Usando última fila como promedios: 14 celdas
2025-11-09 12:49:24.122 | INFO     | espn.team_scraper:parse_team_stats_row:172 - Parseando fila con 14 celdas
2025-11-09 12:49:24.123 | INFO     | espn.team_scraper:parse_team_stats_row:181 -   Celda 0: '42.7'
2025-11-09 12:49:24.123 | INFO     | espn.team_scraper:parse_team_stats_row:181 -   Celda 1: '90.0'
2025-11-09 12:49:24.123 | INFO     | espn.team_scraper:parse_team_stats_row:181 -   Celda 2: '47.4'
2025-11-09 12:49:24.124 | INFO     | espn.team_scraper:parse_team_stats_row:181 -   Celda 3: '10.2'
2025-11-09 12:49:24.124 | INFO     | espn.team_scraper:parse_team_stats_row:181 -   Celda 4: '30.4'
2025-11-09 12:49:24.124 | INFO     | espn.team_scraper:parse_team_stats_row:181 -   Celda 5: '33.6'
2025-11-09 12:49:24.125 | INFO     | espn.team_scraper:parse_team_stats_row:181 -   Celda 6: '21.1'
2025-11-09 12:49:24.125 | INFO     | espn.team_scraper:parse_team_stats_row:181 -   Celda 7: '29.0'
2025-11-09 12:49:24.126 | INFO     | espn.team_scraper:parse_team_stats_row:181 -   Celda 8: '72.8'
2025-11-09 12:49:24.126 | INFO     | espn.team_scraper:parse_team_stats_row:181 -   Celda 9: '32.4'
2025-11-09 12:49:24.127 | INFO     | espn.team_scraper:parse_team_stats_row:213 - Estadísticas parseadas: {'team_name': 'Unknown', 'season': None, 'fg_pct': 47.4, 'threep_pct': 33.6, 'ft_pct': 72.8, 'rpg': 54.5, 'apg': 1.296, 'spg': 0.53, 'bpg': 0.0, 'tpg': 0.0, 'ppg': 0.0, 'oppg': 0.0, 'net_rating': 0.0, 'FG%': 47.4, '3P%': 33.6, 'FT%': 72.8, 'REB': 54.5, 'AST': 1.296, 'STL': 0.53, 'BLK': 0.0, 'TO': 0.0, 'PF': 0.0, 'PTS': 0.0}
2025-11-09 12:49:24.127 | INFO     | espn.team_scraper:scrape_team_stats:60 - Estadísticas extraídas exitosamente para detroit-pistons
2025-11-09 12:49:24.132 | INFO     | espn.team_scraper:save_team_stats_to_csv:287 - Estadísticas de equipo guardadas en data/raw/team_stats/2024-25_playoffs/det.csv
2025-11-09 12:49:24.133 | INFO     | espn.team_scraper:scrape_all_teams_stats:339 - Procesando golden-state-warriors...
2025-11-09 12:49:25.032 | WARNING  | espn.team_scraper:extract_team_averages:87 - No se encontró el contenedor principal de estadísticas
2025-11-09 12:49:25.032 | INFO     | espn.team_scraper:extract_team_averages:90 - Encontradas 4 tablas
2025-11-09 12:49:25.033 | INFO     | espn.team_scraper:extract_team_averages:98 - ✅ Tabla con estadísticas de porcentajes encontrada
2025-11-09 12:49:25.034 | INFO     | espn.team_scraper:extract_team_averages:120 - Usando última fila como promedios: 14 celdas
2025-11-09 12:49:25.034 | INFO     | espn.team_scraper:parse_team_stats_row:172 - Parseando fila con 14 celdas
2025-11-09 12:49:25.035 | INFO     | espn.team_scraper:parse_team_stats_row:181 -   Celda 0: '40.2'
2025-11-09 12:49:25.035 | INFO     | espn.team_scraper:parse_team_stats_row:181 -   Celda 1: '86.8'
2025-11-09 12:49:25.035 | INFO     | espn.team_scraper:parse_team_stats_row:181 -   Celda 2: '46.3'
2025-11-09 12:49:25.036 | INFO     | espn.team_scraper:parse_team_stats_row:181 -   Celda 3: '16.0'
2025-11-09 12:49:25.036 | INFO     | espn.team_scraper:parse_team_stats_row:181 -   Celda 4: '42.1'
2025-11-09 12:49:25.036 | INFO     | espn.team_scraper:parse_team_stats_row:181 -   Celda 5: '38.0'
2025-11-09 12:49:25.036 | INFO     | espn.team_scraper:parse_team_stats_row:181 -   Celda 6: '19.7'
2025-11-09 12:49:25.037 | INFO     | espn.team_scraper:parse_team_stats_row:181 -   Celda 7: '23.3'
2025-11-09 12:49:25.037 | INFO     | espn.team_scraper:parse_team_stats_row:181 -   Celda 8: '84.5'
2025-11-09 12:49:25.037 | INFO     | espn.team_scraper:parse_team_stats_row:181 -   Celda 9: '24.2'
2025-11-09 12:49:25.038 | INFO     | espn.team_scraper:parse_team_stats_row:213 - Estadísticas parseadas: {'team_name': 'Unknown', 'season': None, 'fg_pct': 46.3, 'threep_pct': 38.0, 'ft_pct': 84.5, 'rpg': 54.1, 'apg': 1.338, 'spg': 0.56, 'bpg': 0.0, 'tpg': 0.0, 'ppg': 0.0, 'oppg': 0.0, 'net_rating': 0.0, 'FG%': 46.3, '3P%': 38.0, 'FT%': 84.5, 'REB': 54.1, 'AST': 1.338, 'STL': 0.56, 'BLK': 0.0, 'TO': 0.0, 'PF': 0.0, 'PTS': 0.0}
2025-11-09 12:49:25.038 | INFO     | espn.team_scraper:scrape_team_stats:60 - Estadísticas extraídas exitosamente para golden-state-warriors
2025-11-09 12:49:25.044 | INFO     | espn.team_scraper:save_team_stats_to_csv:287 - Estadísticas de equipo guardadas en data/raw/team_stats/2024-25_playoffs/gs.csv
2025-11-09 12:49:25.044 | INFO     | espn.team_scraper:scrape_all_teams_stats:339 - Procesando houston-rockets...
2025-11-09 12:49:26.118 | WARNING  | espn.team_scraper:extract_team_averages:87 - No se encontró el contenedor principal de estadísticas
2025-11-09 12:49:26.119 | INFO     | espn.team_scraper:extract_team_averages:90 - Encontradas 4 tablas
2025-11-09 12:49:26.120 | INFO     | espn.team_scraper:extract_team_averages:98 - ✅ Tabla con estadísticas de porcentajes encontrada
2025-11-09 12:49:26.120 | INFO     | espn.team_scraper:extract_team_averages:120 - Usando última fila como promedios: 14 celdas
2025-11-09 12:49:26.120 | INFO     | espn.team_scraper:parse_team_stats_row:172 - Parseando fila con 14 celdas
2025-11-09 12:49:26.121 | INFO     | espn.team_scraper:parse_team_stats_row:181 -   Celda 0: '43.0'
2025-11-09 12:49:26.121 | INFO     | espn.team_scraper:parse_team_stats_row:181 -   Celda 1: '88.0'
2025-11-09 12:49:26.121 | INFO     | espn.team_scraper:parse_team_stats_row:181 -   Celda 2: '48.9'
2025-11-09 12:49:26.122 | INFO     | espn.team_scraper:parse_team_stats_row:181 -   Celda 3: '12.9'
2025-11-09 12:49:26.122 | INFO     | espn.team_scraper:parse_team_stats_row:181 -   Celda 4: '29.8'
2025-11-09 12:49:26.122 | INFO     | espn.team_scraper:parse_team_stats_row:181 -   Celda 5: '43.3'
2025-11-09 12:49:26.123 | INFO     | espn.team_scraper:parse_team_stats_row:181 -   Celda 6: '24.0'
2025-11-09 12:49:26.123 | INFO     | espn.team_scraper:parse_team_stats_row:181 -   Celda 7: '30.4'
2025-11-09 12:49:26.124 | INFO     | espn.team_scraper:parse_team_stats_row:181 -   Celda 8: '79.0'
2025-11-09 12:49:26.124 | INFO     | espn.team_scraper:parse_team_stats_row:181 -   Celda 9: '30.1'
2025-11-09 12:49:26.124 | INFO     | espn.team_scraper:parse_team_stats_row:213 - Estadísticas parseadas: {'team_name': 'Unknown', 'season': None, 'fg_pct': 48.9, 'threep_pct': 43.3, 'ft_pct': 79.0, 'rpg': 51.7, 'apg': 1.396, 'spg': 0.56, 'bpg': 0.0, 'tpg': 0.0, 'ppg': 0.0, 'oppg': 0.0, 'net_rating': 0.0, 'FG%': 48.9, '3P%': 43.3, 'FT%': 79.0, 'REB': 51.7, 'AST': 1.396, 'STL': 0.56, 'BLK': 0.0, 'TO': 0.0, 'PF': 0.0, 'PTS': 0.0}
2025-11-09 12:49:26.125 | INFO     | espn.team_scraper:scrape_team_stats:60 - Estadísticas extraídas exitosamente para houston-rockets
2025-11-09 12:49:26.129 | INFO     | espn.team_scraper:save_team_stats_to_csv:287 - Estadísticas de equipo guardadas en data/raw/team_stats/2024-25_playoffs/hou.csv
2025-11-09 12:49:26.130 | INFO     | espn.team_scraper:scrape_all_teams_stats:339 - Procesando indiana-pacers...
2025-11-09 12:49:27.028 | WARNING  | espn.team_scraper:extract_team_averages:87 - No se encontró el contenedor principal de estadísticas
2025-11-09 12:49:27.029 | INFO     | espn.team_scraper:extract_team_averages:90 - Encontradas 4 tablas
2025-11-09 12:49:27.030 | INFO     | espn.team_scraper:extract_team_averages:98 - ✅ Tabla con estadísticas de porcentajes encontrada
2025-11-09 12:49:27.030 | INFO     | espn.team_scraper:extract_team_averages:120 - Usando última fila como promedios: 14 celdas
2025-11-09 12:49:27.031 | INFO     | espn.team_scraper:parse_team_stats_row:172 - Parseando fila con 14 celdas
2025-11-09 12:49:27.031 | INFO     | espn.team_scraper:parse_team_stats_row:181 -   Celda 0: '38.4'
2025-11-09 12:49:27.031 | INFO     | espn.team_scraper:parse_team_stats_row:181 -   Celda 1: '95.7'
2025-11-09 12:49:27.032 | INFO     | espn.team_scraper:parse_team_stats_row:181 -   Celda 2: '40.2'
2025-11-09 12:49:27.032 | INFO     | espn.team_scraper:parse_team_stats_row:181 -   Celda 3: '11.8'
2025-11-09 12:49:27.032 | INFO     | espn.team_scraper:parse_team_stats_row:181 -   Celda 4: '39.2'
2025-11-09 12:49:27.033 | INFO     | espn.team_scraper:parse_team_stats_row:181 -   Celda 5: '30.0'
2025-11-09 12:49:27.033 | INFO     | espn.team_scraper:parse_team_stats_row:181 -   Celda 6: '21.7'
2025-11-09 12:49:27.034 | INFO     | espn.team_scraper:parse_team_stats_row:181 -   Celda 7: '29.3'
2025-11-09 12:49:27.034 | INFO     | espn.team_scraper:parse_team_stats_row:181 -   Celda 8: '73.9'
2025-11-09 12:49:27.034 | INFO     | espn.team_scraper:parse_team_stats_row:181 -   Celda 9: '26.7'
2025-11-09 12:49:27.035 | INFO     | espn.team_scraper:parse_team_stats_row:213 - Estadísticas parseadas: {'team_name': 'Unknown', 'season': None, 'fg_pct': 40.2, 'threep_pct': 30.0, 'ft_pct': 73.9, 'rpg': 47.2, 'apg': 1.153, 'spg': 0.46, 'bpg': 0.0, 'tpg': 0.0, 'ppg': 0.0, 'oppg': 0.0, 'net_rating': 0.0, 'FG%': 40.2, '3P%': 30.0, 'FT%': 73.9, 'REB': 47.2, 'AST': 1.153, 'STL': 0.46, 'BLK': 0.0, 'TO': 0.0, 'PF': 0.0, 'PTS': 0.0}
2025-11-09 12:49:27.035 | INFO     | espn.team_scraper:scrape_team_stats:60 - Estadísticas extraídas exitosamente para indiana-pacers
2025-11-09 12:49:27.042 | INFO     | espn.team_scraper:save_team_stats_to_csv:287 - Estadísticas de equipo guardadas en data/raw/team_stats/2024-25_playoffs/ind.csv
2025-11-09 12:49:27.043 | INFO     | espn.team_scraper:scrape_all_teams_stats:339 - Procesando los-angeles-clippers...
2025-11-09 12:49:28.100 | WARNING  | espn.team_scraper:extract_team_averages:87 - No se encontró el contenedor principal de estadísticas
2025-11-09 12:49:28.101 | INFO     | espn.team_scraper:extract_team_averages:90 - Encontradas 4 tablas
2025-11-09 12:49:28.102 | INFO     | espn.team_scraper:extract_team_averages:98 - ✅ Tabla con estadísticas de porcentajes encontrada
2025-11-09 12:49:28.103 | INFO     | espn.team_scraper:extract_team_averages:120 - Usando última fila como promedios: 14 celdas
2025-11-09 12:49:28.103 | INFO     | espn.team_scraper:parse_team_stats_row:172 - Parseando fila con 14 celdas
2025-11-09 12:49:28.103 | INFO     | espn.team_scraper:parse_team_stats_row:181 -   Celda 0: '39.7'
2025-11-09 12:49:28.104 | INFO     | espn.team_scraper:parse_team_stats_row:181 -   Celda 1: '82.1'
2025-11-09 12:49:28.104 | INFO     | espn.team_scraper:parse_team_stats_row:181 -   Celda 2: '48.3'
2025-11-09 12:49:28.104 | INFO     | espn.team_scraper:parse_team_stats_row:181 -   Celda 3: '13.1'
2025-11-09 12:49:28.105 | INFO     | espn.team_scraper:parse_team_stats_row:181 -   Celda 4: '36.1'
2025-11-09 12:49:28.105 | INFO     | espn.team_scraper:parse_team_stats_row:181 -   Celda 5: '36.3'
2025-11-09 12:49:28.105 | INFO     | espn.team_scraper:parse_team_stats_row:181 -   Celda 6: '17.2'
2025-11-09 12:49:28.105 | INFO     | espn.team_scraper:parse_team_stats_row:181 -   Celda 7: '21.4'
2025-11-09 12:49:28.106 | INFO     | espn.team_scraper:parse_team_stats_row:181 -   Celda 8: '80.3'
2025-11-09 12:49:28.106 | INFO     | espn.team_scraper:parse_team_stats_row:181 -   Celda 9: '26.6'
2025-11-09 12:49:28.107 | INFO     | espn.team_scraper:parse_team_stats_row:213 - Estadísticas parseadas: {'team_name': 'Unknown', 'season': None, 'fg_pct': 48.3, 'threep_pct': 36.3, 'ft_pct': 80.3, 'rpg': 57.7, 'apg': 1.336, 'spg': 0.56, 'bpg': 0.0, 'tpg': 0.0, 'ppg': 0.0, 'oppg': 0.0, 'net_rating': 0.0, 'FG%': 48.3, '3P%': 36.3, 'FT%': 80.3, 'REB': 57.7, 'AST': 1.336, 'STL': 0.56, 'BLK': 0.0, 'TO': 0.0, 'PF': 0.0, 'PTS': 0.0}
2025-11-09 12:49:28.107 | INFO     | espn.team_scraper:scrape_team_stats:60 - Estadísticas extraídas exitosamente para los-angeles-clippers
2025-11-09 12:49:28.113 | INFO     | espn.team_scraper:save_team_stats_to_csv:287 - Estadísticas de equipo guardadas en data/raw/team_stats/2024-25_playoffs/lac.csv
2025-11-09 12:49:28.115 | INFO     | espn.team_scraper:scrape_all_teams_stats:339 - Procesando los-angeles-lakers...
2025-11-09 12:49:29.341 | WARNING  | espn.team_scraper:extract_team_averages:87 - No se encontró el contenedor principal de estadísticas
2025-11-09 12:49:29.343 | INFO     | espn.team_scraper:extract_team_averages:90 - Encontradas 4 tablas
2025-11-09 12:49:29.344 | INFO     | espn.team_scraper:extract_team_averages:98 - ✅ Tabla con estadísticas de porcentajes encontrada
2025-11-09 12:49:29.345 | INFO     | espn.team_scraper:extract_team_averages:120 - Usando última fila como promedios: 14 celdas
2025-11-09 12:49:29.345 | INFO     | espn.team_scraper:parse_team_stats_row:172 - Parseando fila con 14 celdas
2025-11-09 12:49:29.345 | INFO     | espn.team_scraper:parse_team_stats_row:181 -   Celda 0: '42.2'
2025-11-09 12:49:29.346 | INFO     | espn.team_scraper:parse_team_stats_row:181 -   Celda 1: '82.2'
2025-11-09 12:49:29.346 | INFO     | espn.team_scraper:parse_team_stats_row:181 -   Celda 2: '51.3'
2025-11-09 12:49:29.347 | INFO     | espn.team_scraper:parse_team_stats_row:181 -   Celda 3: '10.5'
2025-11-09 12:49:29.347 | INFO     | espn.team_scraper:parse_team_stats_row:181 -   Celda 4: '31.2'
2025-11-09 12:49:29.347 | INFO     | espn.team_scraper:parse_team_stats_row:181 -   Celda 5: '33.7'
2025-11-09 12:49:29.348 | INFO     | espn.team_scraper:parse_team_stats_row:181 -   Celda 6: '22.9'
2025-11-09 12:49:29.348 | INFO     | espn.team_scraper:parse_team_stats_row:181 -   Celda 7: '29.0'
2025-11-09 12:49:29.348 | INFO     | espn.team_scraper:parse_team_stats_row:181 -   Celda 8: '79.0'
2025-11-09 12:49:29.349 | INFO     | espn.team_scraper:parse_team_stats_row:181 -   Celda 9: '31.7'
2025-11-09 12:49:29.349 | INFO     | espn.team_scraper:parse_team_stats_row:213 - Estadísticas parseadas: {'team_name': 'Unknown', 'season': None, 'fg_pct': 51.3, 'threep_pct': 33.7, 'ft_pct': 79.0, 'rpg': 62.2, 'apg': 1.433, 'spg': 0.58, 'bpg': 0.0, 'tpg': 0.0, 'ppg': 0.0, 'oppg': 0.0, 'net_rating': 0.0, 'FG%': 51.3, '3P%': 33.7, 'FT%': 79.0, 'REB': 62.2, 'AST': 1.433, 'STL': 0.58, 'BLK': 0.0, 'TO': 0.0, 'PF': 0.0, 'PTS': 0.0}
2025-11-09 12:49:29.349 | INFO     | espn.team_scraper:scrape_team_stats:60 - Estadísticas extraídas exitosamente para los-angeles-lakers
2025-11-09 12:49:29.355 | INFO     | espn.team_scraper:save_team_stats_to_csv:287 - Estadísticas de equipo guardadas en data/raw/team_stats/2024-25_playoffs/lal.csv
2025-11-09 12:49:29.355 | INFO     | espn.team_scraper:scrape_all_teams_stats:339 - Procesando memphis-grizzlies...
2025-11-09 12:49:30.431 | WARNING  | espn.team_scraper:extract_team_averages:87 - No se encontró el contenedor principal de estadísticas
2025-11-09 12:49:30.432 | INFO     | espn.team_scraper:extract_team_averages:90 - Encontradas 4 tablas
2025-11-09 12:49:30.433 | INFO     | espn.team_scraper:extract_team_averages:98 - ✅ Tabla con estadísticas de porcentajes encontrada
2025-11-09 12:49:30.434 | INFO     | espn.team_scraper:extract_team_averages:120 - Usando última fila como promedios: 14 celdas
2025-11-09 12:49:30.434 | INFO     | espn.team_scraper:parse_team_stats_row:172 - Parseando fila con 14 celdas
2025-11-09 12:49:30.434 | INFO     | espn.team_scraper:parse_team_stats_row:181 -   Celda 0: '39.6'
2025-11-09 12:49:30.435 | INFO     | espn.team_scraper:parse_team_stats_row:181 -   Celda 1: '89.4'
2025-11-09 12:49:30.435 | INFO     | espn.team_scraper:parse_team_stats_row:181 -   Celda 2: '44.3'
2025-11-09 12:49:30.435 | INFO     | espn.team_scraper:parse_team_stats_row:181 -   Celda 3: '13.1'
2025-11-09 12:49:30.436 | INFO     | espn.team_scraper:parse_team_stats_row:181 -   Celda 4: '39.3'
2025-11-09 12:49:30.436 | INFO     | espn.team_scraper:parse_team_stats_row:181 -   Celda 5: '33.3'
2025-11-09 12:49:30.436 | INFO     | espn.team_scraper:parse_team_stats_row:181 -   Celda 6: '22.8'
2025-11-09 12:49:30.437 | INFO     | espn.team_scraper:parse_team_stats_row:181 -   Celda 7: '27.1'
2025-11-09 12:49:30.437 | INFO     | espn.team_scraper:parse_team_stats_row:181 -   Celda 8: '84.1'
2025-11-09 12:49:30.437 | INFO     | espn.team_scraper:parse_team_stats_row:181 -   Celda 9: '26.5'
2025-11-09 12:49:30.438 | INFO     | espn.team_scraper:parse_team_stats_row:213 - Estadísticas parseadas: {'team_name': 'Unknown', 'season': None, 'fg_pct': 44.3, 'threep_pct': 33.3, 'ft_pct': 84.1, 'rpg': 52.9, 'apg': 1.287, 'spg': 0.52, 'bpg': 0.0, 'tpg': 0.0, 'ppg': 0.0, 'oppg': 0.0, 'net_rating': 0.0, 'FG%': 44.3, '3P%': 33.3, 'FT%': 84.1, 'REB': 52.9, 'AST': 1.287, 'STL': 0.52, 'BLK': 0.0, 'TO': 0.0, 'PF': 0.0, 'PTS': 0.0}
2025-11-09 12:49:30.438 | INFO     | espn.team_scraper:scrape_team_stats:60 - Estadísticas extraídas exitosamente para memphis-grizzlies
2025-11-09 12:49:30.444 | INFO     | espn.team_scraper:save_team_stats_to_csv:287 - Estadísticas de equipo guardadas en data/raw/team_stats/2024-25_playoffs/mem.csv
2025-11-09 12:49:30.444 | INFO     | espn.team_scraper:scrape_all_teams_stats:339 - Procesando miami-heat...
2025-11-09 12:49:31.321 | WARNING  | espn.team_scraper:extract_team_averages:87 - No se encontró el contenedor principal de estadísticas
2025-11-09 12:49:31.322 | INFO     | espn.team_scraper:extract_team_averages:90 - Encontradas 4 tablas
2025-11-09 12:49:31.323 | INFO     | espn.team_scraper:extract_team_averages:98 - ✅ Tabla con estadísticas de porcentajes encontrada
2025-11-09 12:49:31.324 | INFO     | espn.team_scraper:extract_team_averages:120 - Usando última fila como promedios: 14 celdas
2025-11-09 12:49:31.324 | INFO     | espn.team_scraper:parse_team_stats_row:172 - Parseando fila con 14 celdas
2025-11-09 12:49:31.325 | INFO     | espn.team_scraper:parse_team_stats_row:181 -   Celda 0: '45.4'
2025-11-09 12:49:31.325 | INFO     | espn.team_scraper:parse_team_stats_row:181 -   Celda 1: '91.0'
2025-11-09 12:49:31.326 | INFO     | espn.team_scraper:parse_team_stats_row:181 -   Celda 2: '49.9'
2025-11-09 12:49:31.327 | INFO     | espn.team_scraper:parse_team_stats_row:181 -   Celda 3: '13.6'
2025-11-09 12:49:31.327 | INFO     | espn.team_scraper:parse_team_stats_row:181 -   Celda 4: '35.7'
2025-11-09 12:49:31.328 | INFO     | espn.team_scraper:parse_team_stats_row:181 -   Celda 5: '38.1'
2025-11-09 12:49:31.328 | INFO     | espn.team_scraper:parse_team_stats_row:181 -   Celda 6: '19.7'
2025-11-09 12:49:31.328 | INFO     | espn.team_scraper:parse_team_stats_row:181 -   Celda 7: '24.8'
2025-11-09 12:49:31.329 | INFO     | espn.team_scraper:parse_team_stats_row:181 -   Celda 8: '79.4'
2025-11-09 12:49:31.329 | INFO     | espn.team_scraper:parse_team_stats_row:181 -   Celda 9: '31.8'
2025-11-09 12:49:31.329 | INFO     | espn.team_scraper:parse_team_stats_row:213 - Estadísticas parseadas: {'team_name': 'Unknown', 'season': None, 'fg_pct': 49.9, 'threep_pct': 38.1, 'ft_pct': 79.4, 'rpg': 57.5, 'apg': 1.364, 'spg': 0.57, 'bpg': 0.0, 'tpg': 0.0, 'ppg': 0.0, 'oppg': 0.0, 'net_rating': 0.0, 'FG%': 49.9, '3P%': 38.1, 'FT%': 79.4, 'REB': 57.5, 'AST': 1.364, 'STL': 0.57, 'BLK': 0.0, 'TO': 0.0, 'PF': 0.0, 'PTS': 0.0}
2025-11-09 12:49:31.330 | INFO     | espn.team_scraper:scrape_team_stats:60 - Estadísticas extraídas exitosamente para miami-heat
2025-11-09 12:49:31.339 | INFO     | espn.team_scraper:save_team_stats_to_csv:287 - Estadísticas de equipo guardadas en data/raw/team_stats/2024-25_playoffs/mia.csv
2025-11-09 12:49:31.339 | INFO     | espn.team_scraper:scrape_all_teams_stats:339 - Procesando milwaukee-bucks...
2025-11-09 12:49:32.433 | WARNING  | espn.team_scraper:extract_team_averages:87 - No se encontró el contenedor principal de estadísticas
2025-11-09 12:49:32.434 | INFO     | espn.team_scraper:extract_team_averages:90 - Encontradas 4 tablas
2025-11-09 12:49:32.435 | INFO     | espn.team_scraper:extract_team_averages:98 - ✅ Tabla con estadísticas de porcentajes encontrada
2025-11-09 12:49:32.435 | INFO     | espn.team_scraper:extract_team_averages:120 - Usando última fila como promedios: 14 celdas
2025-11-09 12:49:32.436 | INFO     | espn.team_scraper:parse_team_stats_row:172 - Parseando fila con 14 celdas
2025-11-09 12:49:32.436 | INFO     | espn.team_scraper:parse_team_stats_row:181 -   Celda 0: '44.7'
2025-11-09 12:49:32.437 | INFO     | espn.team_scraper:parse_team_stats_row:181 -   Celda 1: '89.0'
2025-11-09 12:49:32.437 | INFO     | espn.team_scraper:parse_team_stats_row:181 -   Celda 2: '50.2'
2025-11-09 12:49:32.437 | INFO     | espn.team_scraper:parse_team_stats_row:181 -   Celda 3: '15.6'
2025-11-09 12:49:32.438 | INFO     | espn.team_scraper:parse_team_stats_row:181 -   Celda 4: '39.2'
2025-11-09 12:49:32.438 | INFO     | espn.team_scraper:parse_team_stats_row:181 -   Celda 5: '39.7'
2025-11-09 12:49:32.438 | INFO     | espn.team_scraper:parse_team_stats_row:181 -   Celda 6: '15.7'
2025-11-09 12:49:32.439 | INFO     | espn.team_scraper:parse_team_stats_row:181 -   Celda 7: '22.3'
2025-11-09 12:49:32.439 | INFO     | espn.team_scraper:parse_team_stats_row:181 -   Celda 8: '70.1'
2025-11-09 12:49:32.439 | INFO     | espn.team_scraper:parse_team_stats_row:181 -   Celda 9: '29.1'
2025-11-09 12:49:32.440 | INFO     | espn.team_scraper:parse_team_stats_row:213 - Estadísticas parseadas: {'team_name': 'Unknown', 'season': None, 'fg_pct': 50.2, 'threep_pct': 39.7, 'ft_pct': 70.1, 'rpg': 58.5, 'apg': 1.355, 'spg': 0.59, 'bpg': 0.0, 'tpg': 0.0, 'ppg': 0.0, 'oppg': 0.0, 'net_rating': 0.0, 'FG%': 50.2, '3P%': 39.7, 'FT%': 70.1, 'REB': 58.5, 'AST': 1.355, 'STL': 0.59, 'BLK': 0.0, 'TO': 0.0, 'PF': 0.0, 'PTS': 0.0}
2025-11-09 12:49:32.440 | INFO     | espn.team_scraper:scrape_team_stats:60 - Estadísticas extraídas exitosamente para milwaukee-bucks
2025-11-09 12:49:32.449 | INFO     | espn.team_scraper:save_team_stats_to_csv:287 - Estadísticas de equipo guardadas en data/raw/team_stats/2024-25_playoffs/mil.csv
2025-11-09 12:49:32.450 | INFO     | espn.team_scraper:scrape_all_teams_stats:339 - Procesando minnesota-timberwolves...
2025-11-09 12:49:33.359 | WARNING  | espn.team_scraper:extract_team_averages:87 - No se encontró el contenedor principal de estadísticas
2025-11-09 12:49:33.360 | INFO     | espn.team_scraper:extract_team_averages:90 - Encontradas 4 tablas
2025-11-09 12:49:33.361 | INFO     | espn.team_scraper:extract_team_averages:98 - ✅ Tabla con estadísticas de porcentajes encontrada
2025-11-09 12:49:33.361 | INFO     | espn.team_scraper:extract_team_averages:120 - Usando última fila como promedios: 14 celdas
2025-11-09 12:49:33.362 | INFO     | espn.team_scraper:parse_team_stats_row:172 - Parseando fila con 14 celdas
2025-11-09 12:49:33.362 | INFO     | espn.team_scraper:parse_team_stats_row:181 -   Celda 0: '42.7'
2025-11-09 12:49:33.362 | INFO     | espn.team_scraper:parse_team_stats_row:181 -   Celda 1: '84.6'
2025-11-09 12:49:33.363 | INFO     | espn.team_scraper:parse_team_stats_row:181 -   Celda 2: '50.5'
2025-11-09 12:49:33.363 | INFO     | espn.team_scraper:parse_team_stats_row:181 -   Celda 3: '14.4'
2025-11-09 12:49:33.363 | INFO     | espn.team_scraper:parse_team_stats_row:181 -   Celda 4: '34.4'
2025-11-09 12:49:33.363 | INFO     | espn.team_scraper:parse_team_stats_row:181 -   Celda 5: '41.9'
2025-11-09 12:49:33.364 | INFO     | espn.team_scraper:parse_team_stats_row:181 -   Celda 6: '19.0'
2025-11-09 12:49:33.364 | INFO     | espn.team_scraper:parse_team_stats_row:181 -   Celda 7: '25.1'
2025-11-09 12:49:33.364 | INFO     | espn.team_scraper:parse_team_stats_row:181 -   Celda 8: '75.7'
2025-11-09 12:49:33.364 | INFO     | espn.team_scraper:parse_team_stats_row:181 -   Celda 9: '28.2'
2025-11-09 12:49:33.365 | INFO     | espn.team_scraper:parse_team_stats_row:213 - Estadísticas parseadas: {'team_name': 'Unknown', 'season': None, 'fg_pct': 50.5, 'threep_pct': 41.9, 'ft_pct': 75.7, 'rpg': 56.3, 'apg': 1.405, 'spg': 0.59, 'bpg': 0.0, 'tpg': 0.0, 'ppg': 0.0, 'oppg': 0.0, 'net_rating': 0.0, 'FG%': 50.5, '3P%': 41.9, 'FT%': 75.7, 'REB': 56.3, 'AST': 1.405, 'STL': 0.59, 'BLK': 0.0, 'TO': 0.0, 'PF': 0.0, 'PTS': 0.0}
2025-11-09 12:49:33.365 | INFO     | espn.team_scraper:scrape_team_stats:60 - Estadísticas extraídas exitosamente para minnesota-timberwolves
2025-11-09 12:49:33.369 | INFO     | espn.team_scraper:save_team_stats_to_csv:287 - Estadísticas de equipo guardadas en data/raw/team_stats/2024-25_playoffs/min.csv
2025-11-09 12:49:33.370 | INFO     | espn.team_scraper:scrape_all_teams_stats:339 - Procesando new-orleans-pelicans...
2025-11-09 12:49:34.247 | WARNING  | espn.team_scraper:extract_team_averages:87 - No se encontró el contenedor principal de estadísticas
2025-11-09 12:49:34.249 | INFO     | espn.team_scraper:extract_team_averages:90 - Encontradas 4 tablas
2025-11-09 12:49:34.249 | INFO     | espn.team_scraper:extract_team_averages:98 - ✅ Tabla con estadísticas de porcentajes encontrada
2025-11-09 12:49:34.251 | INFO     | espn.team_scraper:extract_team_averages:120 - Usando última fila como promedios: 14 celdas
2025-11-09 12:49:34.251 | INFO     | espn.team_scraper:parse_team_stats_row:172 - Parseando fila con 14 celdas
2025-11-09 12:49:34.252 | INFO     | espn.team_scraper:parse_team_stats_row:181 -   Celda 0: '38.8'
2025-11-09 12:49:34.253 | INFO     | espn.team_scraper:parse_team_stats_row:181 -   Celda 1: '89.1'
2025-11-09 12:49:34.253 | INFO     | espn.team_scraper:parse_team_stats_row:181 -   Celda 2: '43.5'
2025-11-09 12:49:34.254 | INFO     | espn.team_scraper:parse_team_stats_row:181 -   Celda 3: '12.4'
2025-11-09 12:49:34.255 | INFO     | espn.team_scraper:parse_team_stats_row:181 -   Celda 4: '34.8'
2025-11-09 12:49:34.256 | INFO     | espn.team_scraper:parse_team_stats_row:181 -   Celda 5: '35.8'
2025-11-09 12:49:34.256 | INFO     | espn.team_scraper:parse_team_stats_row:181 -   Celda 6: '19.1'
2025-11-09 12:49:34.257 | INFO     | espn.team_scraper:parse_team_stats_row:181 -   Celda 7: '25.6'
2025-11-09 12:49:34.257 | INFO     | espn.team_scraper:parse_team_stats_row:181 -   Celda 8: '74.8'
2025-11-09 12:49:34.258 | INFO     | espn.team_scraper:parse_team_stats_row:181 -   Celda 9: '26.3'
2025-11-09 12:49:34.259 | INFO     | espn.team_scraper:parse_team_stats_row:213 - Estadísticas parseadas: {'team_name': 'Unknown', 'season': None, 'fg_pct': 43.5, 'threep_pct': 35.8, 'ft_pct': 74.8, 'rpg': 48.5, 'apg': 1.224, 'spg': 0.5, 'bpg': 0.0, 'tpg': 0.0, 'ppg': 0.0, 'oppg': 0.0, 'net_rating': 0.0, 'FG%': 43.5, '3P%': 35.8, 'FT%': 74.8, 'REB': 48.5, 'AST': 1.224, 'STL': 0.5, 'BLK': 0.0, 'TO': 0.0, 'PF': 0.0, 'PTS': 0.0}
2025-11-09 12:49:34.260 | INFO     | espn.team_scraper:scrape_team_stats:60 - Estadísticas extraídas exitosamente para new-orleans-pelicans
2025-11-09 12:49:34.267 | INFO     | espn.team_scraper:save_team_stats_to_csv:287 - Estadísticas de equipo guardadas en data/raw/team_stats/2024-25_playoffs/no.csv
2025-11-09 12:49:34.267 | INFO     | espn.team_scraper:scrape_all_teams_stats:339 - Procesando new-york-knicks...
2025-11-09 12:49:35.135 | WARNING  | espn.team_scraper:extract_team_averages:87 - No se encontró el contenedor principal de estadísticas
2025-11-09 12:49:35.136 | INFO     | espn.team_scraper:extract_team_averages:90 - Encontradas 4 tablas
2025-11-09 12:49:35.137 | INFO     | espn.team_scraper:extract_team_averages:98 - ✅ Tabla con estadísticas de porcentajes encontrada
2025-11-09 12:49:35.138 | INFO     | espn.team_scraper:extract_team_averages:120 - Usando última fila como promedios: 14 celdas
2025-11-09 12:49:35.138 | INFO     | espn.team_scraper:parse_team_stats_row:172 - Parseando fila con 14 celdas
2025-11-09 12:49:35.138 | INFO     | espn.team_scraper:parse_team_stats_row:181 -   Celda 0: '41.8'
2025-11-09 12:49:35.139 | INFO     | espn.team_scraper:parse_team_stats_row:181 -   Celda 1: '93.0'
2025-11-09 12:49:35.139 | INFO     | espn.team_scraper:parse_team_stats_row:181 -   Celda 2: '44.9'
2025-11-09 12:49:35.139 | INFO     | espn.team_scraper:parse_team_stats_row:181 -   Celda 3: '16.4'
2025-11-09 12:49:35.140 | INFO     | espn.team_scraper:parse_team_stats_row:181 -   Celda 4: '43.6'
2025-11-09 12:49:35.140 | INFO     | espn.team_scraper:parse_team_stats_row:181 -   Celda 5: '37.5'
2025-11-09 12:49:35.140 | INFO     | espn.team_scraper:parse_team_stats_row:181 -   Celda 6: '19.0'
2025-11-09 12:49:35.140 | INFO     | espn.team_scraper:parse_team_stats_row:181 -   Celda 7: '22.4'
2025-11-09 12:49:35.141 | INFO     | espn.team_scraper:parse_team_stats_row:181 -   Celda 8: '84.9'
2025-11-09 12:49:35.141 | INFO     | espn.team_scraper:parse_team_stats_row:181 -   Celda 9: '25.4'
2025-11-09 12:49:35.143 | INFO     | espn.team_scraper:parse_team_stats_row:213 - Estadísticas parseadas: {'team_name': 'Unknown', 'season': None, 'fg_pct': 44.9, 'threep_pct': 37.5, 'ft_pct': 84.9, 'rpg': 51.4, 'apg': 1.278, 'spg': 0.54, 'bpg': 0.0, 'tpg': 0.0, 'ppg': 0.0, 'oppg': 0.0, 'net_rating': 0.0, 'FG%': 44.9, '3P%': 37.5, 'FT%': 84.9, 'REB': 51.4, 'AST': 1.278, 'STL': 0.54, 'BLK': 0.0, 'TO': 0.0, 'PF': 0.0, 'PTS': 0.0}
2025-11-09 12:49:35.143 | INFO     | espn.team_scraper:scrape_team_stats:60 - Estadísticas extraídas exitosamente para new-york-knicks
2025-11-09 12:49:35.151 | INFO     | espn.team_scraper:save_team_stats_to_csv:287 - Estadísticas de equipo guardadas en data/raw/team_stats/2024-25_playoffs/ny.csv
2025-11-09 12:49:35.152 | INFO     | espn.team_scraper:scrape_all_teams_stats:339 - Procesando oklahoma-city-thunder...
2025-11-09 12:49:36.344 | WARNING  | espn.team_scraper:extract_team_averages:87 - No se encontró el contenedor principal de estadísticas
2025-11-09 12:49:36.345 | INFO     | espn.team_scraper:extract_team_averages:90 - Encontradas 4 tablas
2025-11-09 12:49:36.346 | INFO     | espn.team_scraper:extract_team_averages:98 - ✅ Tabla con estadísticas de porcentajes encontrada
2025-11-09 12:49:36.347 | INFO     | espn.team_scraper:extract_team_averages:120 - Usando última fila como promedios: 14 celdas
2025-11-09 12:49:36.347 | INFO     | espn.team_scraper:parse_team_stats_row:172 - Parseando fila con 14 celdas
2025-11-09 12:49:36.348 | INFO     | espn.team_scraper:parse_team_stats_row:181 -   Celda 0: '43.9'
2025-11-09 12:49:36.348 | INFO     | espn.team_scraper:parse_team_stats_row:181 -   Celda 1: '92.4'
2025-11-09 12:49:36.348 | INFO     | espn.team_scraper:parse_team_stats_row:181 -   Celda 2: '47.5'
2025-11-09 12:49:36.349 | INFO     | espn.team_scraper:parse_team_stats_row:181 -   Celda 3: '13.9'
2025-11-09 12:49:36.349 | INFO     | espn.team_scraper:parse_team_stats_row:181 -   Celda 4: '40.6'
2025-11-09 12:49:36.349 | INFO     | espn.team_scraper:parse_team_stats_row:181 -   Celda 5: '34.2'
2025-11-09 12:49:36.349 | INFO     | espn.team_scraper:parse_team_stats_row:181 -   Celda 6: '21.5'
2025-11-09 12:49:36.350 | INFO     | espn.team_scraper:parse_team_stats_row:181 -   Celda 7: '24.9'
2025-11-09 12:49:36.350 | INFO     | espn.team_scraper:parse_team_stats_row:181 -   Celda 8: '86.3'
2025-11-09 12:49:36.351 | INFO     | espn.team_scraper:parse_team_stats_row:181 -   Celda 9: '30.0'
2025-11-09 12:49:36.351 | INFO     | espn.team_scraper:parse_team_stats_row:213 - Estadísticas parseadas: {'team_name': 'Unknown', 'season': None, 'fg_pct': 47.5, 'threep_pct': 34.2, 'ft_pct': 86.3, 'rpg': 57.9, 'apg': 1.333, 'spg': 0.55, 'bpg': 0.0, 'tpg': 0.0, 'ppg': 0.0, 'oppg': 0.0, 'net_rating': 0.0, 'FG%': 47.5, '3P%': 34.2, 'FT%': 86.3, 'REB': 57.9, 'AST': 1.333, 'STL': 0.55, 'BLK': 0.0, 'TO': 0.0, 'PF': 0.0, 'PTS': 0.0}
2025-11-09 12:49:36.351 | INFO     | espn.team_scraper:scrape_team_stats:60 - Estadísticas extraídas exitosamente para oklahoma-city-thunder
2025-11-09 12:49:36.360 | INFO     | espn.team_scraper:save_team_stats_to_csv:287 - Estadísticas de equipo guardadas en data/raw/team_stats/2024-25_playoffs/okc.csv
2025-11-09 12:49:36.361 | INFO     | espn.team_scraper:scrape_all_teams_stats:339 - Procesando orlando-magic...
2025-11-09 12:49:37.700 | WARNING  | espn.team_scraper:extract_team_averages:87 - No se encontró el contenedor principal de estadísticas
2025-11-09 12:49:37.701 | INFO     | espn.team_scraper:extract_team_averages:90 - Encontradas 4 tablas
2025-11-09 12:49:37.702 | INFO     | espn.team_scraper:extract_team_averages:98 - ✅ Tabla con estadísticas de porcentajes encontrada
2025-11-09 12:49:37.703 | INFO     | espn.team_scraper:extract_team_averages:120 - Usando última fila como promedios: 14 celdas
2025-11-09 12:49:37.704 | INFO     | espn.team_scraper:parse_team_stats_row:172 - Parseando fila con 14 celdas
2025-11-09 12:49:37.704 | INFO     | espn.team_scraper:parse_team_stats_row:181 -   Celda 0: '40.6'
2025-11-09 12:49:37.704 | INFO     | espn.team_scraper:parse_team_stats_row:181 -   Celda 1: '84.9'
2025-11-09 12:49:37.704 | INFO     | espn.team_scraper:parse_team_stats_row:181 -   Celda 2: '47.8'
2025-11-09 12:49:37.705 | INFO     | espn.team_scraper:parse_team_stats_row:181 -   Celda 3: '11.1'
2025-11-09 12:49:37.705 | INFO     | espn.team_scraper:parse_team_stats_row:181 -   Celda 4: '31.7'
2025-11-09 12:49:37.706 | INFO     | espn.team_scraper:parse_team_stats_row:181 -   Celda 5: '35.1'
2025-11-09 12:49:37.706 | INFO     | espn.team_scraper:parse_team_stats_row:181 -   Celda 6: '24.8'
2025-11-09 12:49:37.707 | INFO     | espn.team_scraper:parse_team_stats_row:181 -   Celda 7: '32.4'
2025-11-09 12:49:37.707 | INFO     | espn.team_scraper:parse_team_stats_row:181 -   Celda 8: '76.4'
2025-11-09 12:49:37.707 | INFO     | espn.team_scraper:parse_team_stats_row:181 -   Celda 9: '29.4'
2025-11-09 12:49:37.708 | INFO     | espn.team_scraper:parse_team_stats_row:213 - Estadísticas parseadas: {'team_name': 'Unknown', 'season': None, 'fg_pct': 47.8, 'threep_pct': 35.1, 'ft_pct': 76.4, 'rpg': 55.3, 'apg': 1.378, 'spg': 0.54, 'bpg': 0.0, 'tpg': 0.0, 'ppg': 0.0, 'oppg': 0.0, 'net_rating': 0.0, 'FG%': 47.8, '3P%': 35.1, 'FT%': 76.4, 'REB': 55.3, 'AST': 1.378, 'STL': 0.54, 'BLK': 0.0, 'TO': 0.0, 'PF': 0.0, 'PTS': 0.0}
2025-11-09 12:49:37.709 | INFO     | espn.team_scraper:scrape_team_stats:60 - Estadísticas extraídas exitosamente para orlando-magic
2025-11-09 12:49:37.717 | INFO     | espn.team_scraper:save_team_stats_to_csv:287 - Estadísticas de equipo guardadas en data/raw/team_stats/2024-25_playoffs/orl.csv
2025-11-09 12:49:37.717 | INFO     | espn.team_scraper:scrape_all_teams_stats:339 - Procesando philadelphia-76ers...
2025-11-09 12:49:38.921 | WARNING  | espn.team_scraper:extract_team_averages:87 - No se encontró el contenedor principal de estadísticas
2025-11-09 12:49:38.922 | INFO     | espn.team_scraper:extract_team_averages:90 - Encontradas 4 tablas
2025-11-09 12:49:38.924 | INFO     | espn.team_scraper:extract_team_averages:98 - ✅ Tabla con estadísticas de porcentajes encontrada
2025-11-09 12:49:38.927 | INFO     | espn.team_scraper:extract_team_averages:120 - Usando última fila como promedios: 14 celdas
2025-11-09 12:49:38.928 | INFO     | espn.team_scraper:parse_team_stats_row:172 - Parseando fila con 14 celdas
2025-11-09 12:49:38.929 | INFO     | espn.team_scraper:parse_team_stats_row:181 -   Celda 0: '43.7'
2025-11-09 12:49:38.929 | INFO     | espn.team_scraper:parse_team_stats_row:181 -   Celda 1: '91.4'
2025-11-09 12:49:38.930 | INFO     | espn.team_scraper:parse_team_stats_row:181 -   Celda 2: '47.8'
2025-11-09 12:49:38.931 | INFO     | espn.team_scraper:parse_team_stats_row:181 -   Celda 3: '14.0'
2025-11-09 12:49:38.931 | INFO     | espn.team_scraper:parse_team_stats_row:181 -   Celda 4: '36.1'
2025-11-09 12:49:38.931 | INFO     | espn.team_scraper:parse_team_stats_row:181 -   Celda 5: '38.8'
2025-11-09 12:49:38.931 | INFO     | espn.team_scraper:parse_team_stats_row:181 -   Celda 6: '22.7'
2025-11-09 12:49:38.932 | INFO     | espn.team_scraper:parse_team_stats_row:181 -   Celda 7: '28.8'
2025-11-09 12:49:38.932 | INFO     | espn.team_scraper:parse_team_stats_row:181 -   Celda 8: '78.8'
2025-11-09 12:49:38.933 | INFO     | espn.team_scraper:parse_team_stats_row:181 -   Celda 9: '29.7'
2025-11-09 12:49:38.933 | INFO     | espn.team_scraper:parse_team_stats_row:213 - Estadísticas parseadas: {'team_name': 'Unknown', 'season': None, 'fg_pct': 47.8, 'threep_pct': 38.8, 'ft_pct': 78.8, 'rpg': 53.6, 'apg': 1.356, 'spg': 0.55, 'bpg': 0.0, 'tpg': 0.0, 'ppg': 0.0, 'oppg': 0.0, 'net_rating': 0.0, 'FG%': 47.8, '3P%': 38.8, 'FT%': 78.8, 'REB': 53.6, 'AST': 1.356, 'STL': 0.55, 'BLK': 0.0, 'TO': 0.0, 'PF': 0.0, 'PTS': 0.0}
2025-11-09 12:49:38.933 | INFO     | espn.team_scraper:scrape_team_stats:60 - Estadísticas extraídas exitosamente para philadelphia-76ers
2025-11-09 12:49:38.939 | INFO     | espn.team_scraper:save_team_stats_to_csv:287 - Estadísticas de equipo guardadas en data/raw/team_stats/2024-25_playoffs/phi.csv
2025-11-09 12:49:38.940 | INFO     | espn.team_scraper:scrape_all_teams_stats:339 - Procesando phoenix-suns...
2025-11-09 12:49:40.099 | WARNING  | espn.team_scraper:extract_team_averages:87 - No se encontró el contenedor principal de estadísticas
2025-11-09 12:49:40.100 | INFO     | espn.team_scraper:extract_team_averages:90 - Encontradas 4 tablas
2025-11-09 12:49:40.101 | INFO     | espn.team_scraper:extract_team_averages:98 - ✅ Tabla con estadísticas de porcentajes encontrada
2025-11-09 12:49:40.101 | INFO     | espn.team_scraper:extract_team_averages:120 - Usando última fila como promedios: 14 celdas
2025-11-09 12:49:40.102 | INFO     | espn.team_scraper:parse_team_stats_row:172 - Parseando fila con 14 celdas
2025-11-09 12:49:40.102 | INFO     | espn.team_scraper:parse_team_stats_row:181 -   Celda 0: '41.6'
2025-11-09 12:49:40.102 | INFO     | espn.team_scraper:parse_team_stats_row:181 -   Celda 1: '90.1'
2025-11-09 12:49:40.102 | INFO     | espn.team_scraper:parse_team_stats_row:181 -   Celda 2: '46.2'
2025-11-09 12:49:40.103 | INFO     | espn.team_scraper:parse_team_stats_row:181 -   Celda 3: '16.2'
2025-11-09 12:49:40.103 | INFO     | espn.team_scraper:parse_team_stats_row:181 -   Celda 4: '42.7'
2025-11-09 12:49:40.103 | INFO     | espn.team_scraper:parse_team_stats_row:181 -   Celda 5: '37.9'
2025-11-09 12:49:40.103 | INFO     | espn.team_scraper:parse_team_stats_row:181 -   Celda 6: '17.0'
2025-11-09 12:49:40.104 | INFO     | espn.team_scraper:parse_team_stats_row:181 -   Celda 7: '20.9'
2025-11-09 12:49:40.104 | INFO     | espn.team_scraper:parse_team_stats_row:181 -   Celda 8: '81.3'
2025-11-09 12:49:40.105 | INFO     | espn.team_scraper:parse_team_stats_row:181 -   Celda 9: '25.4'
2025-11-09 12:49:40.105 | INFO     | espn.team_scraper:parse_team_stats_row:213 - Estadísticas parseadas: {'team_name': 'Unknown', 'season': None, 'fg_pct': 46.2, 'threep_pct': 37.9, 'ft_pct': 81.3, 'rpg': 53.6, 'apg': 1.292, 'spg': 0.55, 'bpg': 0.0, 'tpg': 0.0, 'ppg': 0.0, 'oppg': 0.0, 'net_rating': 0.0, 'FG%': 46.2, '3P%': 37.9, 'FT%': 81.3, 'REB': 53.6, 'AST': 1.292, 'STL': 0.55, 'BLK': 0.0, 'TO': 0.0, 'PF': 0.0, 'PTS': 0.0}
2025-11-09 12:49:40.105 | INFO     | espn.team_scraper:scrape_team_stats:60 - Estadísticas extraídas exitosamente para phoenix-suns
2025-11-09 12:49:40.112 | INFO     | espn.team_scraper:save_team_stats_to_csv:287 - Estadísticas de equipo guardadas en data/raw/team_stats/2024-25_playoffs/phx.csv
2025-11-09 12:49:40.112 | INFO     | espn.team_scraper:scrape_all_teams_stats:339 - Procesando portland-trail-blazers...
2025-11-09 12:49:41.346 | WARNING  | espn.team_scraper:extract_team_averages:87 - No se encontró el contenedor principal de estadísticas
2025-11-09 12:49:41.347 | INFO     | espn.team_scraper:extract_team_averages:90 - Encontradas 4 tablas
2025-11-09 12:49:41.348 | INFO     | espn.team_scraper:extract_team_averages:98 - ✅ Tabla con estadísticas de porcentajes encontrada
2025-11-09 12:49:41.348 | INFO     | espn.team_scraper:extract_team_averages:120 - Usando última fila como promedios: 14 celdas
2025-11-09 12:49:41.349 | INFO     | espn.team_scraper:parse_team_stats_row:172 - Parseando fila con 14 celdas
2025-11-09 12:49:41.349 | INFO     | espn.team_scraper:parse_team_stats_row:181 -   Celda 0: '42.0'
2025-11-09 12:49:41.349 | INFO     | espn.team_scraper:parse_team_stats_row:181 -   Celda 1: '94.1'
2025-11-09 12:49:41.350 | INFO     | espn.team_scraper:parse_team_stats_row:181 -   Celda 2: '44.6'
2025-11-09 12:49:41.350 | INFO     | espn.team_scraper:parse_team_stats_row:181 -   Celda 3: '14.2'
2025-11-09 12:49:41.350 | INFO     | espn.team_scraper:parse_team_stats_row:181 -   Celda 4: '43.1'
2025-11-09 12:49:41.350 | INFO     | espn.team_scraper:parse_team_stats_row:181 -   Celda 5: '33.0'
2025-11-09 12:49:41.351 | INFO     | espn.team_scraper:parse_team_stats_row:181 -   Celda 6: '23.3'
2025-11-09 12:49:41.351 | INFO     | espn.team_scraper:parse_team_stats_row:181 -   Celda 7: '28.0'
2025-11-09 12:49:41.351 | INFO     | espn.team_scraper:parse_team_stats_row:181 -   Celda 8: '83.3'
2025-11-09 12:49:41.352 | INFO     | espn.team_scraper:parse_team_stats_row:181 -   Celda 9: '27.8'
2025-11-09 12:49:41.352 | INFO     | espn.team_scraper:parse_team_stats_row:213 - Estadísticas parseadas: {'team_name': 'Unknown', 'season': None, 'fg_pct': 44.6, 'threep_pct': 33.0, 'ft_pct': 83.3, 'rpg': 54.5, 'apg': 1.292, 'spg': 0.52, 'bpg': 0.0, 'tpg': 0.0, 'ppg': 0.0, 'oppg': 0.0, 'net_rating': 0.0, 'FG%': 44.6, '3P%': 33.0, 'FT%': 83.3, 'REB': 54.5, 'AST': 1.292, 'STL': 0.52, 'BLK': 0.0, 'TO': 0.0, 'PF': 0.0, 'PTS': 0.0}
2025-11-09 12:49:41.353 | INFO     | espn.team_scraper:scrape_team_stats:60 - Estadísticas extraídas exitosamente para portland-trail-blazers
2025-11-09 12:49:41.358 | INFO     | espn.team_scraper:save_team_stats_to_csv:287 - Estadísticas de equipo guardadas en data/raw/team_stats/2024-25_playoffs/por.csv
2025-11-09 12:49:41.359 | INFO     | espn.team_scraper:scrape_all_teams_stats:339 - Procesando sacramento-kings...
2025-11-09 12:49:42.320 | WARNING  | espn.team_scraper:extract_team_averages:87 - No se encontró el contenedor principal de estadísticas
2025-11-09 12:49:42.321 | INFO     | espn.team_scraper:extract_team_averages:90 - Encontradas 4 tablas
2025-11-09 12:49:42.322 | INFO     | espn.team_scraper:extract_team_averages:98 - ✅ Tabla con estadísticas de porcentajes encontrada
2025-11-09 12:49:42.322 | INFO     | espn.team_scraper:extract_team_averages:120 - Usando última fila como promedios: 14 celdas
2025-11-09 12:49:42.323 | INFO     | espn.team_scraper:parse_team_stats_row:172 - Parseando fila con 14 celdas
2025-11-09 12:49:42.323 | INFO     | espn.team_scraper:parse_team_stats_row:181 -   Celda 0: '42.4'
2025-11-09 12:49:42.323 | INFO     | espn.team_scraper:parse_team_stats_row:181 -   Celda 1: '88.6'
2025-11-09 12:49:42.324 | INFO     | espn.team_scraper:parse_team_stats_row:181 -   Celda 2: '47.9'
2025-11-09 12:49:42.324 | INFO     | espn.team_scraper:parse_team_stats_row:181 -   Celda 3: '11.4'
2025-11-09 12:49:42.324 | INFO     | espn.team_scraper:parse_team_stats_row:181 -   Celda 4: '30.4'
2025-11-09 12:49:42.324 | INFO     | espn.team_scraper:parse_team_stats_row:181 -   Celda 5: '37.6'
2025-11-09 12:49:42.326 | INFO     | espn.team_scraper:parse_team_stats_row:181 -   Celda 6: '18.8'
2025-11-09 12:49:42.326 | INFO     | espn.team_scraper:parse_team_stats_row:181 -   Celda 7: '24.0'
2025-11-09 12:49:42.327 | INFO     | espn.team_scraper:parse_team_stats_row:181 -   Celda 8: '78.2'
2025-11-09 12:49:42.327 | INFO     | espn.team_scraper:parse_team_stats_row:181 -   Celda 9: '31.0'
2025-11-09 12:49:42.328 | INFO     | espn.team_scraper:parse_team_stats_row:213 - Estadísticas parseadas: {'team_name': 'Unknown', 'season': None, 'fg_pct': 47.9, 'threep_pct': 37.6, 'ft_pct': 78.2, 'rpg': 53.3, 'apg': 1.3, 'spg': 0.54, 'bpg': 0.0, 'tpg': 0.0, 'ppg': 0.0, 'oppg': 0.0, 'net_rating': 0.0, 'FG%': 47.9, '3P%': 37.6, 'FT%': 78.2, 'REB': 53.3, 'AST': 1.3, 'STL': 0.54, 'BLK': 0.0, 'TO': 0.0, 'PF': 0.0, 'PTS': 0.0}
2025-11-09 12:49:42.328 | INFO     | espn.team_scraper:scrape_team_stats:60 - Estadísticas extraídas exitosamente para sacramento-kings
2025-11-09 12:49:42.333 | INFO     | espn.team_scraper:save_team_stats_to_csv:287 - Estadísticas de equipo guardadas en data/raw/team_stats/2024-25_playoffs/sac.csv
2025-11-09 12:49:42.334 | INFO     | espn.team_scraper:scrape_all_teams_stats:339 - Procesando san-antonio-spurs...
2025-11-09 12:49:43.211 | WARNING  | espn.team_scraper:extract_team_averages:87 - No se encontró el contenedor principal de estadísticas
2025-11-09 12:49:43.213 | INFO     | espn.team_scraper:extract_team_averages:90 - Encontradas 4 tablas
2025-11-09 12:49:43.215 | INFO     | espn.team_scraper:extract_team_averages:98 - ✅ Tabla con estadísticas de porcentajes encontrada
2025-11-09 12:49:43.216 | INFO     | espn.team_scraper:extract_team_averages:120 - Usando última fila como promedios: 14 celdas
2025-11-09 12:49:43.216 | INFO     | espn.team_scraper:parse_team_stats_row:172 - Parseando fila con 14 celdas
2025-11-09 12:49:43.217 | INFO     | espn.team_scraper:parse_team_stats_row:181 -   Celda 0: '42.2'
2025-11-09 12:49:43.218 | INFO     | espn.team_scraper:parse_team_stats_row:181 -   Celda 1: '85.0'
2025-11-09 12:49:43.219 | INFO     | espn.team_scraper:parse_team_stats_row:181 -   Celda 2: '49.7'
2025-11-09 12:49:43.219 | INFO     | espn.team_scraper:parse_team_stats_row:181 -   Celda 3: '12.8'
2025-11-09 12:49:43.219 | INFO     | espn.team_scraper:parse_team_stats_row:181 -   Celda 4: '35.2'
2025-11-09 12:49:43.220 | INFO     | espn.team_scraper:parse_team_stats_row:181 -   Celda 5: '36.3'
2025-11-09 12:49:43.220 | INFO     | espn.team_scraper:parse_team_stats_row:181 -   Celda 6: '21.9'
2025-11-09 12:49:43.220 | INFO     | espn.team_scraper:parse_team_stats_row:181 -   Celda 7: '28.3'
2025-11-09 12:49:43.221 | INFO     | espn.team_scraper:parse_team_stats_row:181 -   Celda 8: '77.3'
2025-11-09 12:49:43.221 | INFO     | espn.team_scraper:parse_team_stats_row:181 -   Celda 9: '29.4'
2025-11-09 12:49:43.222 | INFO     | espn.team_scraper:parse_team_stats_row:213 - Estadísticas parseadas: {'team_name': 'Unknown', 'season': None, 'fg_pct': 49.7, 'threep_pct': 36.3, 'ft_pct': 77.3, 'rpg': 59.2, 'apg': 1.401, 'spg': 0.57, 'bpg': 0.0, 'tpg': 0.0, 'ppg': 0.0, 'oppg': 0.0, 'net_rating': 0.0, 'FG%': 49.7, '3P%': 36.3, 'FT%': 77.3, 'REB': 59.2, 'AST': 1.401, 'STL': 0.57, 'BLK': 0.0, 'TO': 0.0, 'PF': 0.0, 'PTS': 0.0}
2025-11-09 12:49:43.222 | INFO     | espn.team_scraper:scrape_team_stats:60 - Estadísticas extraídas exitosamente para san-antonio-spurs
2025-11-09 12:49:43.229 | INFO     | espn.team_scraper:save_team_stats_to_csv:287 - Estadísticas de equipo guardadas en data/raw/team_stats/2024-25_playoffs/sa.csv
2025-11-09 12:49:43.232 | INFO     | espn.team_scraper:scrape_all_teams_stats:339 - Procesando toronto-raptors...
2025-11-09 12:49:44.343 | WARNING  | espn.team_scraper:extract_team_averages:87 - No se encontró el contenedor principal de estadísticas
2025-11-09 12:49:44.344 | INFO     | espn.team_scraper:extract_team_averages:90 - Encontradas 4 tablas
2025-11-09 12:49:44.344 | INFO     | espn.team_scraper:extract_team_averages:98 - ✅ Tabla con estadísticas de porcentajes encontrada
2025-11-09 12:49:44.345 | INFO     | espn.team_scraper:extract_team_averages:120 - Usando última fila como promedios: 14 celdas
2025-11-09 12:49:44.346 | INFO     | espn.team_scraper:parse_team_stats_row:172 - Parseando fila con 14 celdas
2025-11-09 12:49:44.346 | INFO     | espn.team_scraper:parse_team_stats_row:181 -   Celda 0: '43.2'
2025-11-09 12:49:44.347 | INFO     | espn.team_scraper:parse_team_stats_row:181 -   Celda 1: '88.7'
2025-11-09 12:49:44.347 | INFO     | espn.team_scraper:parse_team_stats_row:181 -   Celda 2: '48.7'
2025-11-09 12:49:44.347 | INFO     | espn.team_scraper:parse_team_stats_row:181 -   Celda 3: '13.2'
2025-11-09 12:49:44.348 | INFO     | espn.team_scraper:parse_team_stats_row:181 -   Celda 4: '33.8'
2025-11-09 12:49:44.348 | INFO     | espn.team_scraper:parse_team_stats_row:181 -   Celda 5: '39.1'
2025-11-09 12:49:44.348 | INFO     | espn.team_scraper:parse_team_stats_row:181 -   Celda 6: '19.7'
2025-11-09 12:49:44.348 | INFO     | espn.team_scraper:parse_team_stats_row:181 -   Celda 7: '25.3'
2025-11-09 12:49:44.349 | INFO     | espn.team_scraper:parse_team_stats_row:181 -   Celda 8: '77.9'
2025-11-09 12:49:44.349 | INFO     | espn.team_scraper:parse_team_stats_row:181 -   Celda 9: '30.0'
2025-11-09 12:49:44.350 | INFO     | espn.team_scraper:parse_team_stats_row:213 - Estadísticas parseadas: {'team_name': 'Unknown', 'season': None, 'fg_pct': 48.7, 'threep_pct': 39.1, 'ft_pct': 77.9, 'rpg': 54.6, 'apg': 1.345, 'spg': 0.56, 'bpg': 0.0, 'tpg': 0.0, 'ppg': 0.0, 'oppg': 0.0, 'net_rating': 0.0, 'FG%': 48.7, '3P%': 39.1, 'FT%': 77.9, 'REB': 54.6, 'AST': 1.345, 'STL': 0.56, 'BLK': 0.0, 'TO': 0.0, 'PF': 0.0, 'PTS': 0.0}
2025-11-09 12:49:44.350 | INFO     | espn.team_scraper:scrape_team_stats:60 - Estadísticas extraídas exitosamente para toronto-raptors
2025-11-09 12:49:44.354 | INFO     | espn.team_scraper:save_team_stats_to_csv:287 - Estadísticas de equipo guardadas en data/raw/team_stats/2024-25_playoffs/tor.csv
2025-11-09 12:49:44.354 | INFO     | espn.team_scraper:scrape_all_teams_stats:339 - Procesando utah-jazz...
2025-11-09 12:49:45.584 | WARNING  | espn.team_scraper:extract_team_averages:87 - No se encontró el contenedor principal de estadísticas
2025-11-09 12:49:45.585 | INFO     | espn.team_scraper:extract_team_averages:90 - Encontradas 4 tablas
2025-11-09 12:49:45.586 | INFO     | espn.team_scraper:extract_team_averages:98 - ✅ Tabla con estadísticas de porcentajes encontrada
2025-11-09 12:49:45.587 | INFO     | espn.team_scraper:extract_team_averages:120 - Usando última fila como promedios: 14 celdas
2025-11-09 12:49:45.587 | INFO     | espn.team_scraper:parse_team_stats_row:172 - Parseando fila con 14 celdas
2025-11-09 12:49:45.588 | INFO     | espn.team_scraper:parse_team_stats_row:181 -   Celda 0: '38.1'
2025-11-09 12:49:45.588 | INFO     | espn.team_scraper:parse_team_stats_row:181 -   Celda 1: '88.6'
2025-11-09 12:49:45.588 | INFO     | espn.team_scraper:parse_team_stats_row:181 -   Celda 2: '43.0'
2025-11-09 12:49:45.589 | INFO     | espn.team_scraper:parse_team_stats_row:181 -   Celda 3: '11.8'
2025-11-09 12:49:45.589 | INFO     | espn.team_scraper:parse_team_stats_row:181 -   Celda 4: '38.6'
2025-11-09 12:49:45.589 | INFO     | espn.team_scraper:parse_team_stats_row:181 -   Celda 5: '30.5'
2025-11-09 12:49:45.590 | INFO     | espn.team_scraper:parse_team_stats_row:181 -   Celda 6: '24.1'
2025-11-09 12:49:45.590 | INFO     | espn.team_scraper:parse_team_stats_row:181 -   Celda 7: '29.1'
2025-11-09 12:49:45.590 | INFO     | espn.team_scraper:parse_team_stats_row:181 -   Celda 8: '82.8'
2025-11-09 12:49:45.591 | INFO     | espn.team_scraper:parse_team_stats_row:181 -   Celda 9: '26.3'
2025-11-09 12:49:45.591 | INFO     | espn.team_scraper:parse_team_stats_row:213 - Estadísticas parseadas: {'team_name': 'Unknown', 'season': None, 'fg_pct': 43.0, 'threep_pct': 30.5, 'ft_pct': 82.8, 'rpg': 52.7, 'apg': 1.266, 'spg': 0.5, 'bpg': 0.0, 'tpg': 0.0, 'ppg': 0.0, 'oppg': 0.0, 'net_rating': 0.0, 'FG%': 43.0, '3P%': 30.5, 'FT%': 82.8, 'REB': 52.7, 'AST': 1.266, 'STL': 0.5, 'BLK': 0.0, 'TO': 0.0, 'PF': 0.0, 'PTS': 0.0}
2025-11-09 12:49:45.592 | INFO     | espn.team_scraper:scrape_team_stats:60 - Estadísticas extraídas exitosamente para utah-jazz
2025-11-09 12:49:45.599 | INFO     | espn.team_scraper:save_team_stats_to_csv:287 - Estadísticas de equipo guardadas en data/raw/team_stats/2024-25_playoffs/utah.csv
2025-11-09 12:49:45.600 | INFO     | espn.team_scraper:scrape_all_teams_stats:339 - Procesando washington-wizards...
2025-11-09 12:49:46.704 | WARNING  | espn.team_scraper:extract_team_averages:87 - No se encontró el contenedor principal de estadísticas
2025-11-09 12:49:46.705 | INFO     | espn.team_scraper:extract_team_averages:90 - Encontradas 4 tablas
2025-11-09 12:49:46.708 | INFO     | espn.team_scraper:extract_team_averages:98 - ✅ Tabla con estadísticas de porcentajes encontrada
2025-11-09 12:49:46.711 | INFO     | espn.team_scraper:extract_team_averages:120 - Usando última fila como promedios: 14 celdas
2025-11-09 12:49:46.712 | INFO     | espn.team_scraper:parse_team_stats_row:172 - Parseando fila con 14 celdas
2025-11-09 12:49:46.714 | INFO     | espn.team_scraper:parse_team_stats_row:181 -   Celda 0: '41.1'
2025-11-09 12:49:46.721 | INFO     | espn.team_scraper:parse_team_stats_row:181 -   Celda 1: '90.9'
2025-11-09 12:49:46.727 | INFO     | espn.team_scraper:parse_team_stats_row:181 -   Celda 2: '45.2'
2025-11-09 12:49:46.730 | INFO     | espn.team_scraper:parse_team_stats_row:181 -   Celda 3: '13.3'
2025-11-09 12:49:46.732 | INFO     | espn.team_scraper:parse_team_stats_row:181 -   Celda 4: '36.0'
2025-11-09 12:49:46.733 | INFO     | espn.team_scraper:parse_team_stats_row:181 -   Celda 5: '36.9'
2025-11-09 12:49:46.735 | INFO     | espn.team_scraper:parse_team_stats_row:181 -   Celda 6: '16.0'
2025-11-09 12:49:46.736 | INFO     | espn.team_scraper:parse_team_stats_row:181 -   Celda 7: '21.8'
2025-11-09 12:49:46.737 | INFO     | espn.team_scraper:parse_team_stats_row:181 -   Celda 8: '73.4'
2025-11-09 12:49:46.738 | INFO     | espn.team_scraper:parse_team_stats_row:181 -   Celda 9: '27.8'
2025-11-09 12:49:46.740 | INFO     | espn.team_scraper:parse_team_stats_row:213 - Estadísticas parseadas: {'team_name': 'Unknown', 'season': None, 'fg_pct': 45.2, 'threep_pct': 36.9, 'ft_pct': 73.4, 'rpg': 50.6, 'apg': 1.227, 'spg': 0.53, 'bpg': 0.0, 'tpg': 0.0, 'ppg': 0.0, 'oppg': 0.0, 'net_rating': 0.0, 'FG%': 45.2, '3P%': 36.9, 'FT%': 73.4, 'REB': 50.6, 'AST': 1.227, 'STL': 0.53, 'BLK': 0.0, 'TO': 0.0, 'PF': 0.0, 'PTS': 0.0}
2025-11-09 12:49:46.741 | INFO     | espn.team_scraper:scrape_team_stats:60 - Estadísticas extraídas exitosamente para washington-wizards
2025-11-09 12:49:46.756 | INFO     | espn.team_scraper:save_team_stats_to_csv:287 - Estadísticas de equipo guardadas en data/raw/team_stats/2024-25_playoffs/wsh.csv
2025-11-09 12:49:46.757 | INFO     | espn.team_scraper:scrape_all_teams_stats:349 - Scraping de estadísticas de equipos completado: 30/30 equipos
2025-11-09 12:49:46.758 | INFO     | __main__:main:56 - 
================================================================================
2025-11-09 12:49:46.759 | INFO     | __main__:main:57 - SCRAPING COMPLETADO
2025-11-09 12:49:46.760 | INFO     | __main__:main:58 - ================================================================================
