2025-11-09 12:48:06.895 | INFO     | __main__:main:47 - ================================================================================
2025-11-09 12:48:06.896 | INFO     | __main__:main:48 - SCRAPING DE ESTADISTICAS DE EQUIPOS NBA
2025-11-09 12:48:06.896 | INFO     | __main__:main:49 -    Temporada: 2023-24
2025-11-09 12:48:06.897 | INFO     | __main__:main:50 -    Tipo: PLAYOFFS
2025-11-09 12:48:06.897 | INFO     | __main__:main:51 - ================================================================================

2025-11-09 12:48:06.900 | INFO     | espn.team_scraper:scrape_all_teams_stats:335 - Iniciando scraping de estadísticas para 30 equipos - Temporada: 2023-24 playoffs
2025-11-09 12:48:06.900 | INFO     | espn.team_scraper:scrape_all_teams_stats:339 - Procesando atlanta-hawks...
2025-11-09 12:48:08.141 | WARNING  | espn.team_scraper:extract_team_averages:87 - No se encontró el contenedor principal de estadísticas
2025-11-09 12:48:08.143 | INFO     | espn.team_scraper:extract_team_averages:90 - Encontradas 4 tablas
2025-11-09 12:48:08.144 | INFO     | espn.team_scraper:extract_team_averages:98 - ✅ Tabla con estadísticas de porcentajes encontrada
2025-11-09 12:48:08.145 | INFO     | espn.team_scraper:extract_team_averages:120 - Usando última fila como promedios: 14 celdas
2025-11-09 12:48:08.146 | INFO     | espn.team_scraper:parse_team_stats_row:172 - Parseando fila con 14 celdas
2025-11-09 12:48:08.148 | INFO     | espn.team_scraper:parse_team_stats_row:181 -   Celda 0: '41.8'
2025-11-09 12:48:08.149 | INFO     | espn.team_scraper:parse_team_stats_row:181 -   Celda 1: '88.3'
2025-11-09 12:48:08.149 | INFO     | espn.team_scraper:parse_team_stats_row:181 -   Celda 2: '47.3'
2025-11-09 12:48:08.149 | INFO     | espn.team_scraper:parse_team_stats_row:181 -   Celda 3: '11.2'
2025-11-09 12:48:08.150 | INFO     | espn.team_scraper:parse_team_stats_row:181 -   Celda 4: '32.8'
2025-11-09 12:48:08.150 | INFO     | espn.team_scraper:parse_team_stats_row:181 -   Celda 5: '34.1'
2025-11-09 12:48:08.151 | INFO     | espn.team_scraper:parse_team_stats_row:181 -   Celda 6: '20.4'
2025-11-09 12:48:08.151 | INFO     | espn.team_scraper:parse_team_stats_row:181 -   Celda 7: '25.9'
2025-11-09 12:48:08.151 | INFO     | espn.team_scraper:parse_team_stats_row:181 -   Celda 8: '78.8'
2025-11-09 12:48:08.151 | INFO     | espn.team_scraper:parse_team_stats_row:181 -   Celda 9: '30.6'
2025-11-09 12:48:08.152 | INFO     | espn.team_scraper:parse_team_stats_row:213 - Estadísticas parseadas: {'team_name': 'Unknown', 'season': None, 'fg_pct': 47.3, 'threep_pct': 34.1, 'ft_pct': 78.8, 'rpg': 55.1, 'apg': 1.305, 'spg': 0.54, 'bpg': 0.0, 'tpg': 0.0, 'ppg': 0.0, 'oppg': 0.0, 'net_rating': 0.0, 'FG%': 47.3, '3P%': 34.1, 'FT%': 78.8, 'REB': 55.1, 'AST': 1.305, 'STL': 0.54, 'BLK': 0.0, 'TO': 0.0, 'PF': 0.0, 'PTS': 0.0}
2025-11-09 12:48:08.152 | INFO     | espn.team_scraper:scrape_team_stats:60 - Estadísticas extraídas exitosamente para atlanta-hawks
2025-11-09 12:48:08.164 | INFO     | espn.team_scraper:save_team_stats_to_csv:287 - Estadísticas de equipo guardadas en data/raw/team_stats/2023-24_playoffs/atl.csv
2025-11-09 12:48:08.165 | INFO     | espn.team_scraper:scrape_all_teams_stats:339 - Procesando boston-celtics...
2025-11-09 12:48:09.383 | WARNING  | espn.team_scraper:extract_team_averages:87 - No se encontró el contenedor principal de estadísticas
2025-11-09 12:48:09.384 | INFO     | espn.team_scraper:extract_team_averages:90 - Encontradas 4 tablas
2025-11-09 12:48:09.385 | INFO     | espn.team_scraper:extract_team_averages:98 - ✅ Tabla con estadísticas de porcentajes encontrada
2025-11-09 12:48:09.385 | INFO     | espn.team_scraper:extract_team_averages:120 - Usando última fila como promedios: 14 celdas
2025-11-09 12:48:09.386 | INFO     | espn.team_scraper:parse_team_stats_row:172 - Parseando fila con 14 celdas
2025-11-09 12:48:09.386 | INFO     | espn.team_scraper:parse_team_stats_row:181 -   Celda 0: '42.0'
2025-11-09 12:48:09.386 | INFO     | espn.team_scraper:parse_team_stats_row:181 -   Celda 1: '94.0'
2025-11-09 12:48:09.387 | INFO     | espn.team_scraper:parse_team_stats_row:181 -   Celda 2: '44.7'
2025-11-09 12:48:09.387 | INFO     | espn.team_scraper:parse_team_stats_row:181 -   Celda 3: '14.8'
2025-11-09 12:48:09.387 | INFO     | espn.team_scraper:parse_team_stats_row:181 -   Celda 4: '46.0'
2025-11-09 12:48:09.388 | INFO     | espn.team_scraper:parse_team_stats_row:181 -   Celda 5: '32.2'
2025-11-09 12:48:09.388 | INFO     | espn.team_scraper:parse_team_stats_row:181 -   Celda 6: '14.2'
2025-11-09 12:48:09.388 | INFO     | espn.team_scraper:parse_team_stats_row:181 -   Celda 7: '18.2'
2025-11-09 12:48:09.389 | INFO     | espn.team_scraper:parse_team_stats_row:181 -   Celda 8: '78.0'
2025-11-09 12:48:09.389 | INFO     | espn.team_scraper:parse_team_stats_row:181 -   Celda 9: '27.2'
2025-11-09 12:48:09.389 | INFO     | espn.team_scraper:parse_team_stats_row:213 - Estadísticas parseadas: {'team_name': 'Unknown', 'season': None, 'fg_pct': 44.7, 'threep_pct': 32.2, 'ft_pct': 78.0, 'rpg': 56.7, 'apg': 1.202, 'spg': 0.53, 'bpg': 0.0, 'tpg': 0.0, 'ppg': 0.0, 'oppg': 0.0, 'net_rating': 0.0, 'FG%': 44.7, '3P%': 32.2, 'FT%': 78.0, 'REB': 56.7, 'AST': 1.202, 'STL': 0.53, 'BLK': 0.0, 'TO': 0.0, 'PF': 0.0, 'PTS': 0.0}
2025-11-09 12:48:09.390 | INFO     | espn.team_scraper:scrape_team_stats:60 - Estadísticas extraídas exitosamente para boston-celtics
2025-11-09 12:48:09.394 | INFO     | espn.team_scraper:save_team_stats_to_csv:287 - Estadísticas de equipo guardadas en data/raw/team_stats/2023-24_playoffs/bos.csv
2025-11-09 12:48:09.395 | INFO     | espn.team_scraper:scrape_all_teams_stats:339 - Procesando brooklyn-nets...
2025-11-09 12:48:10.513 | WARNING  | espn.team_scraper:extract_team_averages:87 - No se encontró el contenedor principal de estadísticas
2025-11-09 12:48:10.514 | INFO     | espn.team_scraper:extract_team_averages:90 - Encontradas 4 tablas
2025-11-09 12:48:10.515 | INFO     | espn.team_scraper:extract_team_averages:98 - ✅ Tabla con estadísticas de porcentajes encontrada
2025-11-09 12:48:10.516 | INFO     | espn.team_scraper:extract_team_averages:120 - Usando última fila como promedios: 14 celdas
2025-11-09 12:48:10.516 | INFO     | espn.team_scraper:parse_team_stats_row:172 - Parseando fila con 14 celdas
2025-11-09 12:48:10.516 | INFO     | espn.team_scraper:parse_team_stats_row:181 -   Celda 0: '38.7'
2025-11-09 12:48:10.517 | INFO     | espn.team_scraper:parse_team_stats_row:181 -   Celda 1: '87.8'
2025-11-09 12:48:10.517 | INFO     | espn.team_scraper:parse_team_stats_row:181 -   Celda 2: '44.1'
2025-11-09 12:48:10.517 | INFO     | espn.team_scraper:parse_team_stats_row:181 -   Celda 3: '13.9'
2025-11-09 12:48:10.518 | INFO     | espn.team_scraper:parse_team_stats_row:181 -   Celda 4: '41.8'
2025-11-09 12:48:10.518 | INFO     | espn.team_scraper:parse_team_stats_row:181 -   Celda 5: '33.2'
2025-11-09 12:48:10.519 | INFO     | espn.team_scraper:parse_team_stats_row:181 -   Celda 6: '20.1'
2025-11-09 12:48:10.519 | INFO     | espn.team_scraper:parse_team_stats_row:181 -   Celda 7: '26.1'
2025-11-09 12:48:10.519 | INFO     | espn.team_scraper:parse_team_stats_row:181 -   Celda 8: '77.0'
2025-11-09 12:48:10.520 | INFO     | espn.team_scraper:parse_team_stats_row:181 -   Celda 9: '24.8'
2025-11-09 12:48:10.520 | INFO     | espn.team_scraper:parse_team_stats_row:213 - Estadísticas parseadas: {'team_name': 'Unknown', 'season': None, 'fg_pct': 44.1, 'threep_pct': 33.2, 'ft_pct': 77.0, 'rpg': 53.9, 'apg': 1.268, 'spg': 0.52, 'bpg': 0.0, 'tpg': 0.0, 'ppg': 0.0, 'oppg': 0.0, 'net_rating': 0.0, 'FG%': 44.1, '3P%': 33.2, 'FT%': 77.0, 'REB': 53.9, 'AST': 1.268, 'STL': 0.52, 'BLK': 0.0, 'TO': 0.0, 'PF': 0.0, 'PTS': 0.0}
2025-11-09 12:48:10.520 | INFO     | espn.team_scraper:scrape_team_stats:60 - Estadísticas extraídas exitosamente para brooklyn-nets
2025-11-09 12:48:10.526 | INFO     | espn.team_scraper:save_team_stats_to_csv:287 - Estadísticas de equipo guardadas en data/raw/team_stats/2023-24_playoffs/bkn.csv
2025-11-09 12:48:10.527 | INFO     | espn.team_scraper:scrape_all_teams_stats:339 - Procesando charlotte-hornets...
2025-11-09 12:48:11.692 | WARNING  | espn.team_scraper:extract_team_averages:87 - No se encontró el contenedor principal de estadísticas
2025-11-09 12:48:11.695 | INFO     | espn.team_scraper:extract_team_averages:90 - Encontradas 4 tablas
2025-11-09 12:48:11.697 | INFO     | espn.team_scraper:extract_team_averages:98 - ✅ Tabla con estadísticas de porcentajes encontrada
2025-11-09 12:48:11.698 | INFO     | espn.team_scraper:extract_team_averages:120 - Usando última fila como promedios: 14 celdas
2025-11-09 12:48:11.699 | INFO     | espn.team_scraper:parse_team_stats_row:172 - Parseando fila con 14 celdas
2025-11-09 12:48:11.700 | INFO     | espn.team_scraper:parse_team_stats_row:181 -   Celda 0: '41.4'
2025-11-09 12:48:11.701 | INFO     | espn.team_scraper:parse_team_stats_row:181 -   Celda 1: '88.6'
2025-11-09 12:48:11.701 | INFO     | espn.team_scraper:parse_team_stats_row:181 -   Celda 2: '46.8'
2025-11-09 12:48:11.701 | INFO     | espn.team_scraper:parse_team_stats_row:181 -   Celda 3: '14.6'
2025-11-09 12:48:11.702 | INFO     | espn.team_scraper:parse_team_stats_row:181 -   Celda 4: '39.6'
2025-11-09 12:48:11.702 | INFO     | espn.team_scraper:parse_team_stats_row:181 -   Celda 5: '36.8'
2025-11-09 12:48:11.703 | INFO     | espn.team_scraper:parse_team_stats_row:181 -   Celda 6: '21.6'
2025-11-09 12:48:11.703 | INFO     | espn.team_scraper:parse_team_stats_row:181 -   Celda 7: '26.6'
2025-11-09 12:48:11.704 | INFO     | espn.team_scraper:parse_team_stats_row:181 -   Celda 8: '81.2'
2025-11-09 12:48:11.704 | INFO     | espn.team_scraper:parse_team_stats_row:181 -   Celda 9: '26.9'
2025-11-09 12:48:11.705 | INFO     | espn.team_scraper:parse_team_stats_row:213 - Estadísticas parseadas: {'team_name': 'Unknown', 'season': None, 'fg_pct': 46.8, 'threep_pct': 36.8, 'ft_pct': 81.2, 'rpg': 54.9, 'apg': 1.344, 'spg': 0.55, 'bpg': 0.0, 'tpg': 0.0, 'ppg': 0.0, 'oppg': 0.0, 'net_rating': 0.0, 'FG%': 46.8, '3P%': 36.8, 'FT%': 81.2, 'REB': 54.9, 'AST': 1.344, 'STL': 0.55, 'BLK': 0.0, 'TO': 0.0, 'PF': 0.0, 'PTS': 0.0}
2025-11-09 12:48:11.706 | INFO     | espn.team_scraper:scrape_team_stats:60 - Estadísticas extraídas exitosamente para charlotte-hornets
2025-11-09 12:48:11.716 | INFO     | espn.team_scraper:save_team_stats_to_csv:287 - Estadísticas de equipo guardadas en data/raw/team_stats/2023-24_playoffs/cha.csv
2025-11-09 12:48:11.717 | INFO     | espn.team_scraper:scrape_all_teams_stats:339 - Procesando chicago-bulls...
2025-11-09 12:48:12.594 | WARNING  | espn.team_scraper:extract_team_averages:87 - No se encontró el contenedor principal de estadísticas
2025-11-09 12:48:12.595 | INFO     | espn.team_scraper:extract_team_averages:90 - Encontradas 4 tablas
2025-11-09 12:48:12.595 | INFO     | espn.team_scraper:extract_team_averages:98 - ✅ Tabla con estadísticas de porcentajes encontrada
2025-11-09 12:48:12.596 | INFO     | espn.team_scraper:extract_team_averages:120 - Usando última fila como promedios: 14 celdas
2025-11-09 12:48:12.596 | INFO     | espn.team_scraper:parse_team_stats_row:172 - Parseando fila con 14 celdas
2025-11-09 12:48:12.596 | INFO     | espn.team_scraper:parse_team_stats_row:181 -   Celda 0: '43.2'
2025-11-09 12:48:12.597 | INFO     | espn.team_scraper:parse_team_stats_row:181 -   Celda 1: '88.1'
2025-11-09 12:48:12.597 | INFO     | espn.team_scraper:parse_team_stats_row:181 -   Celda 2: '49.1'
2025-11-09 12:48:12.597 | INFO     | espn.team_scraper:parse_team_stats_row:181 -   Celda 3: '13.4'
2025-11-09 12:48:12.598 | INFO     | espn.team_scraper:parse_team_stats_row:181 -   Celda 4: '33.9'
2025-11-09 12:48:12.598 | INFO     | espn.team_scraper:parse_team_stats_row:181 -   Celda 5: '39.7'
2025-11-09 12:48:12.598 | INFO     | espn.team_scraper:parse_team_stats_row:181 -   Celda 6: '19.6'
2025-11-09 12:48:12.599 | INFO     | espn.team_scraper:parse_team_stats_row:181 -   Celda 7: '24.2'
2025-11-09 12:48:12.599 | INFO     | espn.team_scraper:parse_team_stats_row:181 -   Celda 8: '80.7'
2025-11-09 12:48:12.599 | INFO     | espn.team_scraper:parse_team_stats_row:181 -   Celda 9: '29.8'
2025-11-09 12:48:12.600 | INFO     | espn.team_scraper:parse_team_stats_row:213 - Estadísticas parseadas: {'team_name': 'Unknown', 'season': None, 'fg_pct': 49.1, 'threep_pct': 39.7, 'ft_pct': 80.7, 'rpg': 54.9, 'apg': 1.356, 'spg': 0.57, 'bpg': 0.0, 'tpg': 0.0, 'ppg': 0.0, 'oppg': 0.0, 'net_rating': 0.0, 'FG%': 49.1, '3P%': 39.7, 'FT%': 80.7, 'REB': 54.9, 'AST': 1.356, 'STL': 0.57, 'BLK': 0.0, 'TO': 0.0, 'PF': 0.0, 'PTS': 0.0}
2025-11-09 12:48:12.600 | INFO     | espn.team_scraper:scrape_team_stats:60 - Estadísticas extraídas exitosamente para chicago-bulls
2025-11-09 12:48:12.604 | INFO     | espn.team_scraper:save_team_stats_to_csv:287 - Estadísticas de equipo guardadas en data/raw/team_stats/2023-24_playoffs/chi.csv
2025-11-09 12:48:12.604 | INFO     | espn.team_scraper:scrape_all_teams_stats:339 - Procesando cleveland-cavaliers...
2025-11-09 12:48:13.586 | WARNING  | espn.team_scraper:extract_team_averages:87 - No se encontró el contenedor principal de estadísticas
2025-11-09 12:48:13.587 | INFO     | espn.team_scraper:extract_team_averages:90 - Encontradas 4 tablas
2025-11-09 12:48:13.588 | INFO     | espn.team_scraper:extract_team_averages:98 - ✅ Tabla con estadísticas de porcentajes encontrada
2025-11-09 12:48:13.588 | INFO     | espn.team_scraper:extract_team_averages:120 - Usando última fila como promedios: 14 celdas
2025-11-09 12:48:13.589 | INFO     | espn.team_scraper:parse_team_stats_row:172 - Parseando fila con 14 celdas
2025-11-09 12:48:13.589 | INFO     | espn.team_scraper:parse_team_stats_row:181 -   Celda 0: '42.0'
2025-11-09 12:48:13.590 | INFO     | espn.team_scraper:parse_team_stats_row:181 -   Celda 1: '91.0'
2025-11-09 12:48:13.590 | INFO     | espn.team_scraper:parse_team_stats_row:181 -   Celda 2: '46.2'
2025-11-09 12:48:13.590 | INFO     | espn.team_scraper:parse_team_stats_row:181 -   Celda 3: '16.6'
2025-11-09 12:48:13.591 | INFO     | espn.team_scraper:parse_team_stats_row:181 -   Celda 4: '45.3'
2025-11-09 12:48:13.591 | INFO     | espn.team_scraper:parse_team_stats_row:181 -   Celda 5: '36.6'
2025-11-09 12:48:13.591 | INFO     | espn.team_scraper:parse_team_stats_row:181 -   Celda 6: '20.1'
2025-11-09 12:48:13.592 | INFO     | espn.team_scraper:parse_team_stats_row:181 -   Celda 7: '26.2'
2025-11-09 12:48:13.594 | INFO     | espn.team_scraper:parse_team_stats_row:181 -   Celda 8: '76.7'
2025-11-09 12:48:13.594 | INFO     | espn.team_scraper:parse_team_stats_row:181 -   Celda 9: '25.4'
2025-11-09 12:48:13.595 | INFO     | espn.team_scraper:parse_team_stats_row:213 - Estadísticas parseadas: {'team_name': 'Unknown', 'season': None, 'fg_pct': 46.2, 'threep_pct': 36.6, 'ft_pct': 76.7, 'rpg': 55.6, 'apg': 1.326, 'spg': 0.55, 'bpg': 0.0, 'tpg': 0.0, 'ppg': 0.0, 'oppg': 0.0, 'net_rating': 0.0, 'FG%': 46.2, '3P%': 36.6, 'FT%': 76.7, 'REB': 55.6, 'AST': 1.326, 'STL': 0.55, 'BLK': 0.0, 'TO': 0.0, 'PF': 0.0, 'PTS': 0.0}
2025-11-09 12:48:13.595 | INFO     | espn.team_scraper:scrape_team_stats:60 - Estadísticas extraídas exitosamente para cleveland-cavaliers
2025-11-09 12:48:13.604 | INFO     | espn.team_scraper:save_team_stats_to_csv:287 - Estadísticas de equipo guardadas en data/raw/team_stats/2023-24_playoffs/cle.csv
2025-11-09 12:48:13.605 | INFO     | espn.team_scraper:scrape_all_teams_stats:339 - Procesando dallas-mavericks...
2025-11-09 12:48:14.610 | WARNING  | espn.team_scraper:extract_team_averages:87 - No se encontró el contenedor principal de estadísticas
2025-11-09 12:48:14.612 | INFO     | espn.team_scraper:extract_team_averages:90 - Encontradas 4 tablas
2025-11-09 12:48:14.613 | INFO     | espn.team_scraper:extract_team_averages:98 - ✅ Tabla con estadísticas de porcentajes encontrada
2025-11-09 12:48:14.614 | INFO     | espn.team_scraper:extract_team_averages:120 - Usando última fila como promedios: 14 celdas
2025-11-09 12:48:14.614 | INFO     | espn.team_scraper:parse_team_stats_row:172 - Parseando fila con 14 celdas
2025-11-09 12:48:14.615 | INFO     | espn.team_scraper:parse_team_stats_row:181 -   Celda 0: '38.3'
2025-11-09 12:48:14.615 | INFO     | espn.team_scraper:parse_team_stats_row:181 -   Celda 1: '85.9'
2025-11-09 12:48:14.616 | INFO     | espn.team_scraper:parse_team_stats_row:181 -   Celda 2: '44.6'
2025-11-09 12:48:14.616 | INFO     | espn.team_scraper:parse_team_stats_row:181 -   Celda 3: '9.7'
2025-11-09 12:48:14.616 | INFO     | espn.team_scraper:parse_team_stats_row:181 -   Celda 4: '32.0'
2025-11-09 12:48:14.617 | INFO     | espn.team_scraper:parse_team_stats_row:181 -   Celda 5: '30.3'
2025-11-09 12:48:14.617 | INFO     | espn.team_scraper:parse_team_stats_row:181 -   Celda 6: '20.2'
2025-11-09 12:48:14.617 | INFO     | espn.team_scraper:parse_team_stats_row:181 -   Celda 7: '26.8'
2025-11-09 12:48:14.618 | INFO     | espn.team_scraper:parse_team_stats_row:181 -   Celda 8: '75.4'
2025-11-09 12:48:14.618 | INFO     | espn.team_scraper:parse_team_stats_row:181 -   Celda 9: '28.6'
2025-11-09 12:48:14.619 | INFO     | espn.team_scraper:parse_team_stats_row:213 - Estadísticas parseadas: {'team_name': 'Unknown', 'season': None, 'fg_pct': 44.6, 'threep_pct': 30.3, 'ft_pct': 75.4, 'rpg': 53.1, 'apg': 1.24, 'spg': 0.5, 'bpg': 0.0, 'tpg': 0.0, 'ppg': 0.0, 'oppg': 0.0, 'net_rating': 0.0, 'FG%': 44.6, '3P%': 30.3, 'FT%': 75.4, 'REB': 53.1, 'AST': 1.24, 'STL': 0.5, 'BLK': 0.0, 'TO': 0.0, 'PF': 0.0, 'PTS': 0.0}
2025-11-09 12:48:14.619 | INFO     | espn.team_scraper:scrape_team_stats:60 - Estadísticas extraídas exitosamente para dallas-mavericks
2025-11-09 12:48:14.625 | INFO     | espn.team_scraper:save_team_stats_to_csv:287 - Estadísticas de equipo guardadas en data/raw/team_stats/2023-24_playoffs/dal.csv
2025-11-09 12:48:14.627 | INFO     | espn.team_scraper:scrape_all_teams_stats:339 - Procesando denver-nuggets...
2025-11-09 12:48:15.817 | WARNING  | espn.team_scraper:extract_team_averages:87 - No se encontró el contenedor principal de estadísticas
2025-11-09 12:48:15.818 | INFO     | espn.team_scraper:extract_team_averages:90 - Encontradas 4 tablas
2025-11-09 12:48:15.819 | INFO     | espn.team_scraper:extract_team_averages:98 - ✅ Tabla con estadísticas de porcentajes encontrada
2025-11-09 12:48:15.819 | INFO     | espn.team_scraper:extract_team_averages:120 - Usando última fila como promedios: 14 celdas
2025-11-09 12:48:15.820 | INFO     | espn.team_scraper:parse_team_stats_row:172 - Parseando fila con 14 celdas
2025-11-09 12:48:15.820 | INFO     | espn.team_scraper:parse_team_stats_row:181 -   Celda 0: '45.6'
2025-11-09 12:48:15.820 | INFO     | espn.team_scraper:parse_team_stats_row:181 -   Celda 1: '89.9'
2025-11-09 12:48:15.821 | INFO     | espn.team_scraper:parse_team_stats_row:181 -   Celda 2: '50.7'
2025-11-09 12:48:15.821 | INFO     | espn.team_scraper:parse_team_stats_row:181 -   Celda 3: '11.7'
2025-11-09 12:48:15.821 | INFO     | espn.team_scraper:parse_team_stats_row:181 -   Celda 4: '33.6'
2025-11-09 12:48:15.822 | INFO     | espn.team_scraper:parse_team_stats_row:181 -   Celda 5: '34.8'
2025-11-09 12:48:15.822 | INFO     | espn.team_scraper:parse_team_stats_row:181 -   Celda 6: '21.4'
2025-11-09 12:48:15.823 | INFO     | espn.team_scraper:parse_team_stats_row:181 -   Celda 7: '25.1'
2025-11-09 12:48:15.824 | INFO     | espn.team_scraper:parse_team_stats_row:181 -   Celda 8: '85.4'
2025-11-09 12:48:15.824 | INFO     | espn.team_scraper:parse_team_stats_row:181 -   Celda 9: '33.9'
2025-11-09 12:48:15.824 | INFO     | espn.team_scraper:parse_team_stats_row:213 - Estadísticas parseadas: {'team_name': 'Unknown', 'season': None, 'fg_pct': 50.7, 'threep_pct': 34.8, 'ft_pct': 85.4, 'rpg': 60.2, 'apg': 1.382, 'spg': 0.57, 'bpg': 0.0, 'tpg': 0.0, 'ppg': 0.0, 'oppg': 0.0, 'net_rating': 0.0, 'FG%': 50.7, '3P%': 34.8, 'FT%': 85.4, 'REB': 60.2, 'AST': 1.382, 'STL': 0.57, 'BLK': 0.0, 'TO': 0.0, 'PF': 0.0, 'PTS': 0.0}
2025-11-09 12:48:15.825 | INFO     | espn.team_scraper:scrape_team_stats:60 - Estadísticas extraídas exitosamente para denver-nuggets
2025-11-09 12:48:15.835 | INFO     | espn.team_scraper:save_team_stats_to_csv:287 - Estadísticas de equipo guardadas en data/raw/team_stats/2023-24_playoffs/den.csv
2025-11-09 12:48:15.837 | INFO     | espn.team_scraper:scrape_all_teams_stats:339 - Procesando detroit-pistons...
2025-11-09 12:48:16.692 | WARNING  | espn.team_scraper:extract_team_averages:87 - No se encontró el contenedor principal de estadísticas
2025-11-09 12:48:16.693 | INFO     | espn.team_scraper:extract_team_averages:90 - Encontradas 4 tablas
2025-11-09 12:48:16.694 | INFO     | espn.team_scraper:extract_team_averages:98 - ✅ Tabla con estadísticas de porcentajes encontrada
2025-11-09 12:48:16.695 | INFO     | espn.team_scraper:extract_team_averages:120 - Usando última fila como promedios: 14 celdas
2025-11-09 12:48:16.695 | INFO     | espn.team_scraper:parse_team_stats_row:172 - Parseando fila con 14 celdas
2025-11-09 12:48:16.695 | INFO     | espn.team_scraper:parse_team_stats_row:181 -   Celda 0: '42.7'
2025-11-09 12:48:16.696 | INFO     | espn.team_scraper:parse_team_stats_row:181 -   Celda 1: '90.0'
2025-11-09 12:48:16.696 | INFO     | espn.team_scraper:parse_team_stats_row:181 -   Celda 2: '47.4'
2025-11-09 12:48:16.696 | INFO     | espn.team_scraper:parse_team_stats_row:181 -   Celda 3: '10.2'
2025-11-09 12:48:16.696 | INFO     | espn.team_scraper:parse_team_stats_row:181 -   Celda 4: '30.4'
2025-11-09 12:48:16.697 | INFO     | espn.team_scraper:parse_team_stats_row:181 -   Celda 5: '33.6'
2025-11-09 12:48:16.697 | INFO     | espn.team_scraper:parse_team_stats_row:181 -   Celda 6: '21.1'
2025-11-09 12:48:16.697 | INFO     | espn.team_scraper:parse_team_stats_row:181 -   Celda 7: '29.0'
2025-11-09 12:48:16.697 | INFO     | espn.team_scraper:parse_team_stats_row:181 -   Celda 8: '72.8'
2025-11-09 12:48:16.698 | INFO     | espn.team_scraper:parse_team_stats_row:181 -   Celda 9: '32.4'
2025-11-09 12:48:16.698 | INFO     | espn.team_scraper:parse_team_stats_row:213 - Estadísticas parseadas: {'team_name': 'Unknown', 'season': None, 'fg_pct': 47.4, 'threep_pct': 33.6, 'ft_pct': 72.8, 'rpg': 54.5, 'apg': 1.296, 'spg': 0.53, 'bpg': 0.0, 'tpg': 0.0, 'ppg': 0.0, 'oppg': 0.0, 'net_rating': 0.0, 'FG%': 47.4, '3P%': 33.6, 'FT%': 72.8, 'REB': 54.5, 'AST': 1.296, 'STL': 0.53, 'BLK': 0.0, 'TO': 0.0, 'PF': 0.0, 'PTS': 0.0}
2025-11-09 12:48:16.699 | INFO     | espn.team_scraper:scrape_team_stats:60 - Estadísticas extraídas exitosamente para detroit-pistons
2025-11-09 12:48:16.706 | INFO     | espn.team_scraper:save_team_stats_to_csv:287 - Estadísticas de equipo guardadas en data/raw/team_stats/2023-24_playoffs/det.csv
2025-11-09 12:48:16.706 | INFO     | espn.team_scraper:scrape_all_teams_stats:339 - Procesando golden-state-warriors...
2025-11-09 12:48:17.778 | WARNING  | espn.team_scraper:extract_team_averages:87 - No se encontró el contenedor principal de estadísticas
2025-11-09 12:48:17.779 | INFO     | espn.team_scraper:extract_team_averages:90 - Encontradas 4 tablas
2025-11-09 12:48:17.780 | INFO     | espn.team_scraper:extract_team_averages:98 - ✅ Tabla con estadísticas de porcentajes encontrada
2025-11-09 12:48:17.780 | INFO     | espn.team_scraper:extract_team_averages:120 - Usando última fila como promedios: 14 celdas
2025-11-09 12:48:17.781 | INFO     | espn.team_scraper:parse_team_stats_row:172 - Parseando fila con 14 celdas
2025-11-09 12:48:17.781 | INFO     | espn.team_scraper:parse_team_stats_row:181 -   Celda 0: '40.2'
2025-11-09 12:48:17.781 | INFO     | espn.team_scraper:parse_team_stats_row:181 -   Celda 1: '86.8'
2025-11-09 12:48:17.781 | INFO     | espn.team_scraper:parse_team_stats_row:181 -   Celda 2: '46.3'
2025-11-09 12:48:17.782 | INFO     | espn.team_scraper:parse_team_stats_row:181 -   Celda 3: '16.0'
2025-11-09 12:48:17.782 | INFO     | espn.team_scraper:parse_team_stats_row:181 -   Celda 4: '42.1'
2025-11-09 12:48:17.782 | INFO     | espn.team_scraper:parse_team_stats_row:181 -   Celda 5: '38.0'
2025-11-09 12:48:17.782 | INFO     | espn.team_scraper:parse_team_stats_row:181 -   Celda 6: '19.7'
2025-11-09 12:48:17.783 | INFO     | espn.team_scraper:parse_team_stats_row:181 -   Celda 7: '23.3'
2025-11-09 12:48:17.783 | INFO     | espn.team_scraper:parse_team_stats_row:181 -   Celda 8: '84.5'
2025-11-09 12:48:17.784 | INFO     | espn.team_scraper:parse_team_stats_row:181 -   Celda 9: '24.2'
2025-11-09 12:48:17.784 | INFO     | espn.team_scraper:parse_team_stats_row:213 - Estadísticas parseadas: {'team_name': 'Unknown', 'season': None, 'fg_pct': 46.3, 'threep_pct': 38.0, 'ft_pct': 84.5, 'rpg': 54.1, 'apg': 1.338, 'spg': 0.56, 'bpg': 0.0, 'tpg': 0.0, 'ppg': 0.0, 'oppg': 0.0, 'net_rating': 0.0, 'FG%': 46.3, '3P%': 38.0, 'FT%': 84.5, 'REB': 54.1, 'AST': 1.338, 'STL': 0.56, 'BLK': 0.0, 'TO': 0.0, 'PF': 0.0, 'PTS': 0.0}
2025-11-09 12:48:17.784 | INFO     | espn.team_scraper:scrape_team_stats:60 - Estadísticas extraídas exitosamente para golden-state-warriors
2025-11-09 12:48:17.789 | INFO     | espn.team_scraper:save_team_stats_to_csv:287 - Estadísticas de equipo guardadas en data/raw/team_stats/2023-24_playoffs/gs.csv
2025-11-09 12:48:17.790 | INFO     | espn.team_scraper:scrape_all_teams_stats:339 - Procesando houston-rockets...
2025-11-09 12:48:18.639 | WARNING  | espn.team_scraper:extract_team_averages:87 - No se encontró el contenedor principal de estadísticas
2025-11-09 12:48:18.640 | INFO     | espn.team_scraper:extract_team_averages:90 - Encontradas 4 tablas
2025-11-09 12:48:18.640 | INFO     | espn.team_scraper:extract_team_averages:98 - ✅ Tabla con estadísticas de porcentajes encontrada
2025-11-09 12:48:18.641 | INFO     | espn.team_scraper:extract_team_averages:120 - Usando última fila como promedios: 14 celdas
2025-11-09 12:48:18.642 | INFO     | espn.team_scraper:parse_team_stats_row:172 - Parseando fila con 14 celdas
2025-11-09 12:48:18.643 | INFO     | espn.team_scraper:parse_team_stats_row:181 -   Celda 0: '43.0'
2025-11-09 12:48:18.643 | INFO     | espn.team_scraper:parse_team_stats_row:181 -   Celda 1: '88.0'
2025-11-09 12:48:18.644 | INFO     | espn.team_scraper:parse_team_stats_row:181 -   Celda 2: '48.9'
2025-11-09 12:48:18.644 | INFO     | espn.team_scraper:parse_team_stats_row:181 -   Celda 3: '12.9'
2025-11-09 12:48:18.644 | INFO     | espn.team_scraper:parse_team_stats_row:181 -   Celda 4: '29.8'
2025-11-09 12:48:18.645 | INFO     | espn.team_scraper:parse_team_stats_row:181 -   Celda 5: '43.3'
2025-11-09 12:48:18.645 | INFO     | espn.team_scraper:parse_team_stats_row:181 -   Celda 6: '24.0'
2025-11-09 12:48:18.645 | INFO     | espn.team_scraper:parse_team_stats_row:181 -   Celda 7: '30.4'
2025-11-09 12:48:18.646 | INFO     | espn.team_scraper:parse_team_stats_row:181 -   Celda 8: '79.0'
2025-11-09 12:48:18.646 | INFO     | espn.team_scraper:parse_team_stats_row:181 -   Celda 9: '30.1'
2025-11-09 12:48:18.646 | INFO     | espn.team_scraper:parse_team_stats_row:213 - Estadísticas parseadas: {'team_name': 'Unknown', 'season': None, 'fg_pct': 48.9, 'threep_pct': 43.3, 'ft_pct': 79.0, 'rpg': 51.7, 'apg': 1.396, 'spg': 0.56, 'bpg': 0.0, 'tpg': 0.0, 'ppg': 0.0, 'oppg': 0.0, 'net_rating': 0.0, 'FG%': 48.9, '3P%': 43.3, 'FT%': 79.0, 'REB': 51.7, 'AST': 1.396, 'STL': 0.56, 'BLK': 0.0, 'TO': 0.0, 'PF': 0.0, 'PTS': 0.0}
2025-11-09 12:48:18.647 | INFO     | espn.team_scraper:scrape_team_stats:60 - Estadísticas extraídas exitosamente para houston-rockets
2025-11-09 12:48:18.652 | INFO     | espn.team_scraper:save_team_stats_to_csv:287 - Estadísticas de equipo guardadas en data/raw/team_stats/2023-24_playoffs/hou.csv
2025-11-09 12:48:18.653 | INFO     | espn.team_scraper:scrape_all_teams_stats:339 - Procesando indiana-pacers...
2025-11-09 12:48:19.460 | WARNING  | espn.team_scraper:extract_team_averages:87 - No se encontró el contenedor principal de estadísticas
2025-11-09 12:48:19.462 | INFO     | espn.team_scraper:extract_team_averages:90 - Encontradas 4 tablas
2025-11-09 12:48:19.463 | INFO     | espn.team_scraper:extract_team_averages:98 - ✅ Tabla con estadísticas de porcentajes encontrada
2025-11-09 12:48:19.464 | INFO     | espn.team_scraper:extract_team_averages:120 - Usando última fila como promedios: 14 celdas
2025-11-09 12:48:19.464 | INFO     | espn.team_scraper:parse_team_stats_row:172 - Parseando fila con 14 celdas
2025-11-09 12:48:19.465 | INFO     | espn.team_scraper:parse_team_stats_row:181 -   Celda 0: '38.4'
2025-11-09 12:48:19.465 | INFO     | espn.team_scraper:parse_team_stats_row:181 -   Celda 1: '95.7'
2025-11-09 12:48:19.465 | INFO     | espn.team_scraper:parse_team_stats_row:181 -   Celda 2: '40.2'
2025-11-09 12:48:19.466 | INFO     | espn.team_scraper:parse_team_stats_row:181 -   Celda 3: '11.8'
2025-11-09 12:48:19.467 | INFO     | espn.team_scraper:parse_team_stats_row:181 -   Celda 4: '39.2'
2025-11-09 12:48:19.467 | INFO     | espn.team_scraper:parse_team_stats_row:181 -   Celda 5: '30.0'
2025-11-09 12:48:19.468 | INFO     | espn.team_scraper:parse_team_stats_row:181 -   Celda 6: '21.7'
2025-11-09 12:48:19.468 | INFO     | espn.team_scraper:parse_team_stats_row:181 -   Celda 7: '29.3'
2025-11-09 12:48:19.468 | INFO     | espn.team_scraper:parse_team_stats_row:181 -   Celda 8: '73.9'
2025-11-09 12:48:19.469 | INFO     | espn.team_scraper:parse_team_stats_row:181 -   Celda 9: '26.7'
2025-11-09 12:48:19.469 | INFO     | espn.team_scraper:parse_team_stats_row:213 - Estadísticas parseadas: {'team_name': 'Unknown', 'season': None, 'fg_pct': 40.2, 'threep_pct': 30.0, 'ft_pct': 73.9, 'rpg': 47.2, 'apg': 1.153, 'spg': 0.46, 'bpg': 0.0, 'tpg': 0.0, 'ppg': 0.0, 'oppg': 0.0, 'net_rating': 0.0, 'FG%': 40.2, '3P%': 30.0, 'FT%': 73.9, 'REB': 47.2, 'AST': 1.153, 'STL': 0.46, 'BLK': 0.0, 'TO': 0.0, 'PF': 0.0, 'PTS': 0.0}
2025-11-09 12:48:19.469 | INFO     | espn.team_scraper:scrape_team_stats:60 - Estadísticas extraídas exitosamente para indiana-pacers
2025-11-09 12:48:19.474 | INFO     | espn.team_scraper:save_team_stats_to_csv:287 - Estadísticas de equipo guardadas en data/raw/team_stats/2023-24_playoffs/ind.csv
2025-11-09 12:48:19.474 | INFO     | espn.team_scraper:scrape_all_teams_stats:339 - Procesando los-angeles-clippers...
2025-11-09 12:48:20.430 | WARNING  | espn.team_scraper:extract_team_averages:87 - No se encontró el contenedor principal de estadísticas
2025-11-09 12:48:20.431 | INFO     | espn.team_scraper:extract_team_averages:90 - Encontradas 4 tablas
2025-11-09 12:48:20.432 | INFO     | espn.team_scraper:extract_team_averages:98 - ✅ Tabla con estadísticas de porcentajes encontrada
2025-11-09 12:48:20.432 | INFO     | espn.team_scraper:extract_team_averages:120 - Usando última fila como promedios: 14 celdas
2025-11-09 12:48:20.433 | INFO     | espn.team_scraper:parse_team_stats_row:172 - Parseando fila con 14 celdas
2025-11-09 12:48:20.433 | INFO     | espn.team_scraper:parse_team_stats_row:181 -   Celda 0: '39.7'
2025-11-09 12:48:20.433 | INFO     | espn.team_scraper:parse_team_stats_row:181 -   Celda 1: '82.1'
2025-11-09 12:48:20.434 | INFO     | espn.team_scraper:parse_team_stats_row:181 -   Celda 2: '48.3'
2025-11-09 12:48:20.434 | INFO     | espn.team_scraper:parse_team_stats_row:181 -   Celda 3: '13.1'
2025-11-09 12:48:20.434 | INFO     | espn.team_scraper:parse_team_stats_row:181 -   Celda 4: '36.1'
2025-11-09 12:48:20.434 | INFO     | espn.team_scraper:parse_team_stats_row:181 -   Celda 5: '36.3'
2025-11-09 12:48:20.435 | INFO     | espn.team_scraper:parse_team_stats_row:181 -   Celda 6: '17.2'
2025-11-09 12:48:20.435 | INFO     | espn.team_scraper:parse_team_stats_row:181 -   Celda 7: '21.4'
2025-11-09 12:48:20.435 | INFO     | espn.team_scraper:parse_team_stats_row:181 -   Celda 8: '80.3'
2025-11-09 12:48:20.435 | INFO     | espn.team_scraper:parse_team_stats_row:181 -   Celda 9: '26.6'
2025-11-09 12:48:20.435 | INFO     | espn.team_scraper:parse_team_stats_row:213 - Estadísticas parseadas: {'team_name': 'Unknown', 'season': None, 'fg_pct': 48.3, 'threep_pct': 36.3, 'ft_pct': 80.3, 'rpg': 57.7, 'apg': 1.336, 'spg': 0.56, 'bpg': 0.0, 'tpg': 0.0, 'ppg': 0.0, 'oppg': 0.0, 'net_rating': 0.0, 'FG%': 48.3, '3P%': 36.3, 'FT%': 80.3, 'REB': 57.7, 'AST': 1.336, 'STL': 0.56, 'BLK': 0.0, 'TO': 0.0, 'PF': 0.0, 'PTS': 0.0}
2025-11-09 12:48:20.436 | INFO     | espn.team_scraper:scrape_team_stats:60 - Estadísticas extraídas exitosamente para los-angeles-clippers
2025-11-09 12:48:20.441 | INFO     | espn.team_scraper:save_team_stats_to_csv:287 - Estadísticas de equipo guardadas en data/raw/team_stats/2023-24_playoffs/lac.csv
2025-11-09 12:48:20.441 | INFO     | espn.team_scraper:scrape_all_teams_stats:339 - Procesando los-angeles-lakers...
2025-11-09 12:48:21.597 | WARNING  | espn.team_scraper:extract_team_averages:87 - No se encontró el contenedor principal de estadísticas
2025-11-09 12:48:21.598 | INFO     | espn.team_scraper:extract_team_averages:90 - Encontradas 4 tablas
2025-11-09 12:48:21.599 | INFO     | espn.team_scraper:extract_team_averages:98 - ✅ Tabla con estadísticas de porcentajes encontrada
2025-11-09 12:48:21.599 | INFO     | espn.team_scraper:extract_team_averages:120 - Usando última fila como promedios: 14 celdas
2025-11-09 12:48:21.600 | INFO     | espn.team_scraper:parse_team_stats_row:172 - Parseando fila con 14 celdas
2025-11-09 12:48:21.600 | INFO     | espn.team_scraper:parse_team_stats_row:181 -   Celda 0: '42.2'
2025-11-09 12:48:21.600 | INFO     | espn.team_scraper:parse_team_stats_row:181 -   Celda 1: '82.2'
2025-11-09 12:48:21.600 | INFO     | espn.team_scraper:parse_team_stats_row:181 -   Celda 2: '51.3'
2025-11-09 12:48:21.601 | INFO     | espn.team_scraper:parse_team_stats_row:181 -   Celda 3: '10.5'
2025-11-09 12:48:21.601 | INFO     | espn.team_scraper:parse_team_stats_row:181 -   Celda 4: '31.2'
2025-11-09 12:48:21.601 | INFO     | espn.team_scraper:parse_team_stats_row:181 -   Celda 5: '33.7'
2025-11-09 12:48:21.602 | INFO     | espn.team_scraper:parse_team_stats_row:181 -   Celda 6: '22.9'
2025-11-09 12:48:21.602 | INFO     | espn.team_scraper:parse_team_stats_row:181 -   Celda 7: '29.0'
2025-11-09 12:48:21.602 | INFO     | espn.team_scraper:parse_team_stats_row:181 -   Celda 8: '79.0'
2025-11-09 12:48:21.603 | INFO     | espn.team_scraper:parse_team_stats_row:181 -   Celda 9: '31.7'
2025-11-09 12:48:21.603 | INFO     | espn.team_scraper:parse_team_stats_row:213 - Estadísticas parseadas: {'team_name': 'Unknown', 'season': None, 'fg_pct': 51.3, 'threep_pct': 33.7, 'ft_pct': 79.0, 'rpg': 62.2, 'apg': 1.433, 'spg': 0.58, 'bpg': 0.0, 'tpg': 0.0, 'ppg': 0.0, 'oppg': 0.0, 'net_rating': 0.0, 'FG%': 51.3, '3P%': 33.7, 'FT%': 79.0, 'REB': 62.2, 'AST': 1.433, 'STL': 0.58, 'BLK': 0.0, 'TO': 0.0, 'PF': 0.0, 'PTS': 0.0}
2025-11-09 12:48:21.603 | INFO     | espn.team_scraper:scrape_team_stats:60 - Estadísticas extraídas exitosamente para los-angeles-lakers
2025-11-09 12:48:21.609 | INFO     | espn.team_scraper:save_team_stats_to_csv:287 - Estadísticas de equipo guardadas en data/raw/team_stats/2023-24_playoffs/lal.csv
2025-11-09 12:48:21.610 | INFO     | espn.team_scraper:scrape_all_teams_stats:339 - Procesando memphis-grizzlies...
2025-11-09 12:48:22.391 | WARNING  | espn.team_scraper:extract_team_averages:87 - No se encontró el contenedor principal de estadísticas
2025-11-09 12:48:22.393 | INFO     | espn.team_scraper:extract_team_averages:90 - Encontradas 4 tablas
2025-11-09 12:48:22.394 | INFO     | espn.team_scraper:extract_team_averages:98 - ✅ Tabla con estadísticas de porcentajes encontrada
2025-11-09 12:48:22.395 | INFO     | espn.team_scraper:extract_team_averages:120 - Usando última fila como promedios: 14 celdas
2025-11-09 12:48:22.396 | INFO     | espn.team_scraper:parse_team_stats_row:172 - Parseando fila con 14 celdas
2025-11-09 12:48:22.396 | INFO     | espn.team_scraper:parse_team_stats_row:181 -   Celda 0: '39.6'
2025-11-09 12:48:22.396 | INFO     | espn.team_scraper:parse_team_stats_row:181 -   Celda 1: '89.4'
2025-11-09 12:48:22.397 | INFO     | espn.team_scraper:parse_team_stats_row:181 -   Celda 2: '44.3'
2025-11-09 12:48:22.398 | INFO     | espn.team_scraper:parse_team_stats_row:181 -   Celda 3: '13.1'
2025-11-09 12:48:22.398 | INFO     | espn.team_scraper:parse_team_stats_row:181 -   Celda 4: '39.3'
2025-11-09 12:48:22.399 | INFO     | espn.team_scraper:parse_team_stats_row:181 -   Celda 5: '33.3'
2025-11-09 12:48:22.399 | INFO     | espn.team_scraper:parse_team_stats_row:181 -   Celda 6: '22.8'
2025-11-09 12:48:22.399 | INFO     | espn.team_scraper:parse_team_stats_row:181 -   Celda 7: '27.1'
2025-11-09 12:48:22.400 | INFO     | espn.team_scraper:parse_team_stats_row:181 -   Celda 8: '84.1'
2025-11-09 12:48:22.400 | INFO     | espn.team_scraper:parse_team_stats_row:181 -   Celda 9: '26.5'
2025-11-09 12:48:22.400 | INFO     | espn.team_scraper:parse_team_stats_row:213 - Estadísticas parseadas: {'team_name': 'Unknown', 'season': None, 'fg_pct': 44.3, 'threep_pct': 33.3, 'ft_pct': 84.1, 'rpg': 52.9, 'apg': 1.287, 'spg': 0.52, 'bpg': 0.0, 'tpg': 0.0, 'ppg': 0.0, 'oppg': 0.0, 'net_rating': 0.0, 'FG%': 44.3, '3P%': 33.3, 'FT%': 84.1, 'REB': 52.9, 'AST': 1.287, 'STL': 0.52, 'BLK': 0.0, 'TO': 0.0, 'PF': 0.0, 'PTS': 0.0}
2025-11-09 12:48:22.401 | INFO     | espn.team_scraper:scrape_team_stats:60 - Estadísticas extraídas exitosamente para memphis-grizzlies
2025-11-09 12:48:22.408 | INFO     | espn.team_scraper:save_team_stats_to_csv:287 - Estadísticas de equipo guardadas en data/raw/team_stats/2023-24_playoffs/mem.csv
2025-11-09 12:48:22.408 | INFO     | espn.team_scraper:scrape_all_teams_stats:339 - Procesando miami-heat...
2025-11-09 12:48:23.575 | WARNING  | espn.team_scraper:extract_team_averages:87 - No se encontró el contenedor principal de estadísticas
2025-11-09 12:48:23.577 | INFO     | espn.team_scraper:extract_team_averages:90 - Encontradas 4 tablas
2025-11-09 12:48:23.578 | INFO     | espn.team_scraper:extract_team_averages:98 - ✅ Tabla con estadísticas de porcentajes encontrada
2025-11-09 12:48:23.578 | INFO     | espn.team_scraper:extract_team_averages:120 - Usando última fila como promedios: 14 celdas
2025-11-09 12:48:23.579 | INFO     | espn.team_scraper:parse_team_stats_row:172 - Parseando fila con 14 celdas
2025-11-09 12:48:23.579 | INFO     | espn.team_scraper:parse_team_stats_row:181 -   Celda 0: '45.4'
2025-11-09 12:48:23.579 | INFO     | espn.team_scraper:parse_team_stats_row:181 -   Celda 1: '91.0'
2025-11-09 12:48:23.580 | INFO     | espn.team_scraper:parse_team_stats_row:181 -   Celda 2: '49.9'
2025-11-09 12:48:23.580 | INFO     | espn.team_scraper:parse_team_stats_row:181 -   Celda 3: '13.6'
2025-11-09 12:48:23.580 | INFO     | espn.team_scraper:parse_team_stats_row:181 -   Celda 4: '35.7'
2025-11-09 12:48:23.581 | INFO     | espn.team_scraper:parse_team_stats_row:181 -   Celda 5: '38.1'
2025-11-09 12:48:23.581 | INFO     | espn.team_scraper:parse_team_stats_row:181 -   Celda 6: '19.7'
2025-11-09 12:48:23.581 | INFO     | espn.team_scraper:parse_team_stats_row:181 -   Celda 7: '24.8'
2025-11-09 12:48:23.582 | INFO     | espn.team_scraper:parse_team_stats_row:181 -   Celda 8: '79.4'
2025-11-09 12:48:23.582 | INFO     | espn.team_scraper:parse_team_stats_row:181 -   Celda 9: '31.8'
2025-11-09 12:48:23.583 | INFO     | espn.team_scraper:parse_team_stats_row:213 - Estadísticas parseadas: {'team_name': 'Unknown', 'season': None, 'fg_pct': 49.9, 'threep_pct': 38.1, 'ft_pct': 79.4, 'rpg': 57.5, 'apg': 1.364, 'spg': 0.57, 'bpg': 0.0, 'tpg': 0.0, 'ppg': 0.0, 'oppg': 0.0, 'net_rating': 0.0, 'FG%': 49.9, '3P%': 38.1, 'FT%': 79.4, 'REB': 57.5, 'AST': 1.364, 'STL': 0.57, 'BLK': 0.0, 'TO': 0.0, 'PF': 0.0, 'PTS': 0.0}
2025-11-09 12:48:23.583 | INFO     | espn.team_scraper:scrape_team_stats:60 - Estadísticas extraídas exitosamente para miami-heat
2025-11-09 12:48:23.589 | INFO     | espn.team_scraper:save_team_stats_to_csv:287 - Estadísticas de equipo guardadas en data/raw/team_stats/2023-24_playoffs/mia.csv
2025-11-09 12:48:23.589 | INFO     | espn.team_scraper:scrape_all_teams_stats:339 - Procesando milwaukee-bucks...
2025-11-09 12:48:24.527 | WARNING  | espn.team_scraper:extract_team_averages:87 - No se encontró el contenedor principal de estadísticas
2025-11-09 12:48:24.528 | INFO     | espn.team_scraper:extract_team_averages:90 - Encontradas 4 tablas
2025-11-09 12:48:24.529 | INFO     | espn.team_scraper:extract_team_averages:98 - ✅ Tabla con estadísticas de porcentajes encontrada
2025-11-09 12:48:24.529 | INFO     | espn.team_scraper:extract_team_averages:120 - Usando última fila como promedios: 14 celdas
2025-11-09 12:48:24.530 | INFO     | espn.team_scraper:parse_team_stats_row:172 - Parseando fila con 14 celdas
2025-11-09 12:48:24.530 | INFO     | espn.team_scraper:parse_team_stats_row:181 -   Celda 0: '44.7'
2025-11-09 12:48:24.530 | INFO     | espn.team_scraper:parse_team_stats_row:181 -   Celda 1: '89.0'
2025-11-09 12:48:24.531 | INFO     | espn.team_scraper:parse_team_stats_row:181 -   Celda 2: '50.2'
2025-11-09 12:48:24.531 | INFO     | espn.team_scraper:parse_team_stats_row:181 -   Celda 3: '15.6'
2025-11-09 12:48:24.531 | INFO     | espn.team_scraper:parse_team_stats_row:181 -   Celda 4: '39.2'
2025-11-09 12:48:24.531 | INFO     | espn.team_scraper:parse_team_stats_row:181 -   Celda 5: '39.7'
2025-11-09 12:48:24.532 | INFO     | espn.team_scraper:parse_team_stats_row:181 -   Celda 6: '15.7'
2025-11-09 12:48:24.532 | INFO     | espn.team_scraper:parse_team_stats_row:181 -   Celda 7: '22.3'
2025-11-09 12:48:24.532 | INFO     | espn.team_scraper:parse_team_stats_row:181 -   Celda 8: '70.1'
2025-11-09 12:48:24.532 | INFO     | espn.team_scraper:parse_team_stats_row:181 -   Celda 9: '29.1'
2025-11-09 12:48:24.533 | INFO     | espn.team_scraper:parse_team_stats_row:213 - Estadísticas parseadas: {'team_name': 'Unknown', 'season': None, 'fg_pct': 50.2, 'threep_pct': 39.7, 'ft_pct': 70.1, 'rpg': 58.5, 'apg': 1.355, 'spg': 0.59, 'bpg': 0.0, 'tpg': 0.0, 'ppg': 0.0, 'oppg': 0.0, 'net_rating': 0.0, 'FG%': 50.2, '3P%': 39.7, 'FT%': 70.1, 'REB': 58.5, 'AST': 1.355, 'STL': 0.59, 'BLK': 0.0, 'TO': 0.0, 'PF': 0.0, 'PTS': 0.0}
2025-11-09 12:48:24.533 | INFO     | espn.team_scraper:scrape_team_stats:60 - Estadísticas extraídas exitosamente para milwaukee-bucks
2025-11-09 12:48:24.538 | INFO     | espn.team_scraper:save_team_stats_to_csv:287 - Estadísticas de equipo guardadas en data/raw/team_stats/2023-24_playoffs/mil.csv
2025-11-09 12:48:24.538 | INFO     | espn.team_scraper:scrape_all_teams_stats:339 - Procesando minnesota-timberwolves...
2025-11-09 12:48:25.402 | WARNING  | espn.team_scraper:extract_team_averages:87 - No se encontró el contenedor principal de estadísticas
2025-11-09 12:48:25.403 | INFO     | espn.team_scraper:extract_team_averages:90 - Encontradas 4 tablas
2025-11-09 12:48:25.404 | INFO     | espn.team_scraper:extract_team_averages:98 - ✅ Tabla con estadísticas de porcentajes encontrada
2025-11-09 12:48:25.405 | INFO     | espn.team_scraper:extract_team_averages:120 - Usando última fila como promedios: 14 celdas
2025-11-09 12:48:25.405 | INFO     | espn.team_scraper:parse_team_stats_row:172 - Parseando fila con 14 celdas
2025-11-09 12:48:25.406 | INFO     | espn.team_scraper:parse_team_stats_row:181 -   Celda 0: '42.7'
2025-11-09 12:48:25.406 | INFO     | espn.team_scraper:parse_team_stats_row:181 -   Celda 1: '84.6'
2025-11-09 12:48:25.406 | INFO     | espn.team_scraper:parse_team_stats_row:181 -   Celda 2: '50.5'
2025-11-09 12:48:25.406 | INFO     | espn.team_scraper:parse_team_stats_row:181 -   Celda 3: '14.4'
2025-11-09 12:48:25.407 | INFO     | espn.team_scraper:parse_team_stats_row:181 -   Celda 4: '34.4'
2025-11-09 12:48:25.407 | INFO     | espn.team_scraper:parse_team_stats_row:181 -   Celda 5: '41.9'
2025-11-09 12:48:25.407 | INFO     | espn.team_scraper:parse_team_stats_row:181 -   Celda 6: '19.0'
2025-11-09 12:48:25.408 | INFO     | espn.team_scraper:parse_team_stats_row:181 -   Celda 7: '25.1'
2025-11-09 12:48:25.408 | INFO     | espn.team_scraper:parse_team_stats_row:181 -   Celda 8: '75.7'
2025-11-09 12:48:25.408 | INFO     | espn.team_scraper:parse_team_stats_row:181 -   Celda 9: '28.2'
2025-11-09 12:48:25.409 | INFO     | espn.team_scraper:parse_team_stats_row:213 - Estadísticas parseadas: {'team_name': 'Unknown', 'season': None, 'fg_pct': 50.5, 'threep_pct': 41.9, 'ft_pct': 75.7, 'rpg': 56.3, 'apg': 1.405, 'spg': 0.59, 'bpg': 0.0, 'tpg': 0.0, 'ppg': 0.0, 'oppg': 0.0, 'net_rating': 0.0, 'FG%': 50.5, '3P%': 41.9, 'FT%': 75.7, 'REB': 56.3, 'AST': 1.405, 'STL': 0.59, 'BLK': 0.0, 'TO': 0.0, 'PF': 0.0, 'PTS': 0.0}
2025-11-09 12:48:25.410 | INFO     | espn.team_scraper:scrape_team_stats:60 - Estadísticas extraídas exitosamente para minnesota-timberwolves
2025-11-09 12:48:25.415 | INFO     | espn.team_scraper:save_team_stats_to_csv:287 - Estadísticas de equipo guardadas en data/raw/team_stats/2023-24_playoffs/min.csv
2025-11-09 12:48:25.415 | INFO     | espn.team_scraper:scrape_all_teams_stats:339 - Procesando new-orleans-pelicans...
2025-11-09 12:48:26.663 | WARNING  | espn.team_scraper:extract_team_averages:87 - No se encontró el contenedor principal de estadísticas
2025-11-09 12:48:26.664 | INFO     | espn.team_scraper:extract_team_averages:90 - Encontradas 4 tablas
2025-11-09 12:48:26.665 | INFO     | espn.team_scraper:extract_team_averages:98 - ✅ Tabla con estadísticas de porcentajes encontrada
2025-11-09 12:48:26.665 | INFO     | espn.team_scraper:extract_team_averages:120 - Usando última fila como promedios: 14 celdas
2025-11-09 12:48:26.666 | INFO     | espn.team_scraper:parse_team_stats_row:172 - Parseando fila con 14 celdas
2025-11-09 12:48:26.666 | INFO     | espn.team_scraper:parse_team_stats_row:181 -   Celda 0: '38.8'
2025-11-09 12:48:26.666 | INFO     | espn.team_scraper:parse_team_stats_row:181 -   Celda 1: '89.1'
2025-11-09 12:48:26.667 | INFO     | espn.team_scraper:parse_team_stats_row:181 -   Celda 2: '43.5'
2025-11-09 12:48:26.667 | INFO     | espn.team_scraper:parse_team_stats_row:181 -   Celda 3: '12.4'
2025-11-09 12:48:26.667 | INFO     | espn.team_scraper:parse_team_stats_row:181 -   Celda 4: '34.8'
2025-11-09 12:48:26.667 | INFO     | espn.team_scraper:parse_team_stats_row:181 -   Celda 5: '35.8'
2025-11-09 12:48:26.668 | INFO     | espn.team_scraper:parse_team_stats_row:181 -   Celda 6: '19.1'
2025-11-09 12:48:26.668 | INFO     | espn.team_scraper:parse_team_stats_row:181 -   Celda 7: '25.6'
2025-11-09 12:48:26.672 | INFO     | espn.team_scraper:parse_team_stats_row:181 -   Celda 8: '74.8'
2025-11-09 12:48:26.673 | INFO     | espn.team_scraper:parse_team_stats_row:181 -   Celda 9: '26.3'
2025-11-09 12:48:26.673 | INFO     | espn.team_scraper:parse_team_stats_row:213 - Estadísticas parseadas: {'team_name': 'Unknown', 'season': None, 'fg_pct': 43.5, 'threep_pct': 35.8, 'ft_pct': 74.8, 'rpg': 48.5, 'apg': 1.224, 'spg': 0.5, 'bpg': 0.0, 'tpg': 0.0, 'ppg': 0.0, 'oppg': 0.0, 'net_rating': 0.0, 'FG%': 43.5, '3P%': 35.8, 'FT%': 74.8, 'REB': 48.5, 'AST': 1.224, 'STL': 0.5, 'BLK': 0.0, 'TO': 0.0, 'PF': 0.0, 'PTS': 0.0}
2025-11-09 12:48:26.674 | INFO     | espn.team_scraper:scrape_team_stats:60 - Estadísticas extraídas exitosamente para new-orleans-pelicans
2025-11-09 12:48:26.683 | INFO     | espn.team_scraper:save_team_stats_to_csv:287 - Estadísticas de equipo guardadas en data/raw/team_stats/2023-24_playoffs/no.csv
2025-11-09 12:48:26.684 | INFO     | espn.team_scraper:scrape_all_teams_stats:339 - Procesando new-york-knicks...
2025-11-09 12:48:27.520 | WARNING  | espn.team_scraper:extract_team_averages:87 - No se encontró el contenedor principal de estadísticas
2025-11-09 12:48:27.521 | INFO     | espn.team_scraper:extract_team_averages:90 - Encontradas 4 tablas
2025-11-09 12:48:27.521 | INFO     | espn.team_scraper:extract_team_averages:98 - ✅ Tabla con estadísticas de porcentajes encontrada
2025-11-09 12:48:27.522 | INFO     | espn.team_scraper:extract_team_averages:120 - Usando última fila como promedios: 14 celdas
2025-11-09 12:48:27.522 | INFO     | espn.team_scraper:parse_team_stats_row:172 - Parseando fila con 14 celdas
2025-11-09 12:48:27.523 | INFO     | espn.team_scraper:parse_team_stats_row:181 -   Celda 0: '41.8'
2025-11-09 12:48:27.523 | INFO     | espn.team_scraper:parse_team_stats_row:181 -   Celda 1: '93.0'
2025-11-09 12:48:27.523 | INFO     | espn.team_scraper:parse_team_stats_row:181 -   Celda 2: '44.9'
2025-11-09 12:48:27.523 | INFO     | espn.team_scraper:parse_team_stats_row:181 -   Celda 3: '16.4'
2025-11-09 12:48:27.524 | INFO     | espn.team_scraper:parse_team_stats_row:181 -   Celda 4: '43.6'
2025-11-09 12:48:27.524 | INFO     | espn.team_scraper:parse_team_stats_row:181 -   Celda 5: '37.5'
2025-11-09 12:48:27.524 | INFO     | espn.team_scraper:parse_team_stats_row:181 -   Celda 6: '19.0'
2025-11-09 12:48:27.525 | INFO     | espn.team_scraper:parse_team_stats_row:181 -   Celda 7: '22.4'
2025-11-09 12:48:27.525 | INFO     | espn.team_scraper:parse_team_stats_row:181 -   Celda 8: '84.9'
2025-11-09 12:48:27.525 | INFO     | espn.team_scraper:parse_team_stats_row:181 -   Celda 9: '25.4'
2025-11-09 12:48:27.526 | INFO     | espn.team_scraper:parse_team_stats_row:213 - Estadísticas parseadas: {'team_name': 'Unknown', 'season': None, 'fg_pct': 44.9, 'threep_pct': 37.5, 'ft_pct': 84.9, 'rpg': 51.4, 'apg': 1.278, 'spg': 0.54, 'bpg': 0.0, 'tpg': 0.0, 'ppg': 0.0, 'oppg': 0.0, 'net_rating': 0.0, 'FG%': 44.9, '3P%': 37.5, 'FT%': 84.9, 'REB': 51.4, 'AST': 1.278, 'STL': 0.54, 'BLK': 0.0, 'TO': 0.0, 'PF': 0.0, 'PTS': 0.0}
2025-11-09 12:48:27.527 | INFO     | espn.team_scraper:scrape_team_stats:60 - Estadísticas extraídas exitosamente para new-york-knicks
2025-11-09 12:48:27.533 | INFO     | espn.team_scraper:save_team_stats_to_csv:287 - Estadísticas de equipo guardadas en data/raw/team_stats/2023-24_playoffs/ny.csv
2025-11-09 12:48:27.533 | INFO     | espn.team_scraper:scrape_all_teams_stats:339 - Procesando oklahoma-city-thunder...
2025-11-09 12:48:28.640 | WARNING  | espn.team_scraper:extract_team_averages:87 - No se encontró el contenedor principal de estadísticas
2025-11-09 12:48:28.641 | INFO     | espn.team_scraper:extract_team_averages:90 - Encontradas 4 tablas
2025-11-09 12:48:28.643 | INFO     | espn.team_scraper:extract_team_averages:98 - ✅ Tabla con estadísticas de porcentajes encontrada
2025-11-09 12:48:28.644 | INFO     | espn.team_scraper:extract_team_averages:120 - Usando última fila como promedios: 14 celdas
2025-11-09 12:48:28.644 | INFO     | espn.team_scraper:parse_team_stats_row:172 - Parseando fila con 14 celdas
2025-11-09 12:48:28.644 | INFO     | espn.team_scraper:parse_team_stats_row:181 -   Celda 0: '43.9'
2025-11-09 12:48:28.645 | INFO     | espn.team_scraper:parse_team_stats_row:181 -   Celda 1: '92.4'
2025-11-09 12:48:28.645 | INFO     | espn.team_scraper:parse_team_stats_row:181 -   Celda 2: '47.5'
2025-11-09 12:48:28.645 | INFO     | espn.team_scraper:parse_team_stats_row:181 -   Celda 3: '13.9'
2025-11-09 12:48:28.645 | INFO     | espn.team_scraper:parse_team_stats_row:181 -   Celda 4: '40.6'
2025-11-09 12:48:28.646 | INFO     | espn.team_scraper:parse_team_stats_row:181 -   Celda 5: '34.2'
2025-11-09 12:48:28.646 | INFO     | espn.team_scraper:parse_team_stats_row:181 -   Celda 6: '21.5'
2025-11-09 12:48:28.646 | INFO     | espn.team_scraper:parse_team_stats_row:181 -   Celda 7: '24.9'
2025-11-09 12:48:28.647 | INFO     | espn.team_scraper:parse_team_stats_row:181 -   Celda 8: '86.3'
2025-11-09 12:48:28.647 | INFO     | espn.team_scraper:parse_team_stats_row:181 -   Celda 9: '30.0'
2025-11-09 12:48:28.647 | INFO     | espn.team_scraper:parse_team_stats_row:213 - Estadísticas parseadas: {'team_name': 'Unknown', 'season': None, 'fg_pct': 47.5, 'threep_pct': 34.2, 'ft_pct': 86.3, 'rpg': 57.9, 'apg': 1.333, 'spg': 0.55, 'bpg': 0.0, 'tpg': 0.0, 'ppg': 0.0, 'oppg': 0.0, 'net_rating': 0.0, 'FG%': 47.5, '3P%': 34.2, 'FT%': 86.3, 'REB': 57.9, 'AST': 1.333, 'STL': 0.55, 'BLK': 0.0, 'TO': 0.0, 'PF': 0.0, 'PTS': 0.0}
2025-11-09 12:48:28.647 | INFO     | espn.team_scraper:scrape_team_stats:60 - Estadísticas extraídas exitosamente para oklahoma-city-thunder
2025-11-09 12:48:28.653 | INFO     | espn.team_scraper:save_team_stats_to_csv:287 - Estadísticas de equipo guardadas en data/raw/team_stats/2023-24_playoffs/okc.csv
2025-11-09 12:48:28.653 | INFO     | espn.team_scraper:scrape_all_teams_stats:339 - Procesando orlando-magic...
2025-11-09 12:48:29.457 | WARNING  | espn.team_scraper:extract_team_averages:87 - No se encontró el contenedor principal de estadísticas
2025-11-09 12:48:29.460 | INFO     | espn.team_scraper:extract_team_averages:90 - Encontradas 4 tablas
2025-11-09 12:48:29.461 | INFO     | espn.team_scraper:extract_team_averages:98 - ✅ Tabla con estadísticas de porcentajes encontrada
2025-11-09 12:48:29.461 | INFO     | espn.team_scraper:extract_team_averages:120 - Usando última fila como promedios: 14 celdas
2025-11-09 12:48:29.462 | INFO     | espn.team_scraper:parse_team_stats_row:172 - Parseando fila con 14 celdas
2025-11-09 12:48:29.462 | INFO     | espn.team_scraper:parse_team_stats_row:181 -   Celda 0: '40.6'
2025-11-09 12:48:29.463 | INFO     | espn.team_scraper:parse_team_stats_row:181 -   Celda 1: '84.9'
2025-11-09 12:48:29.463 | INFO     | espn.team_scraper:parse_team_stats_row:181 -   Celda 2: '47.8'
2025-11-09 12:48:29.464 | INFO     | espn.team_scraper:parse_team_stats_row:181 -   Celda 3: '11.1'
2025-11-09 12:48:29.464 | INFO     | espn.team_scraper:parse_team_stats_row:181 -   Celda 4: '31.7'
2025-11-09 12:48:29.464 | INFO     | espn.team_scraper:parse_team_stats_row:181 -   Celda 5: '35.1'
2025-11-09 12:48:29.464 | INFO     | espn.team_scraper:parse_team_stats_row:181 -   Celda 6: '24.8'
2025-11-09 12:48:29.465 | INFO     | espn.team_scraper:parse_team_stats_row:181 -   Celda 7: '32.4'
2025-11-09 12:48:29.466 | INFO     | espn.team_scraper:parse_team_stats_row:181 -   Celda 8: '76.4'
2025-11-09 12:48:29.467 | INFO     | espn.team_scraper:parse_team_stats_row:181 -   Celda 9: '29.4'
2025-11-09 12:48:29.467 | INFO     | espn.team_scraper:parse_team_stats_row:213 - Estadísticas parseadas: {'team_name': 'Unknown', 'season': None, 'fg_pct': 47.8, 'threep_pct': 35.1, 'ft_pct': 76.4, 'rpg': 55.3, 'apg': 1.378, 'spg': 0.54, 'bpg': 0.0, 'tpg': 0.0, 'ppg': 0.0, 'oppg': 0.0, 'net_rating': 0.0, 'FG%': 47.8, '3P%': 35.1, 'FT%': 76.4, 'REB': 55.3, 'AST': 1.378, 'STL': 0.54, 'BLK': 0.0, 'TO': 0.0, 'PF': 0.0, 'PTS': 0.0}
2025-11-09 12:48:29.468 | INFO     | espn.team_scraper:scrape_team_stats:60 - Estadísticas extraídas exitosamente para orlando-magic
2025-11-09 12:48:29.474 | INFO     | espn.team_scraper:save_team_stats_to_csv:287 - Estadísticas de equipo guardadas en data/raw/team_stats/2023-24_playoffs/orl.csv
2025-11-09 12:48:29.477 | INFO     | espn.team_scraper:scrape_all_teams_stats:339 - Procesando philadelphia-76ers...
2025-11-09 12:48:30.574 | WARNING  | espn.team_scraper:extract_team_averages:87 - No se encontró el contenedor principal de estadísticas
2025-11-09 12:48:30.577 | INFO     | espn.team_scraper:extract_team_averages:90 - Encontradas 4 tablas
2025-11-09 12:48:30.578 | INFO     | espn.team_scraper:extract_team_averages:98 - ✅ Tabla con estadísticas de porcentajes encontrada
2025-11-09 12:48:30.579 | INFO     | espn.team_scraper:extract_team_averages:120 - Usando última fila como promedios: 14 celdas
2025-11-09 12:48:30.579 | INFO     | espn.team_scraper:parse_team_stats_row:172 - Parseando fila con 14 celdas
2025-11-09 12:48:30.580 | INFO     | espn.team_scraper:parse_team_stats_row:181 -   Celda 0: '43.7'
2025-11-09 12:48:30.580 | INFO     | espn.team_scraper:parse_team_stats_row:181 -   Celda 1: '91.4'
2025-11-09 12:48:30.581 | INFO     | espn.team_scraper:parse_team_stats_row:181 -   Celda 2: '47.8'
2025-11-09 12:48:30.581 | INFO     | espn.team_scraper:parse_team_stats_row:181 -   Celda 3: '14.0'
2025-11-09 12:48:30.582 | INFO     | espn.team_scraper:parse_team_stats_row:181 -   Celda 4: '36.1'
2025-11-09 12:48:30.582 | INFO     | espn.team_scraper:parse_team_stats_row:181 -   Celda 5: '38.8'
2025-11-09 12:48:30.583 | INFO     | espn.team_scraper:parse_team_stats_row:181 -   Celda 6: '22.7'
2025-11-09 12:48:30.584 | INFO     | espn.team_scraper:parse_team_stats_row:181 -   Celda 7: '28.8'
2025-11-09 12:48:30.584 | INFO     | espn.team_scraper:parse_team_stats_row:181 -   Celda 8: '78.8'
2025-11-09 12:48:30.585 | INFO     | espn.team_scraper:parse_team_stats_row:181 -   Celda 9: '29.7'
2025-11-09 12:48:30.586 | INFO     | espn.team_scraper:parse_team_stats_row:213 - Estadísticas parseadas: {'team_name': 'Unknown', 'season': None, 'fg_pct': 47.8, 'threep_pct': 38.8, 'ft_pct': 78.8, 'rpg': 53.6, 'apg': 1.356, 'spg': 0.55, 'bpg': 0.0, 'tpg': 0.0, 'ppg': 0.0, 'oppg': 0.0, 'net_rating': 0.0, 'FG%': 47.8, '3P%': 38.8, 'FT%': 78.8, 'REB': 53.6, 'AST': 1.356, 'STL': 0.55, 'BLK': 0.0, 'TO': 0.0, 'PF': 0.0, 'PTS': 0.0}
2025-11-09 12:48:30.587 | INFO     | espn.team_scraper:scrape_team_stats:60 - Estadísticas extraídas exitosamente para philadelphia-76ers
2025-11-09 12:48:30.596 | INFO     | espn.team_scraper:save_team_stats_to_csv:287 - Estadísticas de equipo guardadas en data/raw/team_stats/2023-24_playoffs/phi.csv
2025-11-09 12:48:30.597 | INFO     | espn.team_scraper:scrape_all_teams_stats:339 - Procesando phoenix-suns...
2025-11-09 12:48:31.675 | WARNING  | espn.team_scraper:extract_team_averages:87 - No se encontró el contenedor principal de estadísticas
2025-11-09 12:48:31.678 | INFO     | espn.team_scraper:extract_team_averages:90 - Encontradas 4 tablas
2025-11-09 12:48:31.679 | INFO     | espn.team_scraper:extract_team_averages:98 - ✅ Tabla con estadísticas de porcentajes encontrada
2025-11-09 12:48:31.680 | INFO     | espn.team_scraper:extract_team_averages:120 - Usando última fila como promedios: 14 celdas
2025-11-09 12:48:31.680 | INFO     | espn.team_scraper:parse_team_stats_row:172 - Parseando fila con 14 celdas
2025-11-09 12:48:31.681 | INFO     | espn.team_scraper:parse_team_stats_row:181 -   Celda 0: '41.6'
2025-11-09 12:48:31.681 | INFO     | espn.team_scraper:parse_team_stats_row:181 -   Celda 1: '90.1'
2025-11-09 12:48:31.681 | INFO     | espn.team_scraper:parse_team_stats_row:181 -   Celda 2: '46.2'
2025-11-09 12:48:31.682 | INFO     | espn.team_scraper:parse_team_stats_row:181 -   Celda 3: '16.2'
2025-11-09 12:48:31.682 | INFO     | espn.team_scraper:parse_team_stats_row:181 -   Celda 4: '42.7'
2025-11-09 12:48:31.682 | INFO     | espn.team_scraper:parse_team_stats_row:181 -   Celda 5: '37.9'
2025-11-09 12:48:31.684 | INFO     | espn.team_scraper:parse_team_stats_row:181 -   Celda 6: '17.0'
2025-11-09 12:48:31.684 | INFO     | espn.team_scraper:parse_team_stats_row:181 -   Celda 7: '20.9'
2025-11-09 12:48:31.684 | INFO     | espn.team_scraper:parse_team_stats_row:181 -   Celda 8: '81.3'
2025-11-09 12:48:31.685 | INFO     | espn.team_scraper:parse_team_stats_row:181 -   Celda 9: '25.4'
2025-11-09 12:48:31.685 | INFO     | espn.team_scraper:parse_team_stats_row:213 - Estadísticas parseadas: {'team_name': 'Unknown', 'season': None, 'fg_pct': 46.2, 'threep_pct': 37.9, 'ft_pct': 81.3, 'rpg': 53.6, 'apg': 1.292, 'spg': 0.55, 'bpg': 0.0, 'tpg': 0.0, 'ppg': 0.0, 'oppg': 0.0, 'net_rating': 0.0, 'FG%': 46.2, '3P%': 37.9, 'FT%': 81.3, 'REB': 53.6, 'AST': 1.292, 'STL': 0.55, 'BLK': 0.0, 'TO': 0.0, 'PF': 0.0, 'PTS': 0.0}
2025-11-09 12:48:31.686 | INFO     | espn.team_scraper:scrape_team_stats:60 - Estadísticas extraídas exitosamente para phoenix-suns
2025-11-09 12:48:31.700 | INFO     | espn.team_scraper:save_team_stats_to_csv:287 - Estadísticas de equipo guardadas en data/raw/team_stats/2023-24_playoffs/phx.csv
2025-11-09 12:48:31.701 | INFO     | espn.team_scraper:scrape_all_teams_stats:339 - Procesando portland-trail-blazers...
2025-11-09 12:48:32.650 | WARNING  | espn.team_scraper:extract_team_averages:87 - No se encontró el contenedor principal de estadísticas
2025-11-09 12:48:32.651 | INFO     | espn.team_scraper:extract_team_averages:90 - Encontradas 4 tablas
2025-11-09 12:48:32.652 | INFO     | espn.team_scraper:extract_team_averages:98 - ✅ Tabla con estadísticas de porcentajes encontrada
2025-11-09 12:48:32.653 | INFO     | espn.team_scraper:extract_team_averages:120 - Usando última fila como promedios: 14 celdas
2025-11-09 12:48:32.653 | INFO     | espn.team_scraper:parse_team_stats_row:172 - Parseando fila con 14 celdas
2025-11-09 12:48:32.653 | INFO     | espn.team_scraper:parse_team_stats_row:181 -   Celda 0: '42.0'
2025-11-09 12:48:32.654 | INFO     | espn.team_scraper:parse_team_stats_row:181 -   Celda 1: '94.1'
2025-11-09 12:48:32.654 | INFO     | espn.team_scraper:parse_team_stats_row:181 -   Celda 2: '44.6'
2025-11-09 12:48:32.654 | INFO     | espn.team_scraper:parse_team_stats_row:181 -   Celda 3: '14.2'
2025-11-09 12:48:32.655 | INFO     | espn.team_scraper:parse_team_stats_row:181 -   Celda 4: '43.1'
2025-11-09 12:48:32.655 | INFO     | espn.team_scraper:parse_team_stats_row:181 -   Celda 5: '33.0'
2025-11-09 12:48:32.655 | INFO     | espn.team_scraper:parse_team_stats_row:181 -   Celda 6: '23.3'
2025-11-09 12:48:32.656 | INFO     | espn.team_scraper:parse_team_stats_row:181 -   Celda 7: '28.0'
2025-11-09 12:48:32.656 | INFO     | espn.team_scraper:parse_team_stats_row:181 -   Celda 8: '83.3'
2025-11-09 12:48:32.657 | INFO     | espn.team_scraper:parse_team_stats_row:181 -   Celda 9: '27.8'
2025-11-09 12:48:32.657 | INFO     | espn.team_scraper:parse_team_stats_row:213 - Estadísticas parseadas: {'team_name': 'Unknown', 'season': None, 'fg_pct': 44.6, 'threep_pct': 33.0, 'ft_pct': 83.3, 'rpg': 54.5, 'apg': 1.292, 'spg': 0.52, 'bpg': 0.0, 'tpg': 0.0, 'ppg': 0.0, 'oppg': 0.0, 'net_rating': 0.0, 'FG%': 44.6, '3P%': 33.0, 'FT%': 83.3, 'REB': 54.5, 'AST': 1.292, 'STL': 0.52, 'BLK': 0.0, 'TO': 0.0, 'PF': 0.0, 'PTS': 0.0}
2025-11-09 12:48:32.657 | INFO     | espn.team_scraper:scrape_team_stats:60 - Estadísticas extraídas exitosamente para portland-trail-blazers
2025-11-09 12:48:32.666 | INFO     | espn.team_scraper:save_team_stats_to_csv:287 - Estadísticas de equipo guardadas en data/raw/team_stats/2023-24_playoffs/por.csv
2025-11-09 12:48:32.667 | INFO     | espn.team_scraper:scrape_all_teams_stats:339 - Procesando sacramento-kings...
2025-11-09 12:48:33.768 | WARNING  | espn.team_scraper:extract_team_averages:87 - No se encontró el contenedor principal de estadísticas
2025-11-09 12:48:33.769 | INFO     | espn.team_scraper:extract_team_averages:90 - Encontradas 4 tablas
2025-11-09 12:48:33.769 | INFO     | espn.team_scraper:extract_team_averages:98 - ✅ Tabla con estadísticas de porcentajes encontrada
2025-11-09 12:48:33.770 | INFO     | espn.team_scraper:extract_team_averages:120 - Usando última fila como promedios: 14 celdas
2025-11-09 12:48:33.771 | INFO     | espn.team_scraper:parse_team_stats_row:172 - Parseando fila con 14 celdas
2025-11-09 12:48:33.771 | INFO     | espn.team_scraper:parse_team_stats_row:181 -   Celda 0: '42.4'
2025-11-09 12:48:33.771 | INFO     | espn.team_scraper:parse_team_stats_row:181 -   Celda 1: '88.6'
2025-11-09 12:48:33.772 | INFO     | espn.team_scraper:parse_team_stats_row:181 -   Celda 2: '47.9'
2025-11-09 12:48:33.772 | INFO     | espn.team_scraper:parse_team_stats_row:181 -   Celda 3: '11.4'
2025-11-09 12:48:33.772 | INFO     | espn.team_scraper:parse_team_stats_row:181 -   Celda 4: '30.4'
2025-11-09 12:48:33.773 | INFO     | espn.team_scraper:parse_team_stats_row:181 -   Celda 5: '37.6'
2025-11-09 12:48:33.773 | INFO     | espn.team_scraper:parse_team_stats_row:181 -   Celda 6: '18.8'
2025-11-09 12:48:33.773 | INFO     | espn.team_scraper:parse_team_stats_row:181 -   Celda 7: '24.0'
2025-11-09 12:48:33.774 | INFO     | espn.team_scraper:parse_team_stats_row:181 -   Celda 8: '78.2'
2025-11-09 12:48:33.774 | INFO     | espn.team_scraper:parse_team_stats_row:181 -   Celda 9: '31.0'
2025-11-09 12:48:33.775 | INFO     | espn.team_scraper:parse_team_stats_row:213 - Estadísticas parseadas: {'team_name': 'Unknown', 'season': None, 'fg_pct': 47.9, 'threep_pct': 37.6, 'ft_pct': 78.2, 'rpg': 53.3, 'apg': 1.3, 'spg': 0.54, 'bpg': 0.0, 'tpg': 0.0, 'ppg': 0.0, 'oppg': 0.0, 'net_rating': 0.0, 'FG%': 47.9, '3P%': 37.6, 'FT%': 78.2, 'REB': 53.3, 'AST': 1.3, 'STL': 0.54, 'BLK': 0.0, 'TO': 0.0, 'PF': 0.0, 'PTS': 0.0}
2025-11-09 12:48:33.776 | INFO     | espn.team_scraper:scrape_team_stats:60 - Estadísticas extraídas exitosamente para sacramento-kings
2025-11-09 12:48:33.782 | INFO     | espn.team_scraper:save_team_stats_to_csv:287 - Estadísticas de equipo guardadas en data/raw/team_stats/2023-24_playoffs/sac.csv
2025-11-09 12:48:33.783 | INFO     | espn.team_scraper:scrape_all_teams_stats:339 - Procesando san-antonio-spurs...
2025-11-09 12:48:34.624 | WARNING  | espn.team_scraper:extract_team_averages:87 - No se encontró el contenedor principal de estadísticas
2025-11-09 12:48:34.625 | INFO     | espn.team_scraper:extract_team_averages:90 - Encontradas 4 tablas
2025-11-09 12:48:34.627 | INFO     | espn.team_scraper:extract_team_averages:98 - ✅ Tabla con estadísticas de porcentajes encontrada
2025-11-09 12:48:34.628 | INFO     | espn.team_scraper:extract_team_averages:120 - Usando última fila como promedios: 14 celdas
2025-11-09 12:48:34.628 | INFO     | espn.team_scraper:parse_team_stats_row:172 - Parseando fila con 14 celdas
2025-11-09 12:48:34.629 | INFO     | espn.team_scraper:parse_team_stats_row:181 -   Celda 0: '42.2'
2025-11-09 12:48:34.629 | INFO     | espn.team_scraper:parse_team_stats_row:181 -   Celda 1: '85.0'
2025-11-09 12:48:34.630 | INFO     | espn.team_scraper:parse_team_stats_row:181 -   Celda 2: '49.7'
2025-11-09 12:48:34.631 | INFO     | espn.team_scraper:parse_team_stats_row:181 -   Celda 3: '12.8'
2025-11-09 12:48:34.631 | INFO     | espn.team_scraper:parse_team_stats_row:181 -   Celda 4: '35.2'
2025-11-09 12:48:34.631 | INFO     | espn.team_scraper:parse_team_stats_row:181 -   Celda 5: '36.3'
2025-11-09 12:48:34.631 | INFO     | espn.team_scraper:parse_team_stats_row:181 -   Celda 6: '21.9'
2025-11-09 12:48:34.632 | INFO     | espn.team_scraper:parse_team_stats_row:181 -   Celda 7: '28.3'
2025-11-09 12:48:34.632 | INFO     | espn.team_scraper:parse_team_stats_row:181 -   Celda 8: '77.3'
2025-11-09 12:48:34.633 | INFO     | espn.team_scraper:parse_team_stats_row:181 -   Celda 9: '29.4'
2025-11-09 12:48:34.633 | INFO     | espn.team_scraper:parse_team_stats_row:213 - Estadísticas parseadas: {'team_name': 'Unknown', 'season': None, 'fg_pct': 49.7, 'threep_pct': 36.3, 'ft_pct': 77.3, 'rpg': 59.2, 'apg': 1.401, 'spg': 0.57, 'bpg': 0.0, 'tpg': 0.0, 'ppg': 0.0, 'oppg': 0.0, 'net_rating': 0.0, 'FG%': 49.7, '3P%': 36.3, 'FT%': 77.3, 'REB': 59.2, 'AST': 1.401, 'STL': 0.57, 'BLK': 0.0, 'TO': 0.0, 'PF': 0.0, 'PTS': 0.0}
2025-11-09 12:48:34.633 | INFO     | espn.team_scraper:scrape_team_stats:60 - Estadísticas extraídas exitosamente para san-antonio-spurs
2025-11-09 12:48:34.640 | INFO     | espn.team_scraper:save_team_stats_to_csv:287 - Estadísticas de equipo guardadas en data/raw/team_stats/2023-24_playoffs/sa.csv
2025-11-09 12:48:34.641 | INFO     | espn.team_scraper:scrape_all_teams_stats:339 - Procesando toronto-raptors...
2025-11-09 12:48:35.531 | WARNING  | espn.team_scraper:extract_team_averages:87 - No se encontró el contenedor principal de estadísticas
2025-11-09 12:48:35.533 | INFO     | espn.team_scraper:extract_team_averages:90 - Encontradas 4 tablas
2025-11-09 12:48:35.534 | INFO     | espn.team_scraper:extract_team_averages:98 - ✅ Tabla con estadísticas de porcentajes encontrada
2025-11-09 12:48:35.535 | INFO     | espn.team_scraper:extract_team_averages:120 - Usando última fila como promedios: 14 celdas
2025-11-09 12:48:35.535 | INFO     | espn.team_scraper:parse_team_stats_row:172 - Parseando fila con 14 celdas
2025-11-09 12:48:35.536 | INFO     | espn.team_scraper:parse_team_stats_row:181 -   Celda 0: '43.2'
2025-11-09 12:48:35.536 | INFO     | espn.team_scraper:parse_team_stats_row:181 -   Celda 1: '88.7'
2025-11-09 12:48:35.537 | INFO     | espn.team_scraper:parse_team_stats_row:181 -   Celda 2: '48.7'
2025-11-09 12:48:35.538 | INFO     | espn.team_scraper:parse_team_stats_row:181 -   Celda 3: '13.2'
2025-11-09 12:48:35.539 | INFO     | espn.team_scraper:parse_team_stats_row:181 -   Celda 4: '33.8'
2025-11-09 12:48:35.539 | INFO     | espn.team_scraper:parse_team_stats_row:181 -   Celda 5: '39.1'
2025-11-09 12:48:35.539 | INFO     | espn.team_scraper:parse_team_stats_row:181 -   Celda 6: '19.7'
2025-11-09 12:48:35.539 | INFO     | espn.team_scraper:parse_team_stats_row:181 -   Celda 7: '25.3'
2025-11-09 12:48:35.540 | INFO     | espn.team_scraper:parse_team_stats_row:181 -   Celda 8: '77.9'
2025-11-09 12:48:35.540 | INFO     | espn.team_scraper:parse_team_stats_row:181 -   Celda 9: '30.0'
2025-11-09 12:48:35.540 | INFO     | espn.team_scraper:parse_team_stats_row:213 - Estadísticas parseadas: {'team_name': 'Unknown', 'season': None, 'fg_pct': 48.7, 'threep_pct': 39.1, 'ft_pct': 77.9, 'rpg': 54.6, 'apg': 1.345, 'spg': 0.56, 'bpg': 0.0, 'tpg': 0.0, 'ppg': 0.0, 'oppg': 0.0, 'net_rating': 0.0, 'FG%': 48.7, '3P%': 39.1, 'FT%': 77.9, 'REB': 54.6, 'AST': 1.345, 'STL': 0.56, 'BLK': 0.0, 'TO': 0.0, 'PF': 0.0, 'PTS': 0.0}
2025-11-09 12:48:35.541 | INFO     | espn.team_scraper:scrape_team_stats:60 - Estadísticas extraídas exitosamente para toronto-raptors
2025-11-09 12:48:35.550 | INFO     | espn.team_scraper:save_team_stats_to_csv:287 - Estadísticas de equipo guardadas en data/raw/team_stats/2023-24_playoffs/tor.csv
2025-11-09 12:48:35.550 | INFO     | espn.team_scraper:scrape_all_teams_stats:339 - Procesando utah-jazz...
2025-11-09 12:48:36.756 | WARNING  | espn.team_scraper:extract_team_averages:87 - No se encontró el contenedor principal de estadísticas
2025-11-09 12:48:36.757 | INFO     | espn.team_scraper:extract_team_averages:90 - Encontradas 4 tablas
2025-11-09 12:48:36.758 | INFO     | espn.team_scraper:extract_team_averages:98 - ✅ Tabla con estadísticas de porcentajes encontrada
2025-11-09 12:48:36.758 | INFO     | espn.team_scraper:extract_team_averages:120 - Usando última fila como promedios: 14 celdas
2025-11-09 12:48:36.760 | INFO     | espn.team_scraper:parse_team_stats_row:172 - Parseando fila con 14 celdas
2025-11-09 12:48:36.761 | INFO     | espn.team_scraper:parse_team_stats_row:181 -   Celda 0: '38.1'
2025-11-09 12:48:36.761 | INFO     | espn.team_scraper:parse_team_stats_row:181 -   Celda 1: '88.6'
2025-11-09 12:48:36.761 | INFO     | espn.team_scraper:parse_team_stats_row:181 -   Celda 2: '43.0'
2025-11-09 12:48:36.762 | INFO     | espn.team_scraper:parse_team_stats_row:181 -   Celda 3: '11.8'
2025-11-09 12:48:36.763 | INFO     | espn.team_scraper:parse_team_stats_row:181 -   Celda 4: '38.6'
2025-11-09 12:48:36.763 | INFO     | espn.team_scraper:parse_team_stats_row:181 -   Celda 5: '30.5'
2025-11-09 12:48:36.763 | INFO     | espn.team_scraper:parse_team_stats_row:181 -   Celda 6: '24.1'
2025-11-09 12:48:36.764 | INFO     | espn.team_scraper:parse_team_stats_row:181 -   Celda 7: '29.1'
2025-11-09 12:48:36.764 | INFO     | espn.team_scraper:parse_team_stats_row:181 -   Celda 8: '82.8'
2025-11-09 12:48:36.764 | INFO     | espn.team_scraper:parse_team_stats_row:181 -   Celda 9: '26.3'
2025-11-09 12:48:36.765 | INFO     | espn.team_scraper:parse_team_stats_row:213 - Estadísticas parseadas: {'team_name': 'Unknown', 'season': None, 'fg_pct': 43.0, 'threep_pct': 30.5, 'ft_pct': 82.8, 'rpg': 52.7, 'apg': 1.266, 'spg': 0.5, 'bpg': 0.0, 'tpg': 0.0, 'ppg': 0.0, 'oppg': 0.0, 'net_rating': 0.0, 'FG%': 43.0, '3P%': 30.5, 'FT%': 82.8, 'REB': 52.7, 'AST': 1.266, 'STL': 0.5, 'BLK': 0.0, 'TO': 0.0, 'PF': 0.0, 'PTS': 0.0}
2025-11-09 12:48:36.765 | INFO     | espn.team_scraper:scrape_team_stats:60 - Estadísticas extraídas exitosamente para utah-jazz
2025-11-09 12:48:36.772 | INFO     | espn.team_scraper:save_team_stats_to_csv:287 - Estadísticas de equipo guardadas en data/raw/team_stats/2023-24_playoffs/utah.csv
2025-11-09 12:48:36.772 | INFO     | espn.team_scraper:scrape_all_teams_stats:339 - Procesando washington-wizards...
2025-11-09 12:48:37.674 | WARNING  | espn.team_scraper:extract_team_averages:87 - No se encontró el contenedor principal de estadísticas
2025-11-09 12:48:37.674 | INFO     | espn.team_scraper:extract_team_averages:90 - Encontradas 4 tablas
2025-11-09 12:48:37.677 | INFO     | espn.team_scraper:extract_team_averages:98 - ✅ Tabla con estadísticas de porcentajes encontrada
2025-11-09 12:48:37.677 | INFO     | espn.team_scraper:extract_team_averages:120 - Usando última fila como promedios: 14 celdas
2025-11-09 12:48:37.678 | INFO     | espn.team_scraper:parse_team_stats_row:172 - Parseando fila con 14 celdas
2025-11-09 12:48:37.678 | INFO     | espn.team_scraper:parse_team_stats_row:181 -   Celda 0: '41.1'
2025-11-09 12:48:37.679 | INFO     | espn.team_scraper:parse_team_stats_row:181 -   Celda 1: '90.9'
2025-11-09 12:48:37.680 | INFO     | espn.team_scraper:parse_team_stats_row:181 -   Celda 2: '45.2'
2025-11-09 12:48:37.680 | INFO     | espn.team_scraper:parse_team_stats_row:181 -   Celda 3: '13.3'
2025-11-09 12:48:37.681 | INFO     | espn.team_scraper:parse_team_stats_row:181 -   Celda 4: '36.0'
2025-11-09 12:48:37.681 | INFO     | espn.team_scraper:parse_team_stats_row:181 -   Celda 5: '36.9'
2025-11-09 12:48:37.682 | INFO     | espn.team_scraper:parse_team_stats_row:181 -   Celda 6: '16.0'
2025-11-09 12:48:37.682 | INFO     | espn.team_scraper:parse_team_stats_row:181 -   Celda 7: '21.8'
2025-11-09 12:48:37.683 | INFO     | espn.team_scraper:parse_team_stats_row:181 -   Celda 8: '73.4'
2025-11-09 12:48:37.683 | INFO     | espn.team_scraper:parse_team_stats_row:181 -   Celda 9: '27.8'
2025-11-09 12:48:37.683 | INFO     | espn.team_scraper:parse_team_stats_row:213 - Estadísticas parseadas: {'team_name': 'Unknown', 'season': None, 'fg_pct': 45.2, 'threep_pct': 36.9, 'ft_pct': 73.4, 'rpg': 50.6, 'apg': 1.227, 'spg': 0.53, 'bpg': 0.0, 'tpg': 0.0, 'ppg': 0.0, 'oppg': 0.0, 'net_rating': 0.0, 'FG%': 45.2, '3P%': 36.9, 'FT%': 73.4, 'REB': 50.6, 'AST': 1.227, 'STL': 0.53, 'BLK': 0.0, 'TO': 0.0, 'PF': 0.0, 'PTS': 0.0}
2025-11-09 12:48:37.683 | INFO     | espn.team_scraper:scrape_team_stats:60 - Estadísticas extraídas exitosamente para washington-wizards
2025-11-09 12:48:37.688 | INFO     | espn.team_scraper:save_team_stats_to_csv:287 - Estadísticas de equipo guardadas en data/raw/team_stats/2023-24_playoffs/wsh.csv
2025-11-09 12:48:37.689 | INFO     | espn.team_scraper:scrape_all_teams_stats:349 - Scraping de estadísticas de equipos completado: 30/30 equipos
2025-11-09 12:48:37.689 | INFO     | __main__:main:56 - 
================================================================================
2025-11-09 12:48:37.690 | INFO     | __main__:main:57 - SCRAPING COMPLETADO
2025-11-09 12:48:37.690 | INFO     | __main__:main:58 - ================================================================================
